[35m[1mConsolidate compiler generated dependencies of target ant_control_node[0m
[ 50%] [32mBuilding CXX object CMakeFiles/ant_control_node.dir/src/ant_control.cpp.o[0m
In file included from [01m[K/home/danielfreer/ros2_ws/src/AntobotRobot/antobot_control/src/ant_control.cpp:15[m[K:
[01m[K/home/danielfreer/ros2_ws/src/AntobotRobot/antobot_control/include/antobot_control/ant_control.hpp:35:65:[m[K [01;35m[Kwarning: [m[Kextra ‘[01m[K;[m[K’ [[01;35m[K]8;;https://gcc.gnu.org/onlinedocs/gcc/Warning-Options.html#index-Wpedantic-Wpedantic]8;;[m[K]
   35 |   RCLCPP_SHARED_PTR_DEFINITIONS(RRBotSystemPositionOnlyHardware)[01;35m[K;[m[K
      |                                                                 [01;35m[K^[m[K
      |                                                                 [31m[K-[m[K
In file included from [01m[K/opt/ros/humble/include/rclcpp/rclcpp/client.hpp:40[m[K,
                 from [01m[K/opt/ros/humble/include/rclcpp/rclcpp/callback_group.hpp:24[m[K,
                 from [01m[K/opt/ros/humble/include/rclcpp/rclcpp/any_executable.hpp:20[m[K,
                 from [01m[K/opt/ros/humble/include/rclcpp/rclcpp/memory_strategy.hpp:25[m[K,
                 from [01m[K/opt/ros/humble/include/rclcpp/rclcpp/memory_strategies.hpp:18[m[K,
                 from [01m[K/opt/ros/humble/include/rclcpp/rclcpp/executor_options.hpp:20[m[K,
                 from [01m[K/opt/ros/humble/include/rclcpp/rclcpp/executor.hpp:37[m[K,
                 from [01m[K/opt/ros/humble/include/rclcpp/rclcpp/executors/multi_threaded_executor.hpp:25[m[K,
                 from [01m[K/opt/ros/humble/include/rclcpp/rclcpp/executors.hpp:21[m[K,
                 from [01m[K/opt/ros/humble/include/rclcpp/rclcpp/rclcpp.hpp:155[m[K,
                 from [01m[K/home/danielfreer/ros2_ws/src/AntobotRobot/antobot_control/src/ant_control.cpp:27[m[K:
[01m[K/home/danielfreer/ros2_ws/src/AntobotRobot/antobot_control/src/ant_control.cpp:[m[K In member function ‘[01m[Kvirtual hardware_interface::CallbackReturn ros2_control_demo_example_1::RRBotSystemPositionOnlyHardware::on_init(const hardware_interface::HardwareInfo&)[m[K’:
[01m[K/home/danielfreer/ros2_ws/src/AntobotRobot/antobot_control/src/ant_control.cpp:53:9:[m[K [01;31m[Kerror: [m[K‘[01m[Kget_logger[m[K’ was not declared in this scope; did you mean ‘[01m[Krclcpp::get_logger[m[K’?
   53 |         [01;31m[Kget_logger[m[K(), "Joint '%s' has %zu command interfaces found. 1 expected.",
      |         [01;31m[K^~~~~~~~~~[m[K
In file included from [01m[K/opt/ros/humble/include/rclcpp/rclcpp/logging.hpp:23[m[K,
                 from [01m[K/opt/ros/humble/include/rclcpp/rclcpp/client.hpp:40[m[K,
                 from [01m[K/opt/ros/humble/include/rclcpp/rclcpp/callback_group.hpp:24[m[K,
                 from [01m[K/opt/ros/humble/include/rclcpp/rclcpp/any_executable.hpp:20[m[K,
                 from [01m[K/opt/ros/humble/include/rclcpp/rclcpp/memory_strategy.hpp:25[m[K,
                 from [01m[K/opt/ros/humble/include/rclcpp/rclcpp/memory_strategies.hpp:18[m[K,
                 from [01m[K/opt/ros/humble/include/rclcpp/rclcpp/executor_options.hpp:20[m[K,
                 from [01m[K/opt/ros/humble/include/rclcpp/rclcpp/executor.hpp:37[m[K,
                 from [01m[K/opt/ros/humble/include/rclcpp/rclcpp/executors/multi_threaded_executor.hpp:25[m[K,
                 from [01m[K/opt/ros/humble/include/rclcpp/rclcpp/executors.hpp:21[m[K,
                 from [01m[K/opt/ros/humble/include/rclcpp/rclcpp/rclcpp.hpp:155[m[K,
                 from [01m[K/home/danielfreer/ros2_ws/src/AntobotRobot/antobot_control/src/ant_control.cpp:27[m[K:
[01m[K/opt/ros/humble/include/rclcpp/rclcpp/logger.hpp:106:17:[m[K [01;36m[Knote: [m[K‘[01m[Krclcpp::get_logger[m[K’ declared here
  106 |   friend Logger [01;36m[Krclcpp[m[K::get_logger(const std::string & name);
      |                 [01;36m[K^~~~~~[m[K
In file included from [01m[K/opt/ros/humble/include/rclcpp/rclcpp/client.hpp:40[m[K,
                 from [01m[K/opt/ros/humble/include/rclcpp/rclcpp/callback_group.hpp:24[m[K,
                 from [01m[K/opt/ros/humble/include/rclcpp/rclcpp/any_executable.hpp:20[m[K,
                 from [01m[K/opt/ros/humble/include/rclcpp/rclcpp/memory_strategy.hpp:25[m[K,
                 from [01m[K/opt/ros/humble/include/rclcpp/rclcpp/memory_strategies.hpp:18[m[K,
                 from [01m[K/opt/ros/humble/include/rclcpp/rclcpp/executor_options.hpp:20[m[K,
                 from [01m[K/opt/ros/humble/include/rclcpp/rclcpp/executor.hpp:37[m[K,
                 from [01m[K/opt/ros/humble/include/rclcpp/rclcpp/executors/multi_threaded_executor.hpp:25[m[K,
                 from [01m[K/opt/ros/humble/include/rclcpp/rclcpp/executors.hpp:21[m[K,
                 from [01m[K/opt/ros/humble/include/rclcpp/rclcpp/rclcpp.hpp:155[m[K,
                 from [01m[K/home/danielfreer/ros2_ws/src/AntobotRobot/antobot_control/src/ant_control.cpp:27[m[K:
[01m[K/home/danielfreer/ros2_ws/src/AntobotRobot/antobot_control/src/ant_control.cpp:52:7:[m[K [01;31m[Kerror: [m[Ktemplate argument 1 is invalid
   52 |       [01;31m[KRCLCPP_FATAL[m[K(
      |       [01;31m[K^~~~~~~~~~~~[m[K
[01m[K/home/danielfreer/ros2_ws/src/AntobotRobot/antobot_control/src/ant_control.cpp:52:7:[m[K [01;31m[Kerror: [m[Ktemplate argument 1 is invalid
   52 |       [01;31m[KRCLCPP_FATAL[m[K(
      |       [01;31m[K^~~~~~~~~~~~[m[K
[01m[K/home/danielfreer/ros2_ws/src/AntobotRobot/antobot_control/src/ant_control.cpp:52:7:[m[K [01;31m[Kerror: [m[Ktemplate argument 1 is invalid
   52 |       [01;31m[KRCLCPP_FATAL[m[K(
      |       [01;31m[K^~~~~~~~~~~~[m[K
[01m[K/home/danielfreer/ros2_ws/src/AntobotRobot/antobot_control/src/ant_control.cpp:61:9:[m[K [01;31m[Kerror: [m[K‘[01m[Kget_logger[m[K’ was not declared in this scope; did you mean ‘[01m[Krclcpp::get_logger[m[K’?
   61 |         [01;31m[Kget_logger[m[K(), "Joint '%s' have %s command interfaces found. '%s' expected.",
      |         [01;31m[K^~~~~~~~~~[m[K
In file included from [01m[K/opt/ros/humble/include/rclcpp/rclcpp/logging.hpp:23[m[K,
                 from [01m[K/opt/ros/humble/include/rclcpp/rclcpp/client.hpp:40[m[K,
                 from [01m[K/opt/ros/humble/include/rclcpp/rclcpp/callback_group.hpp:24[m[K,
                 from [01m[K/opt/ros/humble/include/rclcpp/rclcpp/any_executable.hpp:20[m[K,
                 from [01m[K/opt/ros/humble/include/rclcpp/rclcpp/memory_strategy.hpp:25[m[K,
                 from [01m[K/opt/ros/humble/include/rclcpp/rclcpp/memory_strategies.hpp:18[m[K,
                 from [01m[K/opt/ros/humble/include/rclcpp/rclcpp/executor_options.hpp:20[m[K,
                 from [01m[K/opt/ros/humble/include/rclcpp/rclcpp/executor.hpp:37[m[K,
                 from [01m[K/opt/ros/humble/include/rclcpp/rclcpp/executors/multi_threaded_executor.hpp:25[m[K,
                 from [01m[K/opt/ros/humble/include/rclcpp/rclcpp/executors.hpp:21[m[K,
                 from [01m[K/opt/ros/humble/include/rclcpp/rclcpp/rclcpp.hpp:155[m[K,
                 from [01m[K/home/danielfreer/ros2_ws/src/AntobotRobot/antobot_control/src/ant_control.cpp:27[m[K:
[01m[K/opt/ros/humble/include/rclcpp/rclcpp/logger.hpp:106:17:[m[K [01;36m[Knote: [m[K‘[01m[Krclcpp::get_logger[m[K’ declared here
  106 |   friend Logger [01;36m[Krclcpp[m[K::get_logger(const std::string & name);
      |                 [01;36m[K^~~~~~[m[K
In file included from [01m[K/opt/ros/humble/include/rclcpp/rclcpp/client.hpp:40[m[K,
                 from [01m[K/opt/ros/humble/include/rclcpp/rclcpp/callback_group.hpp:24[m[K,
                 from [01m[K/opt/ros/humble/include/rclcpp/rclcpp/any_executable.hpp:20[m[K,
                 from [01m[K/opt/ros/humble/include/rclcpp/rclcpp/memory_strategy.hpp:25[m[K,
                 from [01m[K/opt/ros/humble/include/rclcpp/rclcpp/memory_strategies.hpp:18[m[K,
                 from [01m[K/opt/ros/humble/include/rclcpp/rclcpp/executor_options.hpp:20[m[K,
                 from [01m[K/opt/ros/humble/include/rclcpp/rclcpp/executor.hpp:37[m[K,
                 from [01m[K/opt/ros/humble/include/rclcpp/rclcpp/executors/multi_threaded_executor.hpp:25[m[K,
                 from [01m[K/opt/ros/humble/include/rclcpp/rclcpp/executors.hpp:21[m[K,
                 from [01m[K/opt/ros/humble/include/rclcpp/rclcpp/rclcpp.hpp:155[m[K,
                 from [01m[K/home/danielfreer/ros2_ws/src/AntobotRobot/antobot_control/src/ant_control.cpp:27[m[K:
[01m[K/home/danielfreer/ros2_ws/src/AntobotRobot/antobot_control/src/ant_control.cpp:60:7:[m[K [01;31m[Kerror: [m[Ktemplate argument 1 is invalid
   60 |       [01;31m[KRCLCPP_FATAL[m[K(
      |       [01;31m[K^~~~~~~~~~~~[m[K
[01m[K/home/danielfreer/ros2_ws/src/AntobotRobot/antobot_control/src/ant_control.cpp:60:7:[m[K [01;31m[Kerror: [m[Ktemplate argument 1 is invalid
   60 |       [01;31m[KRCLCPP_FATAL[m[K(
      |       [01;31m[K^~~~~~~~~~~~[m[K
[01m[K/home/danielfreer/ros2_ws/src/AntobotRobot/antobot_control/src/ant_control.cpp:60:7:[m[K [01;31m[Kerror: [m[Ktemplate argument 1 is invalid
   60 |       [01;31m[KRCLCPP_FATAL[m[K(
      |       [01;31m[K^~~~~~~~~~~~[m[K
[01m[K/home/danielfreer/ros2_ws/src/AntobotRobot/antobot_control/src/ant_control.cpp:70:9:[m[K [01;31m[Kerror: [m[K‘[01m[Kget_logger[m[K’ was not declared in this scope; did you mean ‘[01m[Krclcpp::get_logger[m[K’?
   70 |         [01;31m[Kget_logger[m[K(), "Joint '%s' has %zu state interface. 1 expected.", joint.name.c_str(),
      |         [01;31m[K^~~~~~~~~~[m[K
In file included from [01m[K/opt/ros/humble/include/rclcpp/rclcpp/logging.hpp:23[m[K,
                 from [01m[K/opt/ros/humble/include/rclcpp/rclcpp/client.hpp:40[m[K,
                 from [01m[K/opt/ros/humble/include/rclcpp/rclcpp/callback_group.hpp:24[m[K,
                 from [01m[K/opt/ros/humble/include/rclcpp/rclcpp/any_executable.hpp:20[m[K,
                 from [01m[K/opt/ros/humble/include/rclcpp/rclcpp/memory_strategy.hpp:25[m[K,
                 from [01m[K/opt/ros/humble/include/rclcpp/rclcpp/memory_strategies.hpp:18[m[K,
                 from [01m[K/opt/ros/humble/include/rclcpp/rclcpp/executor_options.hpp:20[m[K,
                 from [01m[K/opt/ros/humble/include/rclcpp/rclcpp/executor.hpp:37[m[K,
                 from [01m[K/opt/ros/humble/include/rclcpp/rclcpp/executors/multi_threaded_executor.hpp:25[m[K,
                 from [01m[K/opt/ros/humble/include/rclcpp/rclcpp/executors.hpp:21[m[K,
                 from [01m[K/opt/ros/humble/include/rclcpp/rclcpp/rclcpp.hpp:155[m[K,
                 from [01m[K/home/danielfreer/ros2_ws/src/AntobotRobot/antobot_control/src/ant_control.cpp:27[m[K:
[01m[K/opt/ros/humble/include/rclcpp/rclcpp/logger.hpp:106:17:[m[K [01;36m[Knote: [m[K‘[01m[Krclcpp::get_logger[m[K’ declared here
  106 |   friend Logger [01;36m[Krclcpp[m[K::get_logger(const std::string & name);
      |                 [01;36m[K^~~~~~[m[K
In file included from [01m[K/opt/ros/humble/include/rclcpp/rclcpp/client.hpp:40[m[K,
                 from [01m[K/opt/ros/humble/include/rclcpp/rclcpp/callback_group.hpp:24[m[K,
                 from [01m[K/opt/ros/humble/include/rclcpp/rclcpp/any_executable.hpp:20[m[K,
                 from [01m[K/opt/ros/humble/include/rclcpp/rclcpp/memory_strategy.hpp:25[m[K,
                 from [01m[K/opt/ros/humble/include/rclcpp/rclcpp/memory_strategies.hpp:18[m[K,
                 from [01m[K/opt/ros/humble/include/rclcpp/rclcpp/executor_options.hpp:20[m[K,
                 from [01m[K/opt/ros/humble/include/rclcpp/rclcpp/executor.hpp:37[m[K,
                 from [01m[K/opt/ros/humble/include/rclcpp/rclcpp/executors/multi_threaded_executor.hpp:25[m[K,
                 from [01m[K/opt/ros/humble/include/rclcpp/rclcpp/executors.hpp:21[m[K,
                 from [01m[K/opt/ros/humble/include/rclcpp/rclcpp/rclcpp.hpp:155[m[K,
                 from [01m[K/home/danielfreer/ros2_ws/src/AntobotRobot/antobot_control/src/ant_control.cpp:27[m[K:
[01m[K/home/danielfreer/ros2_ws/src/AntobotRobot/antobot_control/src/ant_control.cpp:69:7:[m[K [01;31m[Kerror: [m[Ktemplate argument 1 is invalid
   69 |       [01;31m[KRCLCPP_FATAL[m[K(
      |       [01;31m[K^~~~~~~~~~~~[m[K
[01m[K/home/danielfreer/ros2_ws/src/AntobotRobot/antobot_control/src/ant_control.cpp:69:7:[m[K [01;31m[Kerror: [m[Ktemplate argument 1 is invalid
   69 |       [01;31m[KRCLCPP_FATAL[m[K(
      |       [01;31m[K^~~~~~~~~~~~[m[K
[01m[K/home/danielfreer/ros2_ws/src/AntobotRobot/antobot_control/src/ant_control.cpp:69:7:[m[K [01;31m[Kerror: [m[Ktemplate argument 1 is invalid
   69 |       [01;31m[KRCLCPP_FATAL[m[K(
      |       [01;31m[K^~~~~~~~~~~~[m[K
[01m[K/home/danielfreer/ros2_ws/src/AntobotRobot/antobot_control/src/ant_control.cpp:78:9:[m[K [01;31m[Kerror: [m[K‘[01m[Kget_logger[m[K’ was not declared in this scope; did you mean ‘[01m[Krclcpp::get_logger[m[K’?
   78 |         [01;31m[Kget_logger[m[K(), "Joint '%s' have %s state interface. '%s' expected.", joint.name.c_str(),
      |         [01;31m[K^~~~~~~~~~[m[K
In file included from [01m[K/opt/ros/humble/include/rclcpp/rclcpp/logging.hpp:23[m[K,
                 from [01m[K/opt/ros/humble/include/rclcpp/rclcpp/client.hpp:40[m[K,
                 from [01m[K/opt/ros/humble/include/rclcpp/rclcpp/callback_group.hpp:24[m[K,
                 from [01m[K/opt/ros/humble/include/rclcpp/rclcpp/any_executable.hpp:20[m[K,
                 from [01m[K/opt/ros/humble/include/rclcpp/rclcpp/memory_strategy.hpp:25[m[K,
                 from [01m[K/opt/ros/humble/include/rclcpp/rclcpp/memory_strategies.hpp:18[m[K,
                 from [01m[K/opt/ros/humble/include/rclcpp/rclcpp/executor_options.hpp:20[m[K,
                 from [01m[K/opt/ros/humble/include/rclcpp/rclcpp/executor.hpp:37[m[K,
                 from [01m[K/opt/ros/humble/include/rclcpp/rclcpp/executors/multi_threaded_executor.hpp:25[m[K,
                 from [01m[K/opt/ros/humble/include/rclcpp/rclcpp/executors.hpp:21[m[K,
                 from [01m[K/opt/ros/humble/include/rclcpp/rclcpp/rclcpp.hpp:155[m[K,
                 from [01m[K/home/danielfreer/ros2_ws/src/AntobotRobot/antobot_control/src/ant_control.cpp:27[m[K:
[01m[K/opt/ros/humble/include/rclcpp/rclcpp/logger.hpp:106:17:[m[K [01;36m[Knote: [m[K‘[01m[Krclcpp::get_logger[m[K’ declared here
  106 |   friend Logger [01;36m[Krclcpp[m[K::get_logger(const std::string & name);
      |                 [01;36m[K^~~~~~[m[K
In file included from [01m[K/opt/ros/humble/include/rclcpp/rclcpp/client.hpp:40[m[K,
                 from [01m[K/opt/ros/humble/include/rclcpp/rclcpp/callback_group.hpp:24[m[K,
                 from [01m[K/opt/ros/humble/include/rclcpp/rclcpp/any_executable.hpp:20[m[K,
                 from [01m[K/opt/ros/humble/include/rclcpp/rclcpp/memory_strategy.hpp:25[m[K,
                 from [01m[K/opt/ros/humble/include/rclcpp/rclcpp/memory_strategies.hpp:18[m[K,
                 from [01m[K/opt/ros/humble/include/rclcpp/rclcpp/executor_options.hpp:20[m[K,
                 from [01m[K/opt/ros/humble/include/rclcpp/rclcpp/executor.hpp:37[m[K,
                 from [01m[K/opt/ros/humble/include/rclcpp/rclcpp/executors/multi_threaded_executor.hpp:25[m[K,
                 from [01m[K/opt/ros/humble/include/rclcpp/rclcpp/executors.hpp:21[m[K,
                 from [01m[K/opt/ros/humble/include/rclcpp/rclcpp/rclcpp.hpp:155[m[K,
                 from [01m[K/home/danielfreer/ros2_ws/src/AntobotRobot/antobot_control/src/ant_control.cpp:27[m[K:
[01m[K/home/danielfreer/ros2_ws/src/AntobotRobot/antobot_control/src/ant_control.cpp:77:7:[m[K [01;31m[Kerror: [m[Ktemplate argument 1 is invalid
   77 |       [01;31m[KRCLCPP_FATAL[m[K(
      |       [01;31m[K^~~~~~~~~~~~[m[K
[01m[K/home/danielfreer/ros2_ws/src/AntobotRobot/antobot_control/src/ant_control.cpp:77:7:[m[K [01;31m[Kerror: [m[Ktemplate argument 1 is invalid
   77 |       [01;31m[KRCLCPP_FATAL[m[K(
      |       [01;31m[K^~~~~~~~~~~~[m[K
[01m[K/home/danielfreer/ros2_ws/src/AntobotRobot/antobot_control/src/ant_control.cpp:77:7:[m[K [01;31m[Kerror: [m[Ktemplate argument 1 is invalid
   77 |       [01;31m[KRCLCPP_FATAL[m[K(
      |       [01;31m[K^~~~~~~~~~~~[m[K
[01m[K/home/danielfreer/ros2_ws/src/AntobotRobot/antobot_control/src/ant_control.cpp:[m[K In member function ‘[01m[Kvirtual hardware_interface::CallbackReturn ros2_control_demo_example_1::RRBotSystemPositionOnlyHardware::on_configure(const rclcpp_lifecycle::State&)[m[K’:
[01m[K/home/danielfreer/ros2_ws/src/AntobotRobot/antobot_control/src/ant_control.cpp:91:15:[m[K [01;31m[Kerror: [m[K‘[01m[Kget_logger[m[K’ was not declared in this scope; did you mean ‘[01m[Krclcpp::get_logger[m[K’?
   91 |   RCLCPP_INFO([01;31m[Kget_logger[m[K(), "Configuring ...please wait...");
      |               [01;31m[K^~~~~~~~~~[m[K
In file included from [01m[K/opt/ros/humble/include/rclcpp/rclcpp/logging.hpp:23[m[K,
                 from [01m[K/opt/ros/humble/include/rclcpp/rclcpp/client.hpp:40[m[K,
                 from [01m[K/opt/ros/humble/include/rclcpp/rclcpp/callback_group.hpp:24[m[K,
                 from [01m[K/opt/ros/humble/include/rclcpp/rclcpp/any_executable.hpp:20[m[K,
                 from [01m[K/opt/ros/humble/include/rclcpp/rclcpp/memory_strategy.hpp:25[m[K,
                 from [01m[K/opt/ros/humble/include/rclcpp/rclcpp/memory_strategies.hpp:18[m[K,
                 from [01m[K/opt/ros/humble/include/rclcpp/rclcpp/executor_options.hpp:20[m[K,
                 from [01m[K/opt/ros/humble/include/rclcpp/rclcpp/executor.hpp:37[m[K,
                 from [01m[K/opt/ros/humble/include/rclcpp/rclcpp/executors/multi_threaded_executor.hpp:25[m[K,
                 from [01m[K/opt/ros/humble/include/rclcpp/rclcpp/executors.hpp:21[m[K,
                 from [01m[K/opt/ros/humble/include/rclcpp/rclcpp/rclcpp.hpp:155[m[K,
                 from [01m[K/home/danielfreer/ros2_ws/src/AntobotRobot/antobot_control/src/ant_control.cpp:27[m[K:
[01m[K/opt/ros/humble/include/rclcpp/rclcpp/logger.hpp:106:17:[m[K [01;36m[Knote: [m[K‘[01m[Krclcpp::get_logger[m[K’ declared here
  106 |   friend Logger [01;36m[Krclcpp[m[K::get_logger(const std::string & name);
      |                 [01;36m[K^~~~~~[m[K
In file included from [01m[K/opt/ros/humble/include/rclcpp/rclcpp/client.hpp:40[m[K,
                 from [01m[K/opt/ros/humble/include/rclcpp/rclcpp/callback_group.hpp:24[m[K,
                 from [01m[K/opt/ros/humble/include/rclcpp/rclcpp/any_executable.hpp:20[m[K,
                 from [01m[K/opt/ros/humble/include/rclcpp/rclcpp/memory_strategy.hpp:25[m[K,
                 from [01m[K/opt/ros/humble/include/rclcpp/rclcpp/memory_strategies.hpp:18[m[K,
                 from [01m[K/opt/ros/humble/include/rclcpp/rclcpp/executor_options.hpp:20[m[K,
                 from [01m[K/opt/ros/humble/include/rclcpp/rclcpp/executor.hpp:37[m[K,
                 from [01m[K/opt/ros/humble/include/rclcpp/rclcpp/executors/multi_threaded_executor.hpp:25[m[K,
                 from [01m[K/opt/ros/humble/include/rclcpp/rclcpp/executors.hpp:21[m[K,
                 from [01m[K/opt/ros/humble/include/rclcpp/rclcpp/rclcpp.hpp:155[m[K,
                 from [01m[K/home/danielfreer/ros2_ws/src/AntobotRobot/antobot_control/src/ant_control.cpp:27[m[K:
[01m[K/home/danielfreer/ros2_ws/src/AntobotRobot/antobot_control/src/ant_control.cpp:91:3:[m[K [01;31m[Kerror: [m[Ktemplate argument 1 is invalid
   91 |   [01;31m[KRCLCPP_INFO[m[K(get_logger(), "Configuring ...please wait...");
      |   [01;31m[K^~~~~~~~~~~[m[K
[01m[K/home/danielfreer/ros2_ws/src/AntobotRobot/antobot_control/src/ant_control.cpp:91:3:[m[K [01;31m[Kerror: [m[Ktemplate argument 1 is invalid
   91 |   [01;31m[KRCLCPP_INFO[m[K(get_logger(), "Configuring ...please wait...");
      |   [01;31m[K^~~~~~~~~~~[m[K
[01m[K/home/danielfreer/ros2_ws/src/AntobotRobot/antobot_control/src/ant_control.cpp:91:3:[m[K [01;31m[Kerror: [m[Ktemplate argument 1 is invalid
   91 |   [01;31m[KRCLCPP_INFO[m[K(get_logger(), "Configuring ...please wait...");
      |   [01;31m[K^~~~~~~~~~~[m[K
[01m[K/home/danielfreer/ros2_ws/src/AntobotRobot/antobot_control/src/ant_control.cpp:96:17:[m[K [01;31m[Kerror: [m[K‘[01m[Kget_logger[m[K’ was not declared in this scope; did you mean ‘[01m[Krclcpp::get_logger[m[K’?
   96 |     RCLCPP_INFO([01;31m[Kget_logger[m[K(), "%.1f seconds left...", hw_start_sec_ - i);
      |                 [01;31m[K^~~~~~~~~~[m[K
In file included from [01m[K/opt/ros/humble/include/rclcpp/rclcpp/logging.hpp:23[m[K,
                 from [01m[K/opt/ros/humble/include/rclcpp/rclcpp/client.hpp:40[m[K,
                 from [01m[K/opt/ros/humble/include/rclcpp/rclcpp/callback_group.hpp:24[m[K,
                 from [01m[K/opt/ros/humble/include/rclcpp/rclcpp/any_executable.hpp:20[m[K,
                 from [01m[K/opt/ros/humble/include/rclcpp/rclcpp/memory_strategy.hpp:25[m[K,
                 from [01m[K/opt/ros/humble/include/rclcpp/rclcpp/memory_strategies.hpp:18[m[K,
                 from [01m[K/opt/ros/humble/include/rclcpp/rclcpp/executor_options.hpp:20[m[K,
                 from [01m[K/opt/ros/humble/include/rclcpp/rclcpp/executor.hpp:37[m[K,
                 from [01m[K/opt/ros/humble/include/rclcpp/rclcpp/executors/multi_threaded_executor.hpp:25[m[K,
                 from [01m[K/opt/ros/humble/include/rclcpp/rclcpp/executors.hpp:21[m[K,
                 from [01m[K/opt/ros/humble/include/rclcpp/rclcpp/rclcpp.hpp:155[m[K,
                 from [01m[K/home/danielfreer/ros2_ws/src/AntobotRobot/antobot_control/src/ant_control.cpp:27[m[K:
[01m[K/opt/ros/humble/include/rclcpp/rclcpp/logger.hpp:106:17:[m[K [01;36m[Knote: [m[K‘[01m[Krclcpp::get_logger[m[K’ declared here
  106 |   friend Logger [01;36m[Krclcpp[m[K::get_logger(const std::string & name);
      |                 [01;36m[K^~~~~~[m[K
In file included from [01m[K/opt/ros/humble/include/rclcpp/rclcpp/client.hpp:40[m[K,
                 from [01m[K/opt/ros/humble/include/rclcpp/rclcpp/callback_group.hpp:24[m[K,
                 from [01m[K/opt/ros/humble/include/rclcpp/rclcpp/any_executable.hpp:20[m[K,
                 from [01m[K/opt/ros/humble/include/rclcpp/rclcpp/memory_strategy.hpp:25[m[K,
                 from [01m[K/opt/ros/humble/include/rclcpp/rclcpp/memory_strategies.hpp:18[m[K,
                 from [01m[K/opt/ros/humble/include/rclcpp/rclcpp/executor_options.hpp:20[m[K,
                 from [01m[K/opt/ros/humble/include/rclcpp/rclcpp/executor.hpp:37[m[K,
                 from [01m[K/opt/ros/humble/include/rclcpp/rclcpp/executors/multi_threaded_executor.hpp:25[m[K,
                 from [01m[K/opt/ros/humble/include/rclcpp/rclcpp/executors.hpp:21[m[K,
                 from [01m[K/opt/ros/humble/include/rclcpp/rclcpp/rclcpp.hpp:155[m[K,
                 from [01m[K/home/danielfreer/ros2_ws/src/AntobotRobot/antobot_control/src/ant_control.cpp:27[m[K:
[01m[K/home/danielfreer/ros2_ws/src/AntobotRobot/antobot_control/src/ant_control.cpp:96:5:[m[K [01;31m[Kerror: [m[Ktemplate argument 1 is invalid
   96 |     [01;31m[KRCLCPP_INFO[m[K(get_logger(), "%.1f seconds left...", hw_start_sec_ - i);
      |     [01;31m[K^~~~~~~~~~~[m[K
[01m[K/home/danielfreer/ros2_ws/src/AntobotRobot/antobot_control/src/ant_control.cpp:96:5:[m[K [01;31m[Kerror: [m[Ktemplate argument 1 is invalid
   96 |     [01;31m[KRCLCPP_INFO[m[K(get_logger(), "%.1f seconds left...", hw_start_sec_ - i);
      |     [01;31m[K^~~~~~~~~~~[m[K
[01m[K/home/danielfreer/ros2_ws/src/AntobotRobot/antobot_control/src/ant_control.cpp:96:5:[m[K [01;31m[Kerror: [m[Ktemplate argument 1 is invalid
   96 |     [01;31m[KRCLCPP_INFO[m[K(get_logger(), "%.1f seconds left...", hw_start_sec_ - i);
      |     [01;31m[K^~~~~~~~~~~[m[K
[01m[K/home/danielfreer/ros2_ws/src/AntobotRobot/antobot_control/src/ant_control.cpp:101:37:[m[K [01;31m[Kerror: [m[K‘[01m[Kjoint_state_interfaces_[m[K’ was not declared in this scope; did you mean ‘[01m[Kexport_state_interfaces[m[K’?
  101 |   for (const auto & [name, descr] : [01;31m[Kjoint_state_interfaces_[m[K)
      |                                     [01;31m[K^~~~~~~~~~~~~~~~~~~~~~~[m[K
      |                                     [32m[Kexport_state_interfaces[m[K
[01m[K/home/danielfreer/ros2_ws/src/AntobotRobot/antobot_control/src/ant_control.cpp:105:37:[m[K [01;31m[Kerror: [m[K‘[01m[Kjoint_command_interfaces_[m[K’ was not declared in this scope; did you mean ‘[01m[Kexport_command_interfaces[m[K’?
  105 |   for (const auto & [name, descr] : [01;31m[Kjoint_command_interfaces_[m[K)
      |                                     [01;31m[K^~~~~~~~~~~~~~~~~~~~~~~~~[m[K
      |                                     [32m[Kexport_command_interfaces[m[K
[01m[K/home/danielfreer/ros2_ws/src/AntobotRobot/antobot_control/src/ant_control.cpp:107:5:[m[K [01;31m[Kerror: [m[K‘[01m[Kset_command[m[K’ was not declared in this scope
  107 |     [01;31m[Kset_command[m[K(name, 0.0);
      |     [01;31m[K^~~~~~~~~~~[m[K
In file included from [01m[K/opt/ros/humble/include/rclcpp/rclcpp/client.hpp:40[m[K,
                 from [01m[K/opt/ros/humble/include/rclcpp/rclcpp/callback_group.hpp:24[m[K,
                 from [01m[K/opt/ros/humble/include/rclcpp/rclcpp/any_executable.hpp:20[m[K,
                 from [01m[K/opt/ros/humble/include/rclcpp/rclcpp/memory_strategy.hpp:25[m[K,
                 from [01m[K/opt/ros/humble/include/rclcpp/rclcpp/memory_strategies.hpp:18[m[K,
                 from [01m[K/opt/ros/humble/include/rclcpp/rclcpp/executor_options.hpp:20[m[K,
                 from [01m[K/opt/ros/humble/include/rclcpp/rclcpp/executor.hpp:37[m[K,
                 from [01m[K/opt/ros/humble/include/rclcpp/rclcpp/executors/multi_threaded_executor.hpp:25[m[K,
                 from [01m[K/opt/ros/humble/include/rclcpp/rclcpp/executors.hpp:21[m[K,
                 from [01m[K/opt/ros/humble/include/rclcpp/rclcpp/rclcpp.hpp:155[m[K,
                 from [01m[K/home/danielfreer/ros2_ws/src/AntobotRobot/antobot_control/src/ant_control.cpp:27[m[K:
[01m[K/home/danielfreer/ros2_ws/src/AntobotRobot/antobot_control/src/ant_control.cpp:109:15:[m[K [01;31m[Kerror: [m[K‘[01m[Kget_logger[m[K’ was not declared in this scope; did you mean ‘[01m[Krclcpp::get_logger[m[K’?
  109 |   RCLCPP_INFO([01;31m[Kget_logger[m[K(), "Successfully configured!");
      |               [01;31m[K^~~~~~~~~~[m[K
In file included from [01m[K/opt/ros/humble/include/rclcpp/rclcpp/logging.hpp:23[m[K,
                 from [01m[K/opt/ros/humble/include/rclcpp/rclcpp/client.hpp:40[m[K,
                 from [01m[K/opt/ros/humble/include/rclcpp/rclcpp/callback_group.hpp:24[m[K,
                 from [01m[K/opt/ros/humble/include/rclcpp/rclcpp/any_executable.hpp:20[m[K,
                 from [01m[K/opt/ros/humble/include/rclcpp/rclcpp/memory_strategy.hpp:25[m[K,
                 from [01m[K/opt/ros/humble/include/rclcpp/rclcpp/memory_strategies.hpp:18[m[K,
                 from [01m[K/opt/ros/humble/include/rclcpp/rclcpp/executor_options.hpp:20[m[K,
                 from [01m[K/opt/ros/humble/include/rclcpp/rclcpp/executor.hpp:37[m[K,
                 from [01m[K/opt/ros/humble/include/rclcpp/rclcpp/executors/multi_threaded_executor.hpp:25[m[K,
                 from [01m[K/opt/ros/humble/include/rclcpp/rclcpp/executors.hpp:21[m[K,
                 from [01m[K/opt/ros/humble/include/rclcpp/rclcpp/rclcpp.hpp:155[m[K,
                 from [01m[K/home/danielfreer/ros2_ws/src/AntobotRobot/antobot_control/src/ant_control.cpp:27[m[K:
[01m[K/opt/ros/humble/include/rclcpp/rclcpp/logger.hpp:106:17:[m[K [01;36m[Knote: [m[K‘[01m[Krclcpp::get_logger[m[K’ declared here
  106 |   friend Logger [01;36m[Krclcpp[m[K::get_logger(const std::string & name);
      |                 [01;36m[K^~~~~~[m[K
In file included from [01m[K/opt/ros/humble/include/rclcpp/rclcpp/client.hpp:40[m[K,
                 from [01m[K/opt/ros/humble/include/rclcpp/rclcpp/callback_group.hpp:24[m[K,
                 from [01m[K/opt/ros/humble/include/rclcpp/rclcpp/any_executable.hpp:20[m[K,
                 from [01m[K/opt/ros/humble/include/rclcpp/rclcpp/memory_strategy.hpp:25[m[K,
                 from [01m[K/opt/ros/humble/include/rclcpp/rclcpp/memory_strategies.hpp:18[m[K,
                 from [01m[K/opt/ros/humble/include/rclcpp/rclcpp/executor_options.hpp:20[m[K,
                 from [01m[K/opt/ros/humble/include/rclcpp/rclcpp/executor.hpp:37[m[K,
                 from [01m[K/opt/ros/humble/include/rclcpp/rclcpp/executors/multi_threaded_executor.hpp:25[m[K,
                 from [01m[K/opt/ros/humble/include/rclcpp/rclcpp/executors.hpp:21[m[K,
                 from [01m[K/opt/ros/humble/include/rclcpp/rclcpp/rclcpp.hpp:155[m[K,
                 from [01m[K/home/danielfreer/ros2_ws/src/AntobotRobot/antobot_control/src/ant_control.cpp:27[m[K:
[01m[K/home/danielfreer/ros2_ws/src/AntobotRobot/antobot_control/src/ant_control.cpp:109:3:[m[K [01;31m[Kerror: [m[Ktemplate argument 1 is invalid
  109 |   [01;31m[KRCLCPP_INFO[m[K(get_logger(), "Successfully configured!");
      |   [01;31m[K^~~~~~~~~~~[m[K
[01m[K/home/danielfreer/ros2_ws/src/AntobotRobot/antobot_control/src/ant_control.cpp:109:3:[m[K [01;31m[Kerror: [m[Ktemplate argument 1 is invalid
  109 |   [01;31m[KRCLCPP_INFO[m[K(get_logger(), "Successfully configured!");
      |   [01;31m[K^~~~~~~~~~~[m[K
[01m[K/home/danielfreer/ros2_ws/src/AntobotRobot/antobot_control/src/ant_control.cpp:109:3:[m[K [01;31m[Kerror: [m[Ktemplate argument 1 is invalid
  109 |   [01;31m[KRCLCPP_INFO[m[K(get_logger(), "Successfully configured!");
      |   [01;31m[K^~~~~~~~~~~[m[K
[01m[K/home/danielfreer/ros2_ws/src/AntobotRobot/antobot_control/src/ant_control.cpp:[m[K In member function ‘[01m[Kvirtual hardware_interface::CallbackReturn ros2_control_demo_example_1::RRBotSystemPositionOnlyHardware::on_activate(const rclcpp_lifecycle::State&)[m[K’:
[01m[K/home/danielfreer/ros2_ws/src/AntobotRobot/antobot_control/src/ant_control.cpp:118:15:[m[K [01;31m[Kerror: [m[K‘[01m[Kget_logger[m[K’ was not declared in this scope; did you mean ‘[01m[Krclcpp::get_logger[m[K’?
  118 |   RCLCPP_INFO([01;31m[Kget_logger[m[K(), "Activating ...please wait...");
      |               [01;31m[K^~~~~~~~~~[m[K
In file included from [01m[K/opt/ros/humble/include/rclcpp/rclcpp/logging.hpp:23[m[K,
                 from [01m[K/opt/ros/humble/include/rclcpp/rclcpp/client.hpp:40[m[K,
                 from [01m[K/opt/ros/humble/include/rclcpp/rclcpp/callback_group.hpp:24[m[K,
                 from [01m[K/opt/ros/humble/include/rclcpp/rclcpp/any_executable.hpp:20[m[K,
                 from [01m[K/opt/ros/humble/include/rclcpp/rclcpp/memory_strategy.hpp:25[m[K,
                 from [01m[K/opt/ros/humble/include/rclcpp/rclcpp/memory_strategies.hpp:18[m[K,
                 from [01m[K/opt/ros/humble/include/rclcpp/rclcpp/executor_options.hpp:20[m[K,
                 from [01m[K/opt/ros/humble/include/rclcpp/rclcpp/executor.hpp:37[m[K,
                 from [01m[K/opt/ros/humble/include/rclcpp/rclcpp/executors/multi_threaded_executor.hpp:25[m[K,
                 from [01m[K/opt/ros/humble/include/rclcpp/rclcpp/executors.hpp:21[m[K,
                 from [01m[K/opt/ros/humble/include/rclcpp/rclcpp/rclcpp.hpp:155[m[K,
                 from [01m[K/home/danielfreer/ros2_ws/src/AntobotRobot/antobot_control/src/ant_control.cpp:27[m[K:
[01m[K/opt/ros/humble/include/rclcpp/rclcpp/logger.hpp:106:17:[m[K [01;36m[Knote: [m[K‘[01m[Krclcpp::get_logger[m[K’ declared here
  106 |   friend Logger [01;36m[Krclcpp[m[K::get_logger(const std::string & name);
      |                 [01;36m[K^~~~~~[m[K
In file included from [01m[K/opt/ros/humble/include/rclcpp/rclcpp/client.hpp:40[m[K,
                 from [01m[K/opt/ros/humble/include/rclcpp/rclcpp/callback_group.hpp:24[m[K,
                 from [01m[K/opt/ros/humble/include/rclcpp/rclcpp/any_executable.hpp:20[m[K,
                 from [01m[K/opt/ros/humble/include/rclcpp/rclcpp/memory_strategy.hpp:25[m[K,
                 from [01m[K/opt/ros/humble/include/rclcpp/rclcpp/memory_strategies.hpp:18[m[K,
                 from [01m[K/opt/ros/humble/include/rclcpp/rclcpp/executor_options.hpp:20[m[K,
                 from [01m[K/opt/ros/humble/include/rclcpp/rclcpp/executor.hpp:37[m[K,
                 from [01m[K/opt/ros/humble/include/rclcpp/rclcpp/executors/multi_threaded_executor.hpp:25[m[K,
                 from [01m[K/opt/ros/humble/include/rclcpp/rclcpp/executors.hpp:21[m[K,
                 from [01m[K/opt/ros/humble/include/rclcpp/rclcpp/rclcpp.hpp:155[m[K,
                 from [01m[K/home/danielfreer/ros2_ws/src/AntobotRobot/antobot_control/src/ant_control.cpp:27[m[K:
[01m[K/home/danielfreer/ros2_ws/src/AntobotRobot/antobot_control/src/ant_control.cpp:118:3:[m[K [01;31m[Kerror: [m[Ktemplate argument 1 is invalid
  118 |   [01;31m[KRCLCPP_INFO[m[K(get_logger(), "Activating ...please wait...");
      |   [01;31m[K^~~~~~~~~~~[m[K
[01m[K/home/danielfreer/ros2_ws/src/AntobotRobot/antobot_control/src/ant_control.cpp:118:3:[m[K [01;31m[Kerror: [m[Ktemplate argument 1 is invalid
  118 |   [01;31m[KRCLCPP_INFO[m[K(get_logger(), "Activating ...please wait...");
      |   [01;31m[K^~~~~~~~~~~[m[K
[01m[K/home/danielfreer/ros2_ws/src/AntobotRobot/antobot_control/src/ant_control.cpp:118:3:[m[K [01;31m[Kerror: [m[Ktemplate argument 1 is invalid
  118 |   [01;31m[KRCLCPP_INFO[m[K(get_logger(), "Activating ...please wait...");
      |   [01;31m[K^~~~~~~~~~~[m[K
[01m[K/home/danielfreer/ros2_ws/src/AntobotRobot/antobot_control/src/ant_control.cpp:123:17:[m[K [01;31m[Kerror: [m[K‘[01m[Kget_logger[m[K’ was not declared in this scope; did you mean ‘[01m[Krclcpp::get_logger[m[K’?
  123 |     RCLCPP_INFO([01;31m[Kget_logger[m[K(), "%.1f seconds left...", hw_start_sec_ - i);
      |                 [01;31m[K^~~~~~~~~~[m[K
In file included from [01m[K/opt/ros/humble/include/rclcpp/rclcpp/logging.hpp:23[m[K,
                 from [01m[K/opt/ros/humble/include/rclcpp/rclcpp/client.hpp:40[m[K,
                 from [01m[K/opt/ros/humble/include/rclcpp/rclcpp/callback_group.hpp:24[m[K,
                 from [01m[K/opt/ros/humble/include/rclcpp/rclcpp/any_executable.hpp:20[m[K,
                 from [01m[K/opt/ros/humble/include/rclcpp/rclcpp/memory_strategy.hpp:25[m[K,
                 from [01m[K/opt/ros/humble/include/rclcpp/rclcpp/memory_strategies.hpp:18[m[K,
                 from [01m[K/opt/ros/humble/include/rclcpp/rclcpp/executor_options.hpp:20[m[K,
                 from [01m[K/opt/ros/humble/include/rclcpp/rclcpp/executor.hpp:37[m[K,
                 from [01m[K/opt/ros/humble/include/rclcpp/rclcpp/executors/multi_threaded_executor.hpp:25[m[K,
                 from [01m[K/opt/ros/humble/include/rclcpp/rclcpp/executors.hpp:21[m[K,
                 from [01m[K/opt/ros/humble/include/rclcpp/rclcpp/rclcpp.hpp:155[m[K,
                 from [01m[K/home/danielfreer/ros2_ws/src/AntobotRobot/antobot_control/src/ant_control.cpp:27[m[K:
[01m[K/opt/ros/humble/include/rclcpp/rclcpp/logger.hpp:106:17:[m[K [01;36m[Knote: [m[K‘[01m[Krclcpp::get_logger[m[K’ declared here
  106 |   friend Logger [01;36m[Krclcpp[m[K::get_logger(const std::string & name);
      |                 [01;36m[K^~~~~~[m[K
In file included from [01m[K/opt/ros/humble/include/rclcpp/rclcpp/client.hpp:40[m[K,
                 from [01m[K/opt/ros/humble/include/rclcpp/rclcpp/callback_group.hpp:24[m[K,
                 from [01m[K/opt/ros/humble/include/rclcpp/rclcpp/any_executable.hpp:20[m[K,
                 from [01m[K/opt/ros/humble/include/rclcpp/rclcpp/memory_strategy.hpp:25[m[K,
                 from [01m[K/opt/ros/humble/include/rclcpp/rclcpp/memory_strategies.hpp:18[m[K,
                 from [01m[K/opt/ros/humble/include/rclcpp/rclcpp/executor_options.hpp:20[m[K,
                 from [01m[K/opt/ros/humble/include/rclcpp/rclcpp/executor.hpp:37[m[K,
                 from [01m[K/opt/ros/humble/include/rclcpp/rclcpp/executors/multi_threaded_executor.hpp:25[m[K,
                 from [01m[K/opt/ros/humble/include/rclcpp/rclcpp/executors.hpp:21[m[K,
                 from [01m[K/opt/ros/humble/include/rclcpp/rclcpp/rclcpp.hpp:155[m[K,
                 from [01m[K/home/danielfreer/ros2_ws/src/AntobotRobot/antobot_control/src/ant_control.cpp:27[m[K:
[01m[K/home/danielfreer/ros2_ws/src/AntobotRobot/antobot_control/src/ant_control.cpp:123:5:[m[K [01;31m[Kerror: [m[Ktemplate argument 1 is invalid
  123 |     [01;31m[KRCLCPP_INFO[m[K(get_logger(), "%.1f seconds left...", hw_start_sec_ - i);
      |     [01;31m[K^~~~~~~~~~~[m[K
[01m[K/home/danielfreer/ros2_ws/src/AntobotRobot/antobot_control/src/ant_control.cpp:123:5:[m[K [01;31m[Kerror: [m[Ktemplate argument 1 is invalid
  123 |     [01;31m[KRCLCPP_INFO[m[K(get_logger(), "%.1f seconds left...", hw_start_sec_ - i);
      |     [01;31m[K^~~~~~~~~~~[m[K
[01m[K/home/danielfreer/ros2_ws/src/AntobotRobot/antobot_control/src/ant_control.cpp:123:5:[m[K [01;31m[Kerror: [m[Ktemplate argument 1 is invalid
  123 |     [01;31m[KRCLCPP_INFO[m[K(get_logger(), "%.1f seconds left...", hw_start_sec_ - i);
      |     [01;31m[K^~~~~~~~~~~[m[K
[01m[K/home/danielfreer/ros2_ws/src/AntobotRobot/antobot_control/src/ant_control.cpp:128:37:[m[K [01;31m[Kerror: [m[K‘[01m[Kjoint_state_interfaces_[m[K’ was not declared in this scope; did you mean ‘[01m[Kexport_state_interfaces[m[K’?
  128 |   for (const auto & [name, descr] : [01;31m[Kjoint_state_interfaces_[m[K)
      |                                     [01;31m[K^~~~~~~~~~~~~~~~~~~~~~~[m[K
      |                                     [32m[Kexport_state_interfaces[m[K
[01m[K/home/danielfreer/ros2_ws/src/AntobotRobot/antobot_control/src/ant_control.cpp:130:5:[m[K [01;31m[Kerror: [m[K‘[01m[Kset_command[m[K’ was not declared in this scope
  130 |     [01;31m[Kset_command[m[K(name, get_state(name));
      |     [01;31m[K^~~~~~~~~~~[m[K
In file included from [01m[K/opt/ros/humble/include/rclcpp/rclcpp/client.hpp:40[m[K,
                 from [01m[K/opt/ros/humble/include/rclcpp/rclcpp/callback_group.hpp:24[m[K,
                 from [01m[K/opt/ros/humble/include/rclcpp/rclcpp/any_executable.hpp:20[m[K,
                 from [01m[K/opt/ros/humble/include/rclcpp/rclcpp/memory_strategy.hpp:25[m[K,
                 from [01m[K/opt/ros/humble/include/rclcpp/rclcpp/memory_strategies.hpp:18[m[K,
                 from [01m[K/opt/ros/humble/include/rclcpp/rclcpp/executor_options.hpp:20[m[K,
                 from [01m[K/opt/ros/humble/include/rclcpp/rclcpp/executor.hpp:37[m[K,
                 from [01m[K/opt/ros/humble/include/rclcpp/rclcpp/executors/multi_threaded_executor.hpp:25[m[K,
                 from [01m[K/opt/ros/humble/include/rclcpp/rclcpp/executors.hpp:21[m[K,
                 from [01m[K/opt/ros/humble/include/rclcpp/rclcpp/rclcpp.hpp:155[m[K,
                 from [01m[K/home/danielfreer/ros2_ws/src/AntobotRobot/antobot_control/src/ant_control.cpp:27[m[K:
[01m[K/home/danielfreer/ros2_ws/src/AntobotRobot/antobot_control/src/ant_control.cpp:133:15:[m[K [01;31m[Kerror: [m[K‘[01m[Kget_logger[m[K’ was not declared in this scope; did you mean ‘[01m[Krclcpp::get_logger[m[K’?
  133 |   RCLCPP_INFO([01;31m[Kget_logger[m[K(), "Successfully activated!");
      |               [01;31m[K^~~~~~~~~~[m[K
In file included from [01m[K/opt/ros/humble/include/rclcpp/rclcpp/logging.hpp:23[m[K,
                 from [01m[K/opt/ros/humble/include/rclcpp/rclcpp/client.hpp:40[m[K,
                 from [01m[K/opt/ros/humble/include/rclcpp/rclcpp/callback_group.hpp:24[m[K,
                 from [01m[K/opt/ros/humble/include/rclcpp/rclcpp/any_executable.hpp:20[m[K,
                 from [01m[K/opt/ros/humble/include/rclcpp/rclcpp/memory_strategy.hpp:25[m[K,
                 from [01m[K/opt/ros/humble/include/rclcpp/rclcpp/memory_strategies.hpp:18[m[K,
                 from [01m[K/opt/ros/humble/include/rclcpp/rclcpp/executor_options.hpp:20[m[K,
                 from [01m[K/opt/ros/humble/include/rclcpp/rclcpp/executor.hpp:37[m[K,
                 from [01m[K/opt/ros/humble/include/rclcpp/rclcpp/executors/multi_threaded_executor.hpp:25[m[K,
                 from [01m[K/opt/ros/humble/include/rclcpp/rclcpp/executors.hpp:21[m[K,
                 from [01m[K/opt/ros/humble/include/rclcpp/rclcpp/rclcpp.hpp:155[m[K,
                 from [01m[K/home/danielfreer/ros2_ws/src/AntobotRobot/antobot_control/src/ant_control.cpp:27[m[K:
[01m[K/opt/ros/humble/include/rclcpp/rclcpp/logger.hpp:106:17:[m[K [01;36m[Knote: [m[K‘[01m[Krclcpp::get_logger[m[K’ declared here
  106 |   friend Logger [01;36m[Krclcpp[m[K::get_logger(const std::string & name);
      |                 [01;36m[K^~~~~~[m[K
In file included from [01m[K/opt/ros/humble/include/rclcpp/rclcpp/client.hpp:40[m[K,
                 from [01m[K/opt/ros/humble/include/rclcpp/rclcpp/callback_group.hpp:24[m[K,
                 from [01m[K/opt/ros/humble/include/rclcpp/rclcpp/any_executable.hpp:20[m[K,
                 from [01m[K/opt/ros/humble/include/rclcpp/rclcpp/memory_strategy.hpp:25[m[K,
                 from [01m[K/opt/ros/humble/include/rclcpp/rclcpp/memory_strategies.hpp:18[m[K,
                 from [01m[K/opt/ros/humble/include/rclcpp/rclcpp/executor_options.hpp:20[m[K,
                 from [01m[K/opt/ros/humble/include/rclcpp/rclcpp/executor.hpp:37[m[K,
                 from [01m[K/opt/ros/humble/include/rclcpp/rclcpp/executors/multi_threaded_executor.hpp:25[m[K,
                 from [01m[K/opt/ros/humble/include/rclcpp/rclcpp/executors.hpp:21[m[K,
                 from [01m[K/opt/ros/humble/include/rclcpp/rclcpp/rclcpp.hpp:155[m[K,
                 from [01m[K/home/danielfreer/ros2_ws/src/AntobotRobot/antobot_control/src/ant_control.cpp:27[m[K:
[01m[K/home/danielfreer/ros2_ws/src/AntobotRobot/antobot_control/src/ant_control.cpp:133:3:[m[K [01;31m[Kerror: [m[Ktemplate argument 1 is invalid
  133 |   [01;31m[KRCLCPP_INFO[m[K(get_logger(), "Successfully activated!");
      |   [01;31m[K^~~~~~~~~~~[m[K
[01m[K/home/danielfreer/ros2_ws/src/AntobotRobot/antobot_control/src/ant_control.cpp:133:3:[m[K [01;31m[Kerror: [m[Ktemplate argument 1 is invalid
  133 |   [01;31m[KRCLCPP_INFO[m[K(get_logger(), "Successfully activated!");
      |   [01;31m[K^~~~~~~~~~~[m[K
[01m[K/home/danielfreer/ros2_ws/src/AntobotRobot/antobot_control/src/ant_control.cpp:133:3:[m[K [01;31m[Kerror: [m[Ktemplate argument 1 is invalid
  133 |   [01;31m[KRCLCPP_INFO[m[K(get_logger(), "Successfully activated!");
      |   [01;31m[K^~~~~~~~~~~[m[K
[01m[K/home/danielfreer/ros2_ws/src/AntobotRobot/antobot_control/src/ant_control.cpp:[m[K In member function ‘[01m[Kvirtual hardware_interface::CallbackReturn ros2_control_demo_example_1::RRBotSystemPositionOnlyHardware::on_deactivate(const rclcpp_lifecycle::State&)[m[K’:
[01m[K/home/danielfreer/ros2_ws/src/AntobotRobot/antobot_control/src/ant_control.cpp:142:15:[m[K [01;31m[Kerror: [m[K‘[01m[Kget_logger[m[K’ was not declared in this scope; did you mean ‘[01m[Krclcpp::get_logger[m[K’?
  142 |   RCLCPP_INFO([01;31m[Kget_logger[m[K(), "Deactivating ...please wait...");
      |               [01;31m[K^~~~~~~~~~[m[K
In file included from [01m[K/opt/ros/humble/include/rclcpp/rclcpp/logging.hpp:23[m[K,
                 from [01m[K/opt/ros/humble/include/rclcpp/rclcpp/client.hpp:40[m[K,
                 from [01m[K/opt/ros/humble/include/rclcpp/rclcpp/callback_group.hpp:24[m[K,
                 from [01m[K/opt/ros/humble/include/rclcpp/rclcpp/any_executable.hpp:20[m[K,
                 from [01m[K/opt/ros/humble/include/rclcpp/rclcpp/memory_strategy.hpp:25[m[K,
                 from [01m[K/opt/ros/humble/include/rclcpp/rclcpp/memory_strategies.hpp:18[m[K,
                 from [01m[K/opt/ros/humble/include/rclcpp/rclcpp/executor_options.hpp:20[m[K,
                 from [01m[K/opt/ros/humble/include/rclcpp/rclcpp/executor.hpp:37[m[K,
                 from [01m[K/opt/ros/humble/include/rclcpp/rclcpp/executors/multi_threaded_executor.hpp:25[m[K,
                 from [01m[K/opt/ros/humble/include/rclcpp/rclcpp/executors.hpp:21[m[K,
                 from [01m[K/opt/ros/humble/include/rclcpp/rclcpp/rclcpp.hpp:155[m[K,
                 from [01m[K/home/danielfreer/ros2_ws/src/AntobotRobot/antobot_control/src/ant_control.cpp:27[m[K:
[01m[K/opt/ros/humble/include/rclcpp/rclcpp/logger.hpp:106:17:[m[K [01;36m[Knote: [m[K‘[01m[Krclcpp::get_logger[m[K’ declared here
  106 |   friend Logger [01;36m[Krclcpp[m[K::get_logger(const std::string & name);
      |                 [01;36m[K^~~~~~[m[K
In file included from [01m[K/opt/ros/humble/include/rclcpp/rclcpp/client.hpp:40[m[K,
                 from [01m[K/opt/ros/humble/include/rclcpp/rclcpp/callback_group.hpp:24[m[K,
                 from [01m[K/opt/ros/humble/include/rclcpp/rclcpp/any_executable.hpp:20[m[K,
                 from [01m[K/opt/ros/humble/include/rclcpp/rclcpp/memory_strategy.hpp:25[m[K,
                 from [01m[K/opt/ros/humble/include/rclcpp/rclcpp/memory_strategies.hpp:18[m[K,
                 from [01m[K/opt/ros/humble/include/rclcpp/rclcpp/executor_options.hpp:20[m[K,
                 from [01m[K/opt/ros/humble/include/rclcpp/rclcpp/executor.hpp:37[m[K,
                 from [01m[K/opt/ros/humble/include/rclcpp/rclcpp/executors/multi_threaded_executor.hpp:25[m[K,
                 from [01m[K/opt/ros/humble/include/rclcpp/rclcpp/executors.hpp:21[m[K,
                 from [01m[K/opt/ros/humble/include/rclcpp/rclcpp/rclcpp.hpp:155[m[K,
                 from [01m[K/home/danielfreer/ros2_ws/src/AntobotRobot/antobot_control/src/ant_control.cpp:27[m[K:
[01m[K/home/danielfreer/ros2_ws/src/AntobotRobot/antobot_control/src/ant_control.cpp:142:3:[m[K [01;31m[Kerror: [m[Ktemplate argument 1 is invalid
  142 |   [01;31m[KRCLCPP_INFO[m[K(get_logger(), "Deactivating ...please wait...");
      |   [01;31m[K^~~~~~~~~~~[m[K
[01m[K/home/danielfreer/ros2_ws/src/AntobotRobot/antobot_control/src/ant_control.cpp:142:3:[m[K [01;31m[Kerror: [m[Ktemplate argument 1 is invalid
  142 |   [01;31m[KRCLCPP_INFO[m[K(get_logger(), "Deactivating ...please wait...");
      |   [01;31m[K^~~~~~~~~~~[m[K
[01m[K/home/danielfreer/ros2_ws/src/AntobotRobot/antobot_control/src/ant_control.cpp:142:3:[m[K [01;31m[Kerror: [m[Ktemplate argument 1 is invalid
  142 |   [01;31m[KRCLCPP_INFO[m[K(get_logger(), "Deactivating ...please wait...");
      |   [01;31m[K^~~~~~~~~~~[m[K
[01m[K/home/danielfreer/ros2_ws/src/AntobotRobot/antobot_control/src/ant_control.cpp:147:17:[m[K [01;31m[Kerror: [m[K‘[01m[Kget_logger[m[K’ was not declared in this scope; did you mean ‘[01m[Krclcpp::get_logger[m[K’?
  147 |     RCLCPP_INFO([01;31m[Kget_logger[m[K(), "%.1f seconds left...", hw_stop_sec_ - i);
      |                 [01;31m[K^~~~~~~~~~[m[K
In file included from [01m[K/opt/ros/humble/include/rclcpp/rclcpp/logging.hpp:23[m[K,
                 from [01m[K/opt/ros/humble/include/rclcpp/rclcpp/client.hpp:40[m[K,
                 from [01m[K/opt/ros/humble/include/rclcpp/rclcpp/callback_group.hpp:24[m[K,
                 from [01m[K/opt/ros/humble/include/rclcpp/rclcpp/any_executable.hpp:20[m[K,
                 from [01m[K/opt/ros/humble/include/rclcpp/rclcpp/memory_strategy.hpp:25[m[K,
                 from [01m[K/opt/ros/humble/include/rclcpp/rclcpp/memory_strategies.hpp:18[m[K,
                 from [01m[K/opt/ros/humble/include/rclcpp/rclcpp/executor_options.hpp:20[m[K,
                 from [01m[K/opt/ros/humble/include/rclcpp/rclcpp/executor.hpp:37[m[K,
                 from [01m[K/opt/ros/humble/include/rclcpp/rclcpp/executors/multi_threaded_executor.hpp:25[m[K,
                 from [01m[K/opt/ros/humble/include/rclcpp/rclcpp/executors.hpp:21[m[K,
                 from [01m[K/opt/ros/humble/include/rclcpp/rclcpp/rclcpp.hpp:155[m[K,
                 from [01m[K/home/danielfreer/ros2_ws/src/AntobotRobot/antobot_control/src/ant_control.cpp:27[m[K:
[01m[K/opt/ros/humble/include/rclcpp/rclcpp/logger.hpp:106:17:[m[K [01;36m[Knote: [m[K‘[01m[Krclcpp::get_logger[m[K’ declared here
  106 |   friend Logger [01;36m[Krclcpp[m[K::get_logger(const std::string & name);
      |                 [01;36m[K^~~~~~[m[K
In file included from [01m[K/opt/ros/humble/include/rclcpp/rclcpp/client.hpp:40[m[K,
                 from [01m[K/opt/ros/humble/include/rclcpp/rclcpp/callback_group.hpp:24[m[K,
                 from [01m[K/opt/ros/humble/include/rclcpp/rclcpp/any_executable.hpp:20[m[K,
                 from [01m[K/opt/ros/humble/include/rclcpp/rclcpp/memory_strategy.hpp:25[m[K,
                 from [01m[K/opt/ros/humble/include/rclcpp/rclcpp/memory_strategies.hpp:18[m[K,
                 from [01m[K/opt/ros/humble/include/rclcpp/rclcpp/executor_options.hpp:20[m[K,
                 from [01m[K/opt/ros/humble/include/rclcpp/rclcpp/executor.hpp:37[m[K,
                 from [01m[K/opt/ros/humble/include/rclcpp/rclcpp/executors/multi_threaded_executor.hpp:25[m[K,
                 from [01m[K/opt/ros/humble/include/rclcpp/rclcpp/executors.hpp:21[m[K,
                 from [01m[K/opt/ros/humble/include/rclcpp/rclcpp/rclcpp.hpp:155[m[K,
                 from [01m[K/home/danielfreer/ros2_ws/src/AntobotRobot/antobot_control/src/ant_control.cpp:27[m[K:
[01m[K/home/danielfreer/ros2_ws/src/AntobotRobot/antobot_control/src/ant_control.cpp:147:5:[m[K [01;31m[Kerror: [m[Ktemplate argument 1 is invalid
  147 |     [01;31m[KRCLCPP_INFO[m[K(get_logger(), "%.1f seconds left...", hw_stop_sec_ - i);
      |     [01;31m[K^~~~~~~~~~~[m[K
[01m[K/home/danielfreer/ros2_ws/src/AntobotRobot/antobot_control/src/ant_control.cpp:147:5:[m[K [01;31m[Kerror: [m[Ktemplate argument 1 is invalid
  147 |     [01;31m[KRCLCPP_INFO[m[K(get_logger(), "%.1f seconds left...", hw_stop_sec_ - i);
      |     [01;31m[K^~~~~~~~~~~[m[K
[01m[K/home/danielfreer/ros2_ws/src/AntobotRobot/antobot_control/src/ant_control.cpp:147:5:[m[K [01;31m[Kerror: [m[Ktemplate argument 1 is invalid
  147 |     [01;31m[KRCLCPP_INFO[m[K(get_logger(), "%.1f seconds left...", hw_stop_sec_ - i);
      |     [01;31m[K^~~~~~~~~~~[m[K
[01m[K/home/danielfreer/ros2_ws/src/AntobotRobot/antobot_control/src/ant_control.cpp:150:15:[m[K [01;31m[Kerror: [m[K‘[01m[Kget_logger[m[K’ was not declared in this scope; did you mean ‘[01m[Krclcpp::get_logger[m[K’?
  150 |   RCLCPP_INFO([01;31m[Kget_logger[m[K(), "Successfully deactivated!");
      |               [01;31m[K^~~~~~~~~~[m[K
In file included from [01m[K/opt/ros/humble/include/rclcpp/rclcpp/logging.hpp:23[m[K,
                 from [01m[K/opt/ros/humble/include/rclcpp/rclcpp/client.hpp:40[m[K,
                 from [01m[K/opt/ros/humble/include/rclcpp/rclcpp/callback_group.hpp:24[m[K,
                 from [01m[K/opt/ros/humble/include/rclcpp/rclcpp/any_executable.hpp:20[m[K,
                 from [01m[K/opt/ros/humble/include/rclcpp/rclcpp/memory_strategy.hpp:25[m[K,
                 from [01m[K/opt/ros/humble/include/rclcpp/rclcpp/memory_strategies.hpp:18[m[K,
                 from [01m[K/opt/ros/humble/include/rclcpp/rclcpp/executor_options.hpp:20[m[K,
                 from [01m[K/opt/ros/humble/include/rclcpp/rclcpp/executor.hpp:37[m[K,
                 from [01m[K/opt/ros/humble/include/rclcpp/rclcpp/executors/multi_threaded_executor.hpp:25[m[K,
                 from [01m[K/opt/ros/humble/include/rclcpp/rclcpp/executors.hpp:21[m[K,
                 from [01m[K/opt/ros/humble/include/rclcpp/rclcpp/rclcpp.hpp:155[m[K,
                 from [01m[K/home/danielfreer/ros2_ws/src/AntobotRobot/antobot_control/src/ant_control.cpp:27[m[K:
[01m[K/opt/ros/humble/include/rclcpp/rclcpp/logger.hpp:106:17:[m[K [01;36m[Knote: [m[K‘[01m[Krclcpp::get_logger[m[K’ declared here
  106 |   friend Logger [01;36m[Krclcpp[m[K::get_logger(const std::string & name);
      |                 [01;36m[K^~~~~~[m[K
In file included from [01m[K/opt/ros/humble/include/rclcpp/rclcpp/client.hpp:40[m[K,
                 from [01m[K/opt/ros/humble/include/rclcpp/rclcpp/callback_group.hpp:24[m[K,
                 from [01m[K/opt/ros/humble/include/rclcpp/rclcpp/any_executable.hpp:20[m[K,
                 from [01m[K/opt/ros/humble/include/rclcpp/rclcpp/memory_strategy.hpp:25[m[K,
                 from [01m[K/opt/ros/humble/include/rclcpp/rclcpp/memory_strategies.hpp:18[m[K,
                 from [01m[K/opt/ros/humble/include/rclcpp/rclcpp/executor_options.hpp:20[m[K,
                 from [01m[K/opt/ros/humble/include/rclcpp/rclcpp/executor.hpp:37[m[K,
                 from [01m[K/opt/ros/humble/include/rclcpp/rclcpp/executors/multi_threaded_executor.hpp:25[m[K,
                 from [01m[K/opt/ros/humble/include/rclcpp/rclcpp/executors.hpp:21[m[K,
                 from [01m[K/opt/ros/humble/include/rclcpp/rclcpp/rclcpp.hpp:155[m[K,
                 from [01m[K/home/danielfreer/ros2_ws/src/AntobotRobot/antobot_control/src/ant_control.cpp:27[m[K:
[01m[K/home/danielfreer/ros2_ws/src/AntobotRobot/antobot_control/src/ant_control.cpp:150:3:[m[K [01;31m[Kerror: [m[Ktemplate argument 1 is invalid
  150 |   [01;31m[KRCLCPP_INFO[m[K(get_logger(), "Successfully deactivated!");
      |   [01;31m[K^~~~~~~~~~~[m[K
[01m[K/home/danielfreer/ros2_ws/src/AntobotRobot/antobot_control/src/ant_control.cpp:150:3:[m[K [01;31m[Kerror: [m[Ktemplate argument 1 is invalid
  150 |   [01;31m[KRCLCPP_INFO[m[K(get_logger(), "Successfully deactivated!");
      |   [01;31m[K^~~~~~~~~~~[m[K
[01m[K/home/danielfreer/ros2_ws/src/AntobotRobot/antobot_control/src/ant_control.cpp:150:3:[m[K [01;31m[Kerror: [m[Ktemplate argument 1 is invalid
  150 |   [01;31m[KRCLCPP_INFO[m[K(get_logger(), "Successfully deactivated!");
      |   [01;31m[K^~~~~~~~~~~[m[K
[01m[K/home/danielfreer/ros2_ws/src/AntobotRobot/antobot_control/src/ant_control.cpp:[m[K In member function ‘[01m[Kvirtual hardware_interface::return_type ros2_control_demo_example_1::RRBotSystemPositionOnlyHardware::read(const rclcpp::Time&, const rclcpp::Duration&)[m[K’:
[01m[K/home/danielfreer/ros2_ws/src/AntobotRobot/antobot_control/src/ant_control.cpp:163:37:[m[K [01;31m[Kerror: [m[K‘[01m[Kjoint_state_interfaces_[m[K’ was not declared in this scope; did you mean ‘[01m[Kexport_state_interfaces[m[K’?
  163 |   for (const auto & [name, descr] : [01;31m[Kjoint_state_interfaces_[m[K)
      |                                     [01;31m[K^~~~~~~~~~~~~~~~~~~~~~~[m[K
      |                                     [32m[Kexport_state_interfaces[m[K
[01m[K/home/danielfreer/ros2_ws/src/AntobotRobot/antobot_control/src/ant_control.cpp:166:41:[m[K [01;31m[Kerror: [m[K‘[01m[Kget_command[m[K’ was not declared in this scope
  166 |     auto new_value = get_state(name) + ([01;31m[Kget_command[m[K(name) - get_state(name)) / hw_slowdown_;
      |                                         [01;31m[K^~~~~~~~~~~[m[K
In file included from [01m[K/opt/ros/humble/include/rclcpp/rclcpp/client.hpp:40[m[K,
                 from [01m[K/opt/ros/humble/include/rclcpp/rclcpp/callback_group.hpp:24[m[K,
                 from [01m[K/opt/ros/humble/include/rclcpp/rclcpp/any_executable.hpp:20[m[K,
                 from [01m[K/opt/ros/humble/include/rclcpp/rclcpp/memory_strategy.hpp:25[m[K,
                 from [01m[K/opt/ros/humble/include/rclcpp/rclcpp/memory_strategies.hpp:18[m[K,
                 from [01m[K/opt/ros/humble/include/rclcpp/rclcpp/executor_options.hpp:20[m[K,
                 from [01m[K/opt/ros/humble/include/rclcpp/rclcpp/executor.hpp:37[m[K,
                 from [01m[K/opt/ros/humble/include/rclcpp/rclcpp/executors/multi_threaded_executor.hpp:25[m[K,
                 from [01m[K/opt/ros/humble/include/rclcpp/rclcpp/executors.hpp:21[m[K,
                 from [01m[K/opt/ros/humble/include/rclcpp/rclcpp/rclcpp.hpp:155[m[K,
                 from [01m[K/home/danielfreer/ros2_ws/src/AntobotRobot/antobot_control/src/ant_control.cpp:27[m[K:
[01m[K/home/danielfreer/ros2_ws/src/AntobotRobot/antobot_control/src/ant_control.cpp:171:24:[m[K [01;31m[Kerror: [m[K‘[01m[Kget_logger[m[K’ was not declared in this scope; did you mean ‘[01m[Krclcpp::get_logger[m[K’?
  171 |   RCLCPP_INFO_THROTTLE([01;31m[Kget_logger[m[K(), *get_clock(), 500, "%s", ss.str().c_str());
      |                        [01;31m[K^~~~~~~~~~[m[K
In file included from [01m[K/opt/ros/humble/include/rclcpp/rclcpp/logging.hpp:23[m[K,
                 from [01m[K/opt/ros/humble/include/rclcpp/rclcpp/client.hpp:40[m[K,
                 from [01m[K/opt/ros/humble/include/rclcpp/rclcpp/callback_group.hpp:24[m[K,
                 from [01m[K/opt/ros/humble/include/rclcpp/rclcpp/any_executable.hpp:20[m[K,
                 from [01m[K/opt/ros/humble/include/rclcpp/rclcpp/memory_strategy.hpp:25[m[K,
                 from [01m[K/opt/ros/humble/include/rclcpp/rclcpp/memory_strategies.hpp:18[m[K,
                 from [01m[K/opt/ros/humble/include/rclcpp/rclcpp/executor_options.hpp:20[m[K,
                 from [01m[K/opt/ros/humble/include/rclcpp/rclcpp/executor.hpp:37[m[K,
                 from [01m[K/opt/ros/humble/include/rclcpp/rclcpp/executors/multi_threaded_executor.hpp:25[m[K,
                 from [01m[K/opt/ros/humble/include/rclcpp/rclcpp/executors.hpp:21[m[K,
                 from [01m[K/opt/ros/humble/include/rclcpp/rclcpp/rclcpp.hpp:155[m[K,
                 from [01m[K/home/danielfreer/ros2_ws/src/AntobotRobot/antobot_control/src/ant_control.cpp:27[m[K:
[01m[K/opt/ros/humble/include/rclcpp/rclcpp/logger.hpp:106:17:[m[K [01;36m[Knote: [m[K‘[01m[Krclcpp::get_logger[m[K’ declared here
  106 |   friend Logger [01;36m[Krclcpp[m[K::get_logger(const std::string & name);
      |                 [01;36m[K^~~~~~[m[K
In file included from [01m[K/opt/ros/humble/include/rclcpp/rclcpp/client.hpp:40[m[K,
                 from [01m[K/opt/ros/humble/include/rclcpp/rclcpp/callback_group.hpp:24[m[K,
                 from [01m[K/opt/ros/humble/include/rclcpp/rclcpp/any_executable.hpp:20[m[K,
                 from [01m[K/opt/ros/humble/include/rclcpp/rclcpp/memory_strategy.hpp:25[m[K,
                 from [01m[K/opt/ros/humble/include/rclcpp/rclcpp/memory_strategies.hpp:18[m[K,
                 from [01m[K/opt/ros/humble/include/rclcpp/rclcpp/executor_options.hpp:20[m[K,
                 from [01m[K/opt/ros/humble/include/rclcpp/rclcpp/executor.hpp:37[m[K,
                 from [01m[K/opt/ros/humble/include/rclcpp/rclcpp/executors/multi_threaded_executor.hpp:25[m[K,
                 from [01m[K/opt/ros/humble/include/rclcpp/rclcpp/executors.hpp:21[m[K,
                 from [01m[K/opt/ros/humble/include/rclcpp/rclcpp/rclcpp.hpp:155[m[K,
                 from [01m[K/home/danielfreer/ros2_ws/src/AntobotRobot/antobot_control/src/ant_control.cpp:27[m[K:
[01m[K/home/danielfreer/ros2_ws/src/AntobotRobot/antobot_control/src/ant_control.cpp:171:3:[m[K [01;31m[Kerror: [m[Ktemplate argument 1 is invalid
  171 |   [01;31m[KRCLCPP_INFO_THROTTLE[m[K(get_logger(), *get_clock(), 500, "%s", ss.str().c_str());
      |   [01;31m[K^~~~~~~~~~~~~~~~~~~~[m[K
[01m[K/home/danielfreer/ros2_ws/src/AntobotRobot/antobot_control/src/ant_control.cpp:171:3:[m[K [01;31m[Kerror: [m[Ktemplate argument 1 is invalid
  171 |   [01;31m[KRCLCPP_INFO_THROTTLE[m[K(get_logger(), *get_clock(), 500, "%s", ss.str().c_str());
      |   [01;31m[K^~~~~~~~~~~~~~~~~~~~[m[K
[01m[K/home/danielfreer/ros2_ws/src/AntobotRobot/antobot_control/src/ant_control.cpp:171:3:[m[K [01;31m[Kerror: [m[Ktemplate argument 1 is invalid
  171 |   [01;31m[KRCLCPP_INFO_THROTTLE[m[K(get_logger(), *get_clock(), 500, "%s", ss.str().c_str());
      |   [01;31m[K^~~~~~~~~~~~~~~~~~~~[m[K
[01m[K/home/danielfreer/ros2_ws/src/AntobotRobot/antobot_control/src/ant_control.cpp:171:39:[m[K [01;31m[Kerror: [m[K‘[01m[Kget_clock[m[K’ was not declared in this scope
  171 |   RCLCPP_INFO_THROTTLE(get_logger(), *[01;31m[Kget_clock[m[K(), 500, "%s", ss.str().c_str());
      |                                       [01;31m[K^~~~~~~~~[m[K
[01m[K/home/danielfreer/ros2_ws/src/AntobotRobot/antobot_control/src/ant_control.cpp:[m[K In lambda function:
[01m[K/home/danielfreer/ros2_ws/src/AntobotRobot/antobot_control/src/ant_control.cpp:171:3:[m[K [01;31m[Kerror: [m[K‘[01m[Kc[m[K’ was not declared in this scope
  171 |   [01;31m[KRCLCPP_INFO_THROTTLE[m[K(get_logger(), *get_clock(), 500, "%s", ss.str().c_str());
      |   [01;31m[K^~~~~~~~~~~~~~~~~~~~[m[K
[01m[K/home/danielfreer/ros2_ws/src/AntobotRobot/antobot_control/src/ant_control.cpp:[m[K In member function ‘[01m[Kvirtual hardware_interface::return_type ros2_control_demo_example_1::RRBotSystemPositionOnlyHardware::write(const rclcpp::Time&, const rclcpp::Duration&)[m[K’:
[01m[K/home/danielfreer/ros2_ws/src/AntobotRobot/antobot_control/src/ant_control.cpp:184:37:[m[K [01;31m[Kerror: [m[K‘[01m[Kjoint_command_interfaces_[m[K’ was not declared in this scope; did you mean ‘[01m[Kexport_command_interfaces[m[K’?
  184 |   for (const auto & [name, descr] : [01;31m[Kjoint_command_interfaces_[m[K)
      |                                     [01;31m[K^~~~~~~~~~~~~~~~~~~~~~~~~[m[K
      |                                     [32m[Kexport_command_interfaces[m[K
[01m[K/home/danielfreer/ros2_ws/src/AntobotRobot/antobot_control/src/ant_control.cpp:188:19:[m[K [01;31m[Kerror: [m[K‘[01m[Kget_command[m[K’ was not declared in this scope
  188 |        << "\t" << [01;31m[Kget_command[m[K(name) << " for joint '" << name << "'";
      |                   [01;31m[K^~~~~~~~~~~[m[K
In file included from [01m[K/opt/ros/humble/include/rclcpp/rclcpp/client.hpp:40[m[K,
                 from [01m[K/opt/ros/humble/include/rclcpp/rclcpp/callback_group.hpp:24[m[K,
                 from [01m[K/opt/ros/humble/include/rclcpp/rclcpp/any_executable.hpp:20[m[K,
                 from [01m[K/opt/ros/humble/include/rclcpp/rclcpp/memory_strategy.hpp:25[m[K,
                 from [01m[K/opt/ros/humble/include/rclcpp/rclcpp/memory_strategies.hpp:18[m[K,
                 from [01m[K/opt/ros/humble/include/rclcpp/rclcpp/executor_options.hpp:20[m[K,
                 from [01m[K/opt/ros/humble/include/rclcpp/rclcpp/executor.hpp:37[m[K,
                 from [01m[K/opt/ros/humble/include/rclcpp/rclcpp/executors/multi_threaded_executor.hpp:25[m[K,
                 from [01m[K/opt/ros/humble/include/rclcpp/rclcpp/executors.hpp:21[m[K,
                 from [01m[K/opt/ros/humble/include/rclcpp/rclcpp/rclcpp.hpp:155[m[K,
                 from [01m[K/home/danielfreer/ros2_ws/src/AntobotRobot/antobot_control/src/ant_control.cpp:27[m[K:
[01m[K/home/danielfreer/ros2_ws/src/AntobotRobot/antobot_control/src/ant_control.cpp:190:24:[m[K [01;31m[Kerror: [m[K‘[01m[Kget_logger[m[K’ was not declared in this scope; did you mean ‘[01m[Krclcpp::get_logger[m[K’?
  190 |   RCLCPP_INFO_THROTTLE([01;31m[Kget_logger[m[K(), *get_clock(), 500, "%s", ss.str().c_str());
      |                        [01;31m[K^~~~~~~~~~[m[K
In file included from [01m[K/opt/ros/humble/include/rclcpp/rclcpp/logging.hpp:23[m[K,
                 from [01m[K/opt/ros/humble/include/rclcpp/rclcpp/client.hpp:40[m[K,
                 from [01m[K/opt/ros/humble/include/rclcpp/rclcpp/callback_group.hpp:24[m[K,
                 from [01m[K/opt/ros/humble/include/rclcpp/rclcpp/any_executable.hpp:20[m[K,
                 from [01m[K/opt/ros/humble/include/rclcpp/rclcpp/memory_strategy.hpp:25[m[K,
                 from [01m[K/opt/ros/humble/include/rclcpp/rclcpp/memory_strategies.hpp:18[m[K,
                 from [01m[K/opt/ros/humble/include/rclcpp/rclcpp/executor_options.hpp:20[m[K,
                 from [01m[K/opt/ros/humble/include/rclcpp/rclcpp/executor.hpp:37[m[K,
                 from [01m[K/opt/ros/humble/include/rclcpp/rclcpp/executors/multi_threaded_executor.hpp:25[m[K,
                 from [01m[K/opt/ros/humble/include/rclcpp/rclcpp/executors.hpp:21[m[K,
                 from [01m[K/opt/ros/humble/include/rclcpp/rclcpp/rclcpp.hpp:155[m[K,
                 from [01m[K/home/danielfreer/ros2_ws/src/AntobotRobot/antobot_control/src/ant_control.cpp:27[m[K:
[01m[K/opt/ros/humble/include/rclcpp/rclcpp/logger.hpp:106:17:[m[K [01;36m[Knote: [m[K‘[01m[Krclcpp::get_logger[m[K’ declared here
  106 |   friend Logger [01;36m[Krclcpp[m[K::get_logger(const std::string & name);
      |                 [01;36m[K^~~~~~[m[K
In file included from [01m[K/opt/ros/humble/include/rclcpp/rclcpp/client.hpp:40[m[K,
                 from [01m[K/opt/ros/humble/include/rclcpp/rclcpp/callback_group.hpp:24[m[K,
                 from [01m[K/opt/ros/humble/include/rclcpp/rclcpp/any_executable.hpp:20[m[K,
                 from [01m[K/opt/ros/humble/include/rclcpp/rclcpp/memory_strategy.hpp:25[m[K,
                 from [01m[K/opt/ros/humble/include/rclcpp/rclcpp/memory_strategies.hpp:18[m[K,
                 from [01m[K/opt/ros/humble/include/rclcpp/rclcpp/executor_options.hpp:20[m[K,
                 from [01m[K/opt/ros/humble/include/rclcpp/rclcpp/executor.hpp:37[m[K,
                 from [01m[K/opt/ros/humble/include/rclcpp/rclcpp/executors/multi_threaded_executor.hpp:25[m[K,
                 from [01m[K/opt/ros/humble/include/rclcpp/rclcpp/executors.hpp:21[m[K,
                 from [01m[K/opt/ros/humble/include/rclcpp/rclcpp/rclcpp.hpp:155[m[K,
                 from [01m[K/home/danielfreer/ros2_ws/src/AntobotRobot/antobot_control/src/ant_control.cpp:27[m[K:
[01m[K/home/danielfreer/ros2_ws/src/AntobotRobot/antobot_control/src/ant_control.cpp:190:3:[m[K [01;31m[Kerror: [m[Ktemplate argument 1 is invalid
  190 |   [01;31m[KRCLCPP_INFO_THROTTLE[m[K(get_logger(), *get_clock(), 500, "%s", ss.str().c_str());
      |   [01;31m[K^~~~~~~~~~~~~~~~~~~~[m[K
[01m[K/home/danielfreer/ros2_ws/src/AntobotRobot/antobot_control/src/ant_control.cpp:190:3:[m[K [01;31m[Kerror: [m[Ktemplate argument 1 is invalid
  190 |   [01;31m[KRCLCPP_INFO_THROTTLE[m[K(get_logger(), *get_clock(), 500, "%s", ss.str().c_str());
      |   [01;31m[K^~~~~~~~~~~~~~~~~~~~[m[K
[01m[K/home/danielfreer/ros2_ws/src/AntobotRobot/antobot_control/src/ant_control.cpp:190:3:[m[K [01;31m[Kerror: [m[Ktemplate argument 1 is invalid
  190 |   [01;31m[KRCLCPP_INFO_THROTTLE[m[K(get_logger(), *get_clock(), 500, "%s", ss.str().c_str());
      |   [01;31m[K^~~~~~~~~~~~~~~~~~~~[m[K
[01m[K/home/danielfreer/ros2_ws/src/AntobotRobot/antobot_control/src/ant_control.cpp:190:39:[m[K [01;31m[Kerror: [m[K‘[01m[Kget_clock[m[K’ was not declared in this scope
  190 |   RCLCPP_INFO_THROTTLE(get_logger(), *[01;31m[Kget_clock[m[K(), 500, "%s", ss.str().c_str());
      |                                       [01;31m[K^~~~~~~~~[m[K
[01m[K/home/danielfreer/ros2_ws/src/AntobotRobot/antobot_control/src/ant_control.cpp:[m[K In lambda function:
[01m[K/home/danielfreer/ros2_ws/src/AntobotRobot/antobot_control/src/ant_control.cpp:190:3:[m[K [01;31m[Kerror: [m[K‘[01m[Kc[m[K’ was not declared in this scope
  190 |   [01;31m[KRCLCPP_INFO_THROTTLE[m[K(get_logger(), *get_clock(), 500, "%s", ss.str().c_str());
      |   [01;31m[K^~~~~~~~~~~~~~~~~~~~[m[K
In file included from [01m[K/opt/ros/humble/include/class_loader/class_loader/class_loader_core.hpp:57[m[K,
                 from [01m[K/opt/ros/humble/include/class_loader/class_loader/class_loader.hpp:55[m[K,
                 from [01m[K/opt/ros/humble/include/pluginlib/pluginlib/class_list_macros.hpp:40[m[K,
                 from [01m[K/home/danielfreer/ros2_ws/src/AntobotRobot/antobot_control/src/ant_control.cpp:198[m[K:
/opt/ros/humble/include/class_loader/class_loader/meta_object.hpp: In instantiation of ‘[01m[KB* class_loader::impl::MetaObject<C, B>::create() const [with C = ros2_control_demo_example_1::RRBotSystemPositionOnlyHardware; B = hardware_interface::SystemInterface][m[K’:
[01m[K/opt/ros/humble/include/class_loader/class_loader/meta_object.hpp:216:7:[m[K   required from here
[01m[K/opt/ros/humble/include/class_loader/class_loader/meta_object.hpp:218:12:[m[K [01;31m[Kerror: [m[Kinvalid new-expression of abstract class type ‘[01m[Kros2_control_demo_example_1::RRBotSystemPositionOnlyHardware[m[K’
  218 |     return [01;31m[Knew C[m[K;
      |            [01;31m[K^~~~~[m[K
In file included from [01m[K/home/danielfreer/ros2_ws/src/AntobotRobot/antobot_control/src/ant_control.cpp:15[m[K:
[01m[K/home/danielfreer/ros2_ws/src/AntobotRobot/antobot_control/include/antobot_control/ant_control.hpp:32:7:[m[K [01;36m[Knote: [m[K  because the following virtual functions are pure within ‘[01m[Kros2_control_demo_example_1::RRBotSystemPositionOnlyHardware[m[K’:
   32 | class [01;36m[KRRBotSystemPositionOnlyHardware[m[K : public hardware_interface::SystemInterface
      |       [01;36m[K^~~~~~~~~~~~~~~~~~~~~~~~~~~~~~~[m[K
In file included from [01m[K/home/danielfreer/ros2_ws/src/AntobotRobot/antobot_control/include/antobot_control/ant_control.hpp:24[m[K,
                 from [01m[K/home/danielfreer/ros2_ws/src/AntobotRobot/antobot_control/src/ant_control.cpp:15[m[K:
[01m[K/opt/ros/humble/include/hardware_interface/system_interface.hpp:113:39:[m[K [01;36m[Knote: [m[K    ‘[01m[Kvirtual std::vector<hardware_interface::StateInterface> hardware_interface::SystemInterface::export_state_interfaces()[m[K’
  113 |   virtual std::vector<StateInterface> [01;36m[Kexport_state_interfaces[m[K() = 0;
      |                                       [01;36m[K^~~~~~~~~~~~~~~~~~~~~~~[m[K
[01m[K/opt/ros/humble/include/hardware_interface/system_interface.hpp:124:41:[m[K [01;36m[Knote: [m[K    ‘[01m[Kvirtual std::vector<hardware_interface::CommandInterface> hardware_interface::SystemInterface::export_command_interfaces()[m[K’
  124 |   virtual std::vector<CommandInterface> [01;36m[Kexport_command_interfaces[m[K() = 0;
      |                                         [01;36m[K^~~~~~~~~~~~~~~~~~~~~~~~~[m[K
gmake[2]: *** [CMakeFiles/ant_control_node.dir/build.make:76: CMakeFiles/ant_control_node.dir/src/ant_control.cpp.o] Error 1
gmake[1]: *** [CMakeFiles/Makefile2:137: CMakeFiles/ant_control_node.dir/all] Error 2
gmake: *** [Makefile:146: all] Error 2
