[0.007s] Invoking command in '/home/danielfreer/ros2_ws/src/AntobotRobot/build/antobot_control': CMAKE_PREFIX_PATH=/opt/ros/humble /usr/bin/cmake --build /home/danielfreer/ros2_ws/src/AntobotRobot/build/antobot_control -- -j16 -l16
[0.034s] [35m[1mConsolidate compiler generated dependencies of target ant_control_node[0m
[0.045s] [ 50%] [32mBuilding CXX object CMakeFiles/ant_control_node.dir/src/ant_control.cpp.o[0m
[0.556s] In file included from [01m[K/home/danielfreer/ros2_ws/src/AntobotRobot/antobot_control/src/ant_control.cpp:15[m[K:
[0.556s] [01m[K/home/danielfreer/ros2_ws/src/AntobotRobot/antobot_control/include/antobot_control/ant_control.hpp:35:65:[m[K [01;35m[Kwarning: [m[Kextra ‘[01m[K;[m[K’ [[01;35m[K]8;;https://gcc.gnu.org/onlinedocs/gcc/Warning-Options.html#index-Wpedantic-Wpedantic]8;;[m[K]
[0.556s]    35 |   RCLCPP_SHARED_PTR_DEFINITIONS(RRBotSystemPositionOnlyHardware)[01;35m[K;[m[K
[0.556s]       |                                                                 [01;35m[K^[m[K
[0.556s]       |                                                                 [31m[K-[m[K
[1.698s] In file included from [01m[K/opt/ros/humble/include/rclcpp/rclcpp/client.hpp:40[m[K,
[1.698s]                  from [01m[K/opt/ros/humble/include/rclcpp/rclcpp/callback_group.hpp:24[m[K,
[1.698s]                  from [01m[K/opt/ros/humble/include/rclcpp/rclcpp/any_executable.hpp:20[m[K,
[1.698s]                  from [01m[K/opt/ros/humble/include/rclcpp/rclcpp/memory_strategy.hpp:25[m[K,
[1.698s]                  from [01m[K/opt/ros/humble/include/rclcpp/rclcpp/memory_strategies.hpp:18[m[K,
[1.698s]                  from [01m[K/opt/ros/humble/include/rclcpp/rclcpp/executor_options.hpp:20[m[K,
[1.698s]                  from [01m[K/opt/ros/humble/include/rclcpp/rclcpp/executor.hpp:37[m[K,
[1.698s]                  from [01m[K/opt/ros/humble/include/rclcpp/rclcpp/executors/multi_threaded_executor.hpp:25[m[K,
[1.698s]                  from [01m[K/opt/ros/humble/include/rclcpp/rclcpp/executors.hpp:21[m[K,
[1.698s]                  from [01m[K/opt/ros/humble/include/rclcpp/rclcpp/rclcpp.hpp:155[m[K,
[1.698s]                  from [01m[K/home/danielfreer/ros2_ws/src/AntobotRobot/antobot_control/src/ant_control.cpp:27[m[K:
[1.698s] [01m[K/home/danielfreer/ros2_ws/src/AntobotRobot/antobot_control/src/ant_control.cpp:[m[K In member function ‘[01m[Kvirtual hardware_interface::CallbackReturn ros2_control_demo_example_1::RRBotSystemPositionOnlyHardware::on_init(const hardware_interface::HardwareInfo&)[m[K’:
[1.698s] [01m[K/home/danielfreer/ros2_ws/src/AntobotRobot/antobot_control/src/ant_control.cpp:53:9:[m[K [01;31m[Kerror: [m[K‘[01m[Kget_logger[m[K’ was not declared in this scope; did you mean ‘[01m[Krclcpp::get_logger[m[K’?
[1.699s]    53 |         [01;31m[Kget_logger[m[K(), "Joint '%s' has %zu command interfaces found. 1 expected.",
[1.699s]       |         [01;31m[K^~~~~~~~~~[m[K
[1.699s] In file included from [01m[K/opt/ros/humble/include/rclcpp/rclcpp/logging.hpp:23[m[K,
[1.699s]                  from [01m[K/opt/ros/humble/include/rclcpp/rclcpp/client.hpp:40[m[K,
[1.699s]                  from [01m[K/opt/ros/humble/include/rclcpp/rclcpp/callback_group.hpp:24[m[K,
[1.699s]                  from [01m[K/opt/ros/humble/include/rclcpp/rclcpp/any_executable.hpp:20[m[K,
[1.699s]                  from [01m[K/opt/ros/humble/include/rclcpp/rclcpp/memory_strategy.hpp:25[m[K,
[1.699s]                  from [01m[K/opt/ros/humble/include/rclcpp/rclcpp/memory_strategies.hpp:18[m[K,
[1.699s]                  from [01m[K/opt/ros/humble/include/rclcpp/rclcpp/executor_options.hpp:20[m[K,
[1.699s]                  from [01m[K/opt/ros/humble/include/rclcpp/rclcpp/executor.hpp:37[m[K,
[1.699s]                  from [01m[K/opt/ros/humble/include/rclcpp/rclcpp/executors/multi_threaded_executor.hpp:25[m[K,
[1.699s]                  from [01m[K/opt/ros/humble/include/rclcpp/rclcpp/executors.hpp:21[m[K,
[1.700s]                  from [01m[K/opt/ros/humble/include/rclcpp/rclcpp/rclcpp.hpp:155[m[K,
[1.700s]                  from [01m[K/home/danielfreer/ros2_ws/src/AntobotRobot/antobot_control/src/ant_control.cpp:27[m[K:
[1.700s] [01m[K/opt/ros/humble/include/rclcpp/rclcpp/logger.hpp:106:17:[m[K [01;36m[Knote: [m[K‘[01m[Krclcpp::get_logger[m[K’ declared here
[1.700s]   106 |   friend Logger [01;36m[Krclcpp[m[K::get_logger(const std::string & name);
[1.700s]       |                 [01;36m[K^~~~~~[m[K
[1.700s] In file included from [01m[K/opt/ros/humble/include/rclcpp/rclcpp/client.hpp:40[m[K,
[1.700s]                  from [01m[K/opt/ros/humble/include/rclcpp/rclcpp/callback_group.hpp:24[m[K,
[1.700s]                  from [01m[K/opt/ros/humble/include/rclcpp/rclcpp/any_executable.hpp:20[m[K,
[1.700s]                  from [01m[K/opt/ros/humble/include/rclcpp/rclcpp/memory_strategy.hpp:25[m[K,
[1.700s]                  from [01m[K/opt/ros/humble/include/rclcpp/rclcpp/memory_strategies.hpp:18[m[K,
[1.700s]                  from [01m[K/opt/ros/humble/include/rclcpp/rclcpp/executor_options.hpp:20[m[K,
[1.700s]                  from [01m[K/opt/ros/humble/include/rclcpp/rclcpp/executor.hpp:37[m[K,
[1.700s]                  from [01m[K/opt/ros/humble/include/rclcpp/rclcpp/executors/multi_threaded_executor.hpp:25[m[K,
[1.700s]                  from [01m[K/opt/ros/humble/include/rclcpp/rclcpp/executors.hpp:21[m[K,
[1.700s]                  from [01m[K/opt/ros/humble/include/rclcpp/rclcpp/rclcpp.hpp:155[m[K,
[1.700s]                  from [01m[K/home/danielfreer/ros2_ws/src/AntobotRobot/antobot_control/src/ant_control.cpp:27[m[K:
[1.701s] [01m[K/home/danielfreer/ros2_ws/src/AntobotRobot/antobot_control/src/ant_control.cpp:52:7:[m[K [01;31m[Kerror: [m[Ktemplate argument 1 is invalid
[1.701s]    52 |       [01;31m[KRCLCPP_FATAL[m[K(
[1.701s]       |       [01;31m[K^~~~~~~~~~~~[m[K
[1.701s] [01m[K/home/danielfreer/ros2_ws/src/AntobotRobot/antobot_control/src/ant_control.cpp:52:7:[m[K [01;31m[Kerror: [m[Ktemplate argument 1 is invalid
[1.701s]    52 |       [01;31m[KRCLCPP_FATAL[m[K(
[1.701s]       |       [01;31m[K^~~~~~~~~~~~[m[K
[1.701s] [01m[K/home/danielfreer/ros2_ws/src/AntobotRobot/antobot_control/src/ant_control.cpp:52:7:[m[K [01;31m[Kerror: [m[Ktemplate argument 1 is invalid
[1.701s]    52 |       [01;31m[KRCLCPP_FATAL[m[K(
[1.701s]       |       [01;31m[K^~~~~~~~~~~~[m[K
[1.701s] [01m[K/home/danielfreer/ros2_ws/src/AntobotRobot/antobot_control/src/ant_control.cpp:61:9:[m[K [01;31m[Kerror: [m[K‘[01m[Kget_logger[m[K’ was not declared in this scope; did you mean ‘[01m[Krclcpp::get_logger[m[K’?
[1.701s]    61 |         [01;31m[Kget_logger[m[K(), "Joint '%s' have %s command interfaces found. '%s' expected.",
[1.701s]       |         [01;31m[K^~~~~~~~~~[m[K
[1.701s] In file included from [01m[K/opt/ros/humble/include/rclcpp/rclcpp/logging.hpp:23[m[K,
[1.701s]                  from [01m[K/opt/ros/humble/include/rclcpp/rclcpp/client.hpp:40[m[K,
[1.701s]                  from [01m[K/opt/ros/humble/include/rclcpp/rclcpp/callback_group.hpp:24[m[K,
[1.701s]                  from [01m[K/opt/ros/humble/include/rclcpp/rclcpp/any_executable.hpp:20[m[K,
[1.701s]                  from [01m[K/opt/ros/humble/include/rclcpp/rclcpp/memory_strategy.hpp:25[m[K,
[1.701s]                  from [01m[K/opt/ros/humble/include/rclcpp/rclcpp/memory_strategies.hpp:18[m[K,
[1.701s]                  from [01m[K/opt/ros/humble/include/rclcpp/rclcpp/executor_options.hpp:20[m[K,
[1.702s]                  from [01m[K/opt/ros/humble/include/rclcpp/rclcpp/executor.hpp:37[m[K,
[1.702s]                  from [01m[K/opt/ros/humble/include/rclcpp/rclcpp/executors/multi_threaded_executor.hpp:25[m[K,
[1.702s]                  from [01m[K/opt/ros/humble/include/rclcpp/rclcpp/executors.hpp:21[m[K,
[1.702s]                  from [01m[K/opt/ros/humble/include/rclcpp/rclcpp/rclcpp.hpp:155[m[K,
[1.702s]                  from [01m[K/home/danielfreer/ros2_ws/src/AntobotRobot/antobot_control/src/ant_control.cpp:27[m[K:
[1.702s] [01m[K/opt/ros/humble/include/rclcpp/rclcpp/logger.hpp:106:17:[m[K [01;36m[Knote: [m[K‘[01m[Krclcpp::get_logger[m[K’ declared here
[1.702s]   106 |   friend Logger [01;36m[Krclcpp[m[K::get_logger(const std::string & name);
[1.702s]       |                 [01;36m[K^~~~~~[m[K
[1.702s] In file included from [01m[K/opt/ros/humble/include/rclcpp/rclcpp/client.hpp:40[m[K,
[1.702s]                  from [01m[K/opt/ros/humble/include/rclcpp/rclcpp/callback_group.hpp:24[m[K,
[1.702s]                  from [01m[K/opt/ros/humble/include/rclcpp/rclcpp/any_executable.hpp:20[m[K,
[1.702s]                  from [01m[K/opt/ros/humble/include/rclcpp/rclcpp/memory_strategy.hpp:25[m[K,
[1.702s]                  from [01m[K/opt/ros/humble/include/rclcpp/rclcpp/memory_strategies.hpp:18[m[K,
[1.702s]                  from [01m[K/opt/ros/humble/include/rclcpp/rclcpp/executor_options.hpp:20[m[K,
[1.702s]                  from [01m[K/opt/ros/humble/include/rclcpp/rclcpp/executor.hpp:37[m[K,
[1.702s]                  from [01m[K/opt/ros/humble/include/rclcpp/rclcpp/executors/multi_threaded_executor.hpp:25[m[K,
[1.702s]                  from [01m[K/opt/ros/humble/include/rclcpp/rclcpp/executors.hpp:21[m[K,
[1.702s]                  from [01m[K/opt/ros/humble/include/rclcpp/rclcpp/rclcpp.hpp:155[m[K,
[1.702s]                  from [01m[K/home/danielfreer/ros2_ws/src/AntobotRobot/antobot_control/src/ant_control.cpp:27[m[K:
[1.702s] [01m[K/home/danielfreer/ros2_ws/src/AntobotRobot/antobot_control/src/ant_control.cpp:60:7:[m[K [01;31m[Kerror: [m[Ktemplate argument 1 is invalid
[1.703s]    60 |       [01;31m[KRCLCPP_FATAL[m[K(
[1.703s]       |       [01;31m[K^~~~~~~~~~~~[m[K
[1.703s] [01m[K/home/danielfreer/ros2_ws/src/AntobotRobot/antobot_control/src/ant_control.cpp:60:7:[m[K [01;31m[Kerror: [m[Ktemplate argument 1 is invalid
[1.703s]    60 |       [01;31m[KRCLCPP_FATAL[m[K(
[1.703s]       |       [01;31m[K^~~~~~~~~~~~[m[K
[1.703s] [01m[K/home/danielfreer/ros2_ws/src/AntobotRobot/antobot_control/src/ant_control.cpp:60:7:[m[K [01;31m[Kerror: [m[Ktemplate argument 1 is invalid
[1.703s]    60 |       [01;31m[KRCLCPP_FATAL[m[K(
[1.703s]       |       [01;31m[K^~~~~~~~~~~~[m[K
[1.703s] [01m[K/home/danielfreer/ros2_ws/src/AntobotRobot/antobot_control/src/ant_control.cpp:70:9:[m[K [01;31m[Kerror: [m[K‘[01m[Kget_logger[m[K’ was not declared in this scope; did you mean ‘[01m[Krclcpp::get_logger[m[K’?
[1.703s]    70 |         [01;31m[Kget_logger[m[K(), "Joint '%s' has %zu state interface. 1 expected.", joint.name.c_str(),
[1.703s]       |         [01;31m[K^~~~~~~~~~[m[K
[1.703s] In file included from [01m[K/opt/ros/humble/include/rclcpp/rclcpp/logging.hpp:23[m[K,
[1.703s]                  from [01m[K/opt/ros/humble/include/rclcpp/rclcpp/client.hpp:40[m[K,
[1.703s]                  from [01m[K/opt/ros/humble/include/rclcpp/rclcpp/callback_group.hpp:24[m[K,
[1.703s]                  from [01m[K/opt/ros/humble/include/rclcpp/rclcpp/any_executable.hpp:20[m[K,
[1.703s]                  from [01m[K/opt/ros/humble/include/rclcpp/rclcpp/memory_strategy.hpp:25[m[K,
[1.703s]                  from [01m[K/opt/ros/humble/include/rclcpp/rclcpp/memory_strategies.hpp:18[m[K,
[1.703s]                  from [01m[K/opt/ros/humble/include/rclcpp/rclcpp/executor_options.hpp:20[m[K,
[1.703s]                  from [01m[K/opt/ros/humble/include/rclcpp/rclcpp/executor.hpp:37[m[K,
[1.703s]                  from [01m[K/opt/ros/humble/include/rclcpp/rclcpp/executors/multi_threaded_executor.hpp:25[m[K,
[1.704s]                  from [01m[K/opt/ros/humble/include/rclcpp/rclcpp/executors.hpp:21[m[K,
[1.704s]                  from [01m[K/opt/ros/humble/include/rclcpp/rclcpp/rclcpp.hpp:155[m[K,
[1.704s]                  from [01m[K/home/danielfreer/ros2_ws/src/AntobotRobot/antobot_control/src/ant_control.cpp:27[m[K:
[1.704s] [01m[K/opt/ros/humble/include/rclcpp/rclcpp/logger.hpp:106:17:[m[K [01;36m[Knote: [m[K‘[01m[Krclcpp::get_logger[m[K’ declared here
[1.704s]   106 |   friend Logger [01;36m[Krclcpp[m[K::get_logger(const std::string & name);
[1.704s]       |                 [01;36m[K^~~~~~[m[K
[1.704s] In file included from [01m[K/opt/ros/humble/include/rclcpp/rclcpp/client.hpp:40[m[K,
[1.704s]                  from [01m[K/opt/ros/humble/include/rclcpp/rclcpp/callback_group.hpp:24[m[K,
[1.704s]                  from [01m[K/opt/ros/humble/include/rclcpp/rclcpp/any_executable.hpp:20[m[K,
[1.704s]                  from [01m[K/opt/ros/humble/include/rclcpp/rclcpp/memory_strategy.hpp:25[m[K,
[1.704s]                  from [01m[K/opt/ros/humble/include/rclcpp/rclcpp/memory_strategies.hpp:18[m[K,
[1.704s]                  from [01m[K/opt/ros/humble/include/rclcpp/rclcpp/executor_options.hpp:20[m[K,
[1.704s]                  from [01m[K/opt/ros/humble/include/rclcpp/rclcpp/executor.hpp:37[m[K,
[1.704s]                  from [01m[K/opt/ros/humble/include/rclcpp/rclcpp/executors/multi_threaded_executor.hpp:25[m[K,
[1.704s]                  from [01m[K/opt/ros/humble/include/rclcpp/rclcpp/executors.hpp:21[m[K,
[1.704s]                  from [01m[K/opt/ros/humble/include/rclcpp/rclcpp/rclcpp.hpp:155[m[K,
[1.704s]                  from [01m[K/home/danielfreer/ros2_ws/src/AntobotRobot/antobot_control/src/ant_control.cpp:27[m[K:
[1.704s] [01m[K/home/danielfreer/ros2_ws/src/AntobotRobot/antobot_control/src/ant_control.cpp:69:7:[m[K [01;31m[Kerror: [m[Ktemplate argument 1 is invalid
[1.704s]    69 |       [01;31m[KRCLCPP_FATAL[m[K(
[1.704s]       |       [01;31m[K^~~~~~~~~~~~[m[K
[1.704s] [01m[K/home/danielfreer/ros2_ws/src/AntobotRobot/antobot_control/src/ant_control.cpp:69:7:[m[K [01;31m[Kerror: [m[Ktemplate argument 1 is invalid
[1.704s]    69 |       [01;31m[KRCLCPP_FATAL[m[K(
[1.704s]       |       [01;31m[K^~~~~~~~~~~~[m[K
[1.704s] [01m[K/home/danielfreer/ros2_ws/src/AntobotRobot/antobot_control/src/ant_control.cpp:69:7:[m[K [01;31m[Kerror: [m[Ktemplate argument 1 is invalid
[1.705s]    69 |       [01;31m[KRCLCPP_FATAL[m[K(
[1.705s]       |       [01;31m[K^~~~~~~~~~~~[m[K
[1.705s] [01m[K/home/danielfreer/ros2_ws/src/AntobotRobot/antobot_control/src/ant_control.cpp:78:9:[m[K [01;31m[Kerror: [m[K‘[01m[Kget_logger[m[K’ was not declared in this scope; did you mean ‘[01m[Krclcpp::get_logger[m[K’?
[1.705s]    78 |         [01;31m[Kget_logger[m[K(), "Joint '%s' have %s state interface. '%s' expected.", joint.name.c_str(),
[1.705s]       |         [01;31m[K^~~~~~~~~~[m[K
[1.705s] In file included from [01m[K/opt/ros/humble/include/rclcpp/rclcpp/logging.hpp:23[m[K,
[1.705s]                  from [01m[K/opt/ros/humble/include/rclcpp/rclcpp/client.hpp:40[m[K,
[1.705s]                  from [01m[K/opt/ros/humble/include/rclcpp/rclcpp/callback_group.hpp:24[m[K,
[1.705s]                  from [01m[K/opt/ros/humble/include/rclcpp/rclcpp/any_executable.hpp:20[m[K,
[1.705s]                  from [01m[K/opt/ros/humble/include/rclcpp/rclcpp/memory_strategy.hpp:25[m[K,
[1.705s]                  from [01m[K/opt/ros/humble/include/rclcpp/rclcpp/memory_strategies.hpp:18[m[K,
[1.705s]                  from [01m[K/opt/ros/humble/include/rclcpp/rclcpp/executor_options.hpp:20[m[K,
[1.705s]                  from [01m[K/opt/ros/humble/include/rclcpp/rclcpp/executor.hpp:37[m[K,
[1.705s]                  from [01m[K/opt/ros/humble/include/rclcpp/rclcpp/executors/multi_threaded_executor.hpp:25[m[K,
[1.705s]                  from [01m[K/opt/ros/humble/include/rclcpp/rclcpp/executors.hpp:21[m[K,
[1.705s]                  from [01m[K/opt/ros/humble/include/rclcpp/rclcpp/rclcpp.hpp:155[m[K,
[1.705s]                  from [01m[K/home/danielfreer/ros2_ws/src/AntobotRobot/antobot_control/src/ant_control.cpp:27[m[K:
[1.705s] [01m[K/opt/ros/humble/include/rclcpp/rclcpp/logger.hpp:106:17:[m[K [01;36m[Knote: [m[K‘[01m[Krclcpp::get_logger[m[K’ declared here
[1.705s]   106 |   friend Logger [01;36m[Krclcpp[m[K::get_logger(const std::string & name);
[1.705s]       |                 [01;36m[K^~~~~~[m[K
[1.705s] In file included from [01m[K/opt/ros/humble/include/rclcpp/rclcpp/client.hpp:40[m[K,
[1.705s]                  from [01m[K/opt/ros/humble/include/rclcpp/rclcpp/callback_group.hpp:24[m[K,
[1.705s]                  from [01m[K/opt/ros/humble/include/rclcpp/rclcpp/any_executable.hpp:20[m[K,
[1.705s]                  from [01m[K/opt/ros/humble/include/rclcpp/rclcpp/memory_strategy.hpp:25[m[K,
[1.706s]                  from [01m[K/opt/ros/humble/include/rclcpp/rclcpp/memory_strategies.hpp:18[m[K,
[1.706s]                  from [01m[K/opt/ros/humble/include/rclcpp/rclcpp/executor_options.hpp:20[m[K,
[1.706s]                  from [01m[K/opt/ros/humble/include/rclcpp/rclcpp/executor.hpp:37[m[K,
[1.706s]                  from [01m[K/opt/ros/humble/include/rclcpp/rclcpp/executors/multi_threaded_executor.hpp:25[m[K,
[1.706s]                  from [01m[K/opt/ros/humble/include/rclcpp/rclcpp/executors.hpp:21[m[K,
[1.706s]                  from [01m[K/opt/ros/humble/include/rclcpp/rclcpp/rclcpp.hpp:155[m[K,
[1.706s]                  from [01m[K/home/danielfreer/ros2_ws/src/AntobotRobot/antobot_control/src/ant_control.cpp:27[m[K:
[1.706s] [01m[K/home/danielfreer/ros2_ws/src/AntobotRobot/antobot_control/src/ant_control.cpp:77:7:[m[K [01;31m[Kerror: [m[Ktemplate argument 1 is invalid
[1.706s]    77 |       [01;31m[KRCLCPP_FATAL[m[K(
[1.706s]       |       [01;31m[K^~~~~~~~~~~~[m[K
[1.706s] [01m[K/home/danielfreer/ros2_ws/src/AntobotRobot/antobot_control/src/ant_control.cpp:77:7:[m[K [01;31m[Kerror: [m[Ktemplate argument 1 is invalid
[1.706s]    77 |       [01;31m[KRCLCPP_FATAL[m[K(
[1.706s]       |       [01;31m[K^~~~~~~~~~~~[m[K
[1.706s] [01m[K/home/danielfreer/ros2_ws/src/AntobotRobot/antobot_control/src/ant_control.cpp:77:7:[m[K [01;31m[Kerror: [m[Ktemplate argument 1 is invalid
[1.706s]    77 |       [01;31m[KRCLCPP_FATAL[m[K(
[1.706s]       |       [01;31m[K^~~~~~~~~~~~[m[K
[1.706s] [01m[K/home/danielfreer/ros2_ws/src/AntobotRobot/antobot_control/src/ant_control.cpp:[m[K In member function ‘[01m[Kvirtual hardware_interface::CallbackReturn ros2_control_demo_example_1::RRBotSystemPositionOnlyHardware::on_configure(const rclcpp_lifecycle::State&)[m[K’:
[1.706s] [01m[K/home/danielfreer/ros2_ws/src/AntobotRobot/antobot_control/src/ant_control.cpp:91:15:[m[K [01;31m[Kerror: [m[K‘[01m[Kget_logger[m[K’ was not declared in this scope; did you mean ‘[01m[Krclcpp::get_logger[m[K’?
[1.706s]    91 |   RCLCPP_INFO([01;31m[Kget_logger[m[K(), "Configuring ...please wait...");
[1.706s]       |               [01;31m[K^~~~~~~~~~[m[K
[1.706s] In file included from [01m[K/opt/ros/humble/include/rclcpp/rclcpp/logging.hpp:23[m[K,
[1.706s]                  from [01m[K/opt/ros/humble/include/rclcpp/rclcpp/client.hpp:40[m[K,
[1.706s]                  from [01m[K/opt/ros/humble/include/rclcpp/rclcpp/callback_group.hpp:24[m[K,
[1.707s]                  from [01m[K/opt/ros/humble/include/rclcpp/rclcpp/any_executable.hpp:20[m[K,
[1.707s]                  from [01m[K/opt/ros/humble/include/rclcpp/rclcpp/memory_strategy.hpp:25[m[K,
[1.707s]                  from [01m[K/opt/ros/humble/include/rclcpp/rclcpp/memory_strategies.hpp:18[m[K,
[1.707s]                  from [01m[K/opt/ros/humble/include/rclcpp/rclcpp/executor_options.hpp:20[m[K,
[1.707s]                  from [01m[K/opt/ros/humble/include/rclcpp/rclcpp/executor.hpp:37[m[K,
[1.707s]                  from [01m[K/opt/ros/humble/include/rclcpp/rclcpp/executors/multi_threaded_executor.hpp:25[m[K,
[1.707s]                  from [01m[K/opt/ros/humble/include/rclcpp/rclcpp/executors.hpp:21[m[K,
[1.707s]                  from [01m[K/opt/ros/humble/include/rclcpp/rclcpp/rclcpp.hpp:155[m[K,
[1.707s]                  from [01m[K/home/danielfreer/ros2_ws/src/AntobotRobot/antobot_control/src/ant_control.cpp:27[m[K:
[1.707s] [01m[K/opt/ros/humble/include/rclcpp/rclcpp/logger.hpp:106:17:[m[K [01;36m[Knote: [m[K‘[01m[Krclcpp::get_logger[m[K’ declared here
[1.707s]   106 |   friend Logger [01;36m[Krclcpp[m[K::get_logger(const std::string & name);
[1.707s]       |                 [01;36m[K^~~~~~[m[K
[1.707s] In file included from [01m[K/opt/ros/humble/include/rclcpp/rclcpp/client.hpp:40[m[K,
[1.707s]                  from [01m[K/opt/ros/humble/include/rclcpp/rclcpp/callback_group.hpp:24[m[K,
[1.707s]                  from [01m[K/opt/ros/humble/include/rclcpp/rclcpp/any_executable.hpp:20[m[K,
[1.707s]                  from [01m[K/opt/ros/humble/include/rclcpp/rclcpp/memory_strategy.hpp:25[m[K,
[1.707s]                  from [01m[K/opt/ros/humble/include/rclcpp/rclcpp/memory_strategies.hpp:18[m[K,
[1.707s]                  from [01m[K/opt/ros/humble/include/rclcpp/rclcpp/executor_options.hpp:20[m[K,
[1.707s]                  from [01m[K/opt/ros/humble/include/rclcpp/rclcpp/executor.hpp:37[m[K,
[1.707s]                  from [01m[K/opt/ros/humble/include/rclcpp/rclcpp/executors/multi_threaded_executor.hpp:25[m[K,
[1.707s]                  from [01m[K/opt/ros/humble/include/rclcpp/rclcpp/executors.hpp:21[m[K,
[1.707s]                  from [01m[K/opt/ros/humble/include/rclcpp/rclcpp/rclcpp.hpp:155[m[K,
[1.707s]                  from [01m[K/home/danielfreer/ros2_ws/src/AntobotRobot/antobot_control/src/ant_control.cpp:27[m[K:
[1.708s] [01m[K/home/danielfreer/ros2_ws/src/AntobotRobot/antobot_control/src/ant_control.cpp:91:3:[m[K [01;31m[Kerror: [m[Ktemplate argument 1 is invalid
[1.708s]    91 |   [01;31m[KRCLCPP_INFO[m[K(get_logger(), "Configuring ...please wait...");
[1.708s]       |   [01;31m[K^~~~~~~~~~~[m[K
[1.708s] [01m[K/home/danielfreer/ros2_ws/src/AntobotRobot/antobot_control/src/ant_control.cpp:91:3:[m[K [01;31m[Kerror: [m[Ktemplate argument 1 is invalid
[1.708s]    91 |   [01;31m[KRCLCPP_INFO[m[K(get_logger(), "Configuring ...please wait...");
[1.708s]       |   [01;31m[K^~~~~~~~~~~[m[K
[1.708s] [01m[K/home/danielfreer/ros2_ws/src/AntobotRobot/antobot_control/src/ant_control.cpp:91:3:[m[K [01;31m[Kerror: [m[Ktemplate argument 1 is invalid
[1.708s]    91 |   [01;31m[KRCLCPP_INFO[m[K(get_logger(), "Configuring ...please wait...");
[1.708s]       |   [01;31m[K^~~~~~~~~~~[m[K
[1.708s] [01m[K/home/danielfreer/ros2_ws/src/AntobotRobot/antobot_control/src/ant_control.cpp:96:17:[m[K [01;31m[Kerror: [m[K‘[01m[Kget_logger[m[K’ was not declared in this scope; did you mean ‘[01m[Krclcpp::get_logger[m[K’?
[1.708s]    96 |     RCLCPP_INFO([01;31m[Kget_logger[m[K(), "%.1f seconds left...", hw_start_sec_ - i);
[1.708s]       |                 [01;31m[K^~~~~~~~~~[m[K
[1.708s] In file included from [01m[K/opt/ros/humble/include/rclcpp/rclcpp/logging.hpp:23[m[K,
[1.708s]                  from [01m[K/opt/ros/humble/include/rclcpp/rclcpp/client.hpp:40[m[K,
[1.708s]                  from [01m[K/opt/ros/humble/include/rclcpp/rclcpp/callback_group.hpp:24[m[K,
[1.708s]                  from [01m[K/opt/ros/humble/include/rclcpp/rclcpp/any_executable.hpp:20[m[K,
[1.708s]                  from [01m[K/opt/ros/humble/include/rclcpp/rclcpp/memory_strategy.hpp:25[m[K,
[1.708s]                  from [01m[K/opt/ros/humble/include/rclcpp/rclcpp/memory_strategies.hpp:18[m[K,
[1.708s]                  from [01m[K/opt/ros/humble/include/rclcpp/rclcpp/executor_options.hpp:20[m[K,
[1.708s]                  from [01m[K/opt/ros/humble/include/rclcpp/rclcpp/executor.hpp:37[m[K,
[1.708s]                  from [01m[K/opt/ros/humble/include/rclcpp/rclcpp/executors/multi_threaded_executor.hpp:25[m[K,
[1.708s]                  from [01m[K/opt/ros/humble/include/rclcpp/rclcpp/executors.hpp:21[m[K,
[1.708s]                  from [01m[K/opt/ros/humble/include/rclcpp/rclcpp/rclcpp.hpp:155[m[K,
[1.709s]                  from [01m[K/home/danielfreer/ros2_ws/src/AntobotRobot/antobot_control/src/ant_control.cpp:27[m[K:
[1.709s] [01m[K/opt/ros/humble/include/rclcpp/rclcpp/logger.hpp:106:17:[m[K [01;36m[Knote: [m[K‘[01m[Krclcpp::get_logger[m[K’ declared here
[1.709s]   106 |   friend Logger [01;36m[Krclcpp[m[K::get_logger(const std::string & name);
[1.709s]       |                 [01;36m[K^~~~~~[m[K
[1.709s] In file included from [01m[K/opt/ros/humble/include/rclcpp/rclcpp/client.hpp:40[m[K,
[1.709s]                  from [01m[K/opt/ros/humble/include/rclcpp/rclcpp/callback_group.hpp:24[m[K,
[1.709s]                  from [01m[K/opt/ros/humble/include/rclcpp/rclcpp/any_executable.hpp:20[m[K,
[1.709s]                  from [01m[K/opt/ros/humble/include/rclcpp/rclcpp/memory_strategy.hpp:25[m[K,
[1.709s]                  from [01m[K/opt/ros/humble/include/rclcpp/rclcpp/memory_strategies.hpp:18[m[K,
[1.709s]                  from [01m[K/opt/ros/humble/include/rclcpp/rclcpp/executor_options.hpp:20[m[K,
[1.709s]                  from [01m[K/opt/ros/humble/include/rclcpp/rclcpp/executor.hpp:37[m[K,
[1.709s]                  from [01m[K/opt/ros/humble/include/rclcpp/rclcpp/executors/multi_threaded_executor.hpp:25[m[K,
[1.709s]                  from [01m[K/opt/ros/humble/include/rclcpp/rclcpp/executors.hpp:21[m[K,
[1.709s]                  from [01m[K/opt/ros/humble/include/rclcpp/rclcpp/rclcpp.hpp:155[m[K,
[1.709s]                  from [01m[K/home/danielfreer/ros2_ws/src/AntobotRobot/antobot_control/src/ant_control.cpp:27[m[K:
[1.709s] [01m[K/home/danielfreer/ros2_ws/src/AntobotRobot/antobot_control/src/ant_control.cpp:96:5:[m[K [01;31m[Kerror: [m[Ktemplate argument 1 is invalid
[1.709s]    96 |     [01;31m[KRCLCPP_INFO[m[K(get_logger(), "%.1f seconds left...", hw_start_sec_ - i);
[1.709s]       |     [01;31m[K^~~~~~~~~~~[m[K
[1.709s] [01m[K/home/danielfreer/ros2_ws/src/AntobotRobot/antobot_control/src/ant_control.cpp:96:5:[m[K [01;31m[Kerror: [m[Ktemplate argument 1 is invalid
[1.709s]    96 |     [01;31m[KRCLCPP_INFO[m[K(get_logger(), "%.1f seconds left...", hw_start_sec_ - i);
[1.709s]       |     [01;31m[K^~~~~~~~~~~[m[K
[1.709s] [01m[K/home/danielfreer/ros2_ws/src/AntobotRobot/antobot_control/src/ant_control.cpp:96:5:[m[K [01;31m[Kerror: [m[Ktemplate argument 1 is invalid
[1.709s]    96 |     [01;31m[KRCLCPP_INFO[m[K(get_logger(), "%.1f seconds left...", hw_start_sec_ - i);
[1.709s]       |     [01;31m[K^~~~~~~~~~~[m[K
[1.710s] [01m[K/home/danielfreer/ros2_ws/src/AntobotRobot/antobot_control/src/ant_control.cpp:101:37:[m[K [01;31m[Kerror: [m[K‘[01m[Kjoint_state_interfaces_[m[K’ was not declared in this scope; did you mean ‘[01m[Kexport_state_interfaces[m[K’?
[1.710s]   101 |   for (const auto & [name, descr] : [01;31m[Kjoint_state_interfaces_[m[K)
[1.710s]       |                                     [01;31m[K^~~~~~~~~~~~~~~~~~~~~~~[m[K
[1.710s]       |                                     [32m[Kexport_state_interfaces[m[K
[1.714s] [01m[K/home/danielfreer/ros2_ws/src/AntobotRobot/antobot_control/src/ant_control.cpp:105:37:[m[K [01;31m[Kerror: [m[K‘[01m[Kjoint_command_interfaces_[m[K’ was not declared in this scope; did you mean ‘[01m[Kexport_command_interfaces[m[K’?
[1.714s]   105 |   for (const auto & [name, descr] : [01;31m[Kjoint_command_interfaces_[m[K)
[1.714s]       |                                     [01;31m[K^~~~~~~~~~~~~~~~~~~~~~~~~[m[K
[1.714s]       |                                     [32m[Kexport_command_interfaces[m[K
[1.718s] [01m[K/home/danielfreer/ros2_ws/src/AntobotRobot/antobot_control/src/ant_control.cpp:107:5:[m[K [01;31m[Kerror: [m[K‘[01m[Kset_command[m[K’ was not declared in this scope
[1.718s]   107 |     [01;31m[Kset_command[m[K(name, 0.0);
[1.718s]       |     [01;31m[K^~~~~~~~~~~[m[K
[1.718s] In file included from [01m[K/opt/ros/humble/include/rclcpp/rclcpp/client.hpp:40[m[K,
[1.718s]                  from [01m[K/opt/ros/humble/include/rclcpp/rclcpp/callback_group.hpp:24[m[K,
[1.718s]                  from [01m[K/opt/ros/humble/include/rclcpp/rclcpp/any_executable.hpp:20[m[K,
[1.719s]                  from [01m[K/opt/ros/humble/include/rclcpp/rclcpp/memory_strategy.hpp:25[m[K,
[1.719s]                  from [01m[K/opt/ros/humble/include/rclcpp/rclcpp/memory_strategies.hpp:18[m[K,
[1.719s]                  from [01m[K/opt/ros/humble/include/rclcpp/rclcpp/executor_options.hpp:20[m[K,
[1.719s]                  from [01m[K/opt/ros/humble/include/rclcpp/rclcpp/executor.hpp:37[m[K,
[1.719s]                  from [01m[K/opt/ros/humble/include/rclcpp/rclcpp/executors/multi_threaded_executor.hpp:25[m[K,
[1.719s]                  from [01m[K/opt/ros/humble/include/rclcpp/rclcpp/executors.hpp:21[m[K,
[1.719s]                  from [01m[K/opt/ros/humble/include/rclcpp/rclcpp/rclcpp.hpp:155[m[K,
[1.719s]                  from [01m[K/home/danielfreer/ros2_ws/src/AntobotRobot/antobot_control/src/ant_control.cpp:27[m[K:
[1.719s] [01m[K/home/danielfreer/ros2_ws/src/AntobotRobot/antobot_control/src/ant_control.cpp:109:15:[m[K [01;31m[Kerror: [m[K‘[01m[Kget_logger[m[K’ was not declared in this scope; did you mean ‘[01m[Krclcpp::get_logger[m[K’?
[1.719s]   109 |   RCLCPP_INFO([01;31m[Kget_logger[m[K(), "Successfully configured!");
[1.719s]       |               [01;31m[K^~~~~~~~~~[m[K
[1.719s] In file included from [01m[K/opt/ros/humble/include/rclcpp/rclcpp/logging.hpp:23[m[K,
[1.719s]                  from [01m[K/opt/ros/humble/include/rclcpp/rclcpp/client.hpp:40[m[K,
[1.719s]                  from [01m[K/opt/ros/humble/include/rclcpp/rclcpp/callback_group.hpp:24[m[K,
[1.720s]                  from [01m[K/opt/ros/humble/include/rclcpp/rclcpp/any_executable.hpp:20[m[K,
[1.720s]                  from [01m[K/opt/ros/humble/include/rclcpp/rclcpp/memory_strategy.hpp:25[m[K,
[1.720s]                  from [01m[K/opt/ros/humble/include/rclcpp/rclcpp/memory_strategies.hpp:18[m[K,
[1.720s]                  from [01m[K/opt/ros/humble/include/rclcpp/rclcpp/executor_options.hpp:20[m[K,
[1.720s]                  from [01m[K/opt/ros/humble/include/rclcpp/rclcpp/executor.hpp:37[m[K,
[1.720s]                  from [01m[K/opt/ros/humble/include/rclcpp/rclcpp/executors/multi_threaded_executor.hpp:25[m[K,
[1.720s]                  from [01m[K/opt/ros/humble/include/rclcpp/rclcpp/executors.hpp:21[m[K,
[1.720s]                  from [01m[K/opt/ros/humble/include/rclcpp/rclcpp/rclcpp.hpp:155[m[K,
[1.720s]                  from [01m[K/home/danielfreer/ros2_ws/src/AntobotRobot/antobot_control/src/ant_control.cpp:27[m[K:
[1.720s] [01m[K/opt/ros/humble/include/rclcpp/rclcpp/logger.hpp:106:17:[m[K [01;36m[Knote: [m[K‘[01m[Krclcpp::get_logger[m[K’ declared here
[1.720s]   106 |   friend Logger [01;36m[Krclcpp[m[K::get_logger(const std::string & name);
[1.720s]       |                 [01;36m[K^~~~~~[m[K
[1.720s] In file included from [01m[K/opt/ros/humble/include/rclcpp/rclcpp/client.hpp:40[m[K,
[1.720s]                  from [01m[K/opt/ros/humble/include/rclcpp/rclcpp/callback_group.hpp:24[m[K,
[1.720s]                  from [01m[K/opt/ros/humble/include/rclcpp/rclcpp/any_executable.hpp:20[m[K,
[1.720s]                  from [01m[K/opt/ros/humble/include/rclcpp/rclcpp/memory_strategy.hpp:25[m[K,
[1.720s]                  from [01m[K/opt/ros/humble/include/rclcpp/rclcpp/memory_strategies.hpp:18[m[K,
[1.720s]                  from [01m[K/opt/ros/humble/include/rclcpp/rclcpp/executor_options.hpp:20[m[K,
[1.720s]                  from [01m[K/opt/ros/humble/include/rclcpp/rclcpp/executor.hpp:37[m[K,
[1.720s]                  from [01m[K/opt/ros/humble/include/rclcpp/rclcpp/executors/multi_threaded_executor.hpp:25[m[K,
[1.720s]                  from [01m[K/opt/ros/humble/include/rclcpp/rclcpp/executors.hpp:21[m[K,
[1.720s]                  from [01m[K/opt/ros/humble/include/rclcpp/rclcpp/rclcpp.hpp:155[m[K,
[1.721s]                  from [01m[K/home/danielfreer/ros2_ws/src/AntobotRobot/antobot_control/src/ant_control.cpp:27[m[K:
[1.721s] [01m[K/home/danielfreer/ros2_ws/src/AntobotRobot/antobot_control/src/ant_control.cpp:109:3:[m[K [01;31m[Kerror: [m[Ktemplate argument 1 is invalid
[1.721s]   109 |   [01;31m[KRCLCPP_INFO[m[K(get_logger(), "Successfully configured!");
[1.721s]       |   [01;31m[K^~~~~~~~~~~[m[K
[1.721s] [01m[K/home/danielfreer/ros2_ws/src/AntobotRobot/antobot_control/src/ant_control.cpp:109:3:[m[K [01;31m[Kerror: [m[Ktemplate argument 1 is invalid
[1.721s]   109 |   [01;31m[KRCLCPP_INFO[m[K(get_logger(), "Successfully configured!");
[1.721s]       |   [01;31m[K^~~~~~~~~~~[m[K
[1.721s] [01m[K/home/danielfreer/ros2_ws/src/AntobotRobot/antobot_control/src/ant_control.cpp:109:3:[m[K [01;31m[Kerror: [m[Ktemplate argument 1 is invalid
[1.721s]   109 |   [01;31m[KRCLCPP_INFO[m[K(get_logger(), "Successfully configured!");
[1.721s]       |   [01;31m[K^~~~~~~~~~~[m[K
[1.721s] [01m[K/home/danielfreer/ros2_ws/src/AntobotRobot/antobot_control/src/ant_control.cpp:[m[K In member function ‘[01m[Kvirtual hardware_interface::CallbackReturn ros2_control_demo_example_1::RRBotSystemPositionOnlyHardware::on_activate(const rclcpp_lifecycle::State&)[m[K’:
[1.721s] [01m[K/home/danielfreer/ros2_ws/src/AntobotRobot/antobot_control/src/ant_control.cpp:118:15:[m[K [01;31m[Kerror: [m[K‘[01m[Kget_logger[m[K’ was not declared in this scope; did you mean ‘[01m[Krclcpp::get_logger[m[K’?
[1.721s]   118 |   RCLCPP_INFO([01;31m[Kget_logger[m[K(), "Activating ...please wait...");
[1.721s]       |               [01;31m[K^~~~~~~~~~[m[K
[1.721s] In file included from [01m[K/opt/ros/humble/include/rclcpp/rclcpp/logging.hpp:23[m[K,
[1.721s]                  from [01m[K/opt/ros/humble/include/rclcpp/rclcpp/client.hpp:40[m[K,
[1.721s]                  from [01m[K/opt/ros/humble/include/rclcpp/rclcpp/callback_group.hpp:24[m[K,
[1.721s]                  from [01m[K/opt/ros/humble/include/rclcpp/rclcpp/any_executable.hpp:20[m[K,
[1.721s]                  from [01m[K/opt/ros/humble/include/rclcpp/rclcpp/memory_strategy.hpp:25[m[K,
[1.721s]                  from [01m[K/opt/ros/humble/include/rclcpp/rclcpp/memory_strategies.hpp:18[m[K,
[1.721s]                  from [01m[K/opt/ros/humble/include/rclcpp/rclcpp/executor_options.hpp:20[m[K,
[1.721s]                  from [01m[K/opt/ros/humble/include/rclcpp/rclcpp/executor.hpp:37[m[K,
[1.721s]                  from [01m[K/opt/ros/humble/include/rclcpp/rclcpp/executors/multi_threaded_executor.hpp:25[m[K,
[1.721s]                  from [01m[K/opt/ros/humble/include/rclcpp/rclcpp/executors.hpp:21[m[K,
[1.722s]                  from [01m[K/opt/ros/humble/include/rclcpp/rclcpp/rclcpp.hpp:155[m[K,
[1.722s]                  from [01m[K/home/danielfreer/ros2_ws/src/AntobotRobot/antobot_control/src/ant_control.cpp:27[m[K:
[1.722s] [01m[K/opt/ros/humble/include/rclcpp/rclcpp/logger.hpp:106:17:[m[K [01;36m[Knote: [m[K‘[01m[Krclcpp::get_logger[m[K’ declared here
[1.722s]   106 |   friend Logger [01;36m[Krclcpp[m[K::get_logger(const std::string & name);
[1.722s]       |                 [01;36m[K^~~~~~[m[K
[1.722s] In file included from [01m[K/opt/ros/humble/include/rclcpp/rclcpp/client.hpp:40[m[K,
[1.722s]                  from [01m[K/opt/ros/humble/include/rclcpp/rclcpp/callback_group.hpp:24[m[K,
[1.722s]                  from [01m[K/opt/ros/humble/include/rclcpp/rclcpp/any_executable.hpp:20[m[K,
[1.722s]                  from [01m[K/opt/ros/humble/include/rclcpp/rclcpp/memory_strategy.hpp:25[m[K,
[1.722s]                  from [01m[K/opt/ros/humble/include/rclcpp/rclcpp/memory_strategies.hpp:18[m[K,
[1.722s]                  from [01m[K/opt/ros/humble/include/rclcpp/rclcpp/executor_options.hpp:20[m[K,
[1.722s]                  from [01m[K/opt/ros/humble/include/rclcpp/rclcpp/executor.hpp:37[m[K,
[1.722s]                  from [01m[K/opt/ros/humble/include/rclcpp/rclcpp/executors/multi_threaded_executor.hpp:25[m[K,
[1.722s]                  from [01m[K/opt/ros/humble/include/rclcpp/rclcpp/executors.hpp:21[m[K,
[1.722s]                  from [01m[K/opt/ros/humble/include/rclcpp/rclcpp/rclcpp.hpp:155[m[K,
[1.722s]                  from [01m[K/home/danielfreer/ros2_ws/src/AntobotRobot/antobot_control/src/ant_control.cpp:27[m[K:
[1.722s] [01m[K/home/danielfreer/ros2_ws/src/AntobotRobot/antobot_control/src/ant_control.cpp:118:3:[m[K [01;31m[Kerror: [m[Ktemplate argument 1 is invalid
[1.722s]   118 |   [01;31m[KRCLCPP_INFO[m[K(get_logger(), "Activating ...please wait...");
[1.722s]       |   [01;31m[K^~~~~~~~~~~[m[K
[1.722s] [01m[K/home/danielfreer/ros2_ws/src/AntobotRobot/antobot_control/src/ant_control.cpp:118:3:[m[K [01;31m[Kerror: [m[Ktemplate argument 1 is invalid
[1.722s]   118 |   [01;31m[KRCLCPP_INFO[m[K(get_logger(), "Activating ...please wait...");
[1.722s]       |   [01;31m[K^~~~~~~~~~~[m[K
[1.723s] [01m[K/home/danielfreer/ros2_ws/src/AntobotRobot/antobot_control/src/ant_control.cpp:118:3:[m[K [01;31m[Kerror: [m[Ktemplate argument 1 is invalid
[1.723s]   118 |   [01;31m[KRCLCPP_INFO[m[K(get_logger(), "Activating ...please wait...");
[1.723s]       |   [01;31m[K^~~~~~~~~~~[m[K
[1.723s] [01m[K/home/danielfreer/ros2_ws/src/AntobotRobot/antobot_control/src/ant_control.cpp:123:17:[m[K [01;31m[Kerror: [m[K‘[01m[Kget_logger[m[K’ was not declared in this scope; did you mean ‘[01m[Krclcpp::get_logger[m[K’?
[1.723s]   123 |     RCLCPP_INFO([01;31m[Kget_logger[m[K(), "%.1f seconds left...", hw_start_sec_ - i);
[1.723s]       |                 [01;31m[K^~~~~~~~~~[m[K
[1.723s] In file included from [01m[K/opt/ros/humble/include/rclcpp/rclcpp/logging.hpp:23[m[K,
[1.723s]                  from [01m[K/opt/ros/humble/include/rclcpp/rclcpp/client.hpp:40[m[K,
[1.723s]                  from [01m[K/opt/ros/humble/include/rclcpp/rclcpp/callback_group.hpp:24[m[K,
[1.723s]                  from [01m[K/opt/ros/humble/include/rclcpp/rclcpp/any_executable.hpp:20[m[K,
[1.723s]                  from [01m[K/opt/ros/humble/include/rclcpp/rclcpp/memory_strategy.hpp:25[m[K,
[1.723s]                  from [01m[K/opt/ros/humble/include/rclcpp/rclcpp/memory_strategies.hpp:18[m[K,
[1.723s]                  from [01m[K/opt/ros/humble/include/rclcpp/rclcpp/executor_options.hpp:20[m[K,
[1.723s]                  from [01m[K/opt/ros/humble/include/rclcpp/rclcpp/executor.hpp:37[m[K,
[1.723s]                  from [01m[K/opt/ros/humble/include/rclcpp/rclcpp/executors/multi_threaded_executor.hpp:25[m[K,
[1.723s]                  from [01m[K/opt/ros/humble/include/rclcpp/rclcpp/executors.hpp:21[m[K,
[1.723s]                  from [01m[K/opt/ros/humble/include/rclcpp/rclcpp/rclcpp.hpp:155[m[K,
[1.723s]                  from [01m[K/home/danielfreer/ros2_ws/src/AntobotRobot/antobot_control/src/ant_control.cpp:27[m[K:
[1.723s] [01m[K/opt/ros/humble/include/rclcpp/rclcpp/logger.hpp:106:17:[m[K [01;36m[Knote: [m[K‘[01m[Krclcpp::get_logger[m[K’ declared here
[1.723s]   106 |   friend Logger [01;36m[Krclcpp[m[K::get_logger(const std::string & name);
[1.723s]       |                 [01;36m[K^~~~~~[m[K
[1.723s] In file included from [01m[K/opt/ros/humble/include/rclcpp/rclcpp/client.hpp:40[m[K,
[1.724s]                  from [01m[K/opt/ros/humble/include/rclcpp/rclcpp/callback_group.hpp:24[m[K,
[1.724s]                  from [01m[K/opt/ros/humble/include/rclcpp/rclcpp/any_executable.hpp:20[m[K,
[1.724s]                  from [01m[K/opt/ros/humble/include/rclcpp/rclcpp/memory_strategy.hpp:25[m[K,
[1.724s]                  from [01m[K/opt/ros/humble/include/rclcpp/rclcpp/memory_strategies.hpp:18[m[K,
[1.724s]                  from [01m[K/opt/ros/humble/include/rclcpp/rclcpp/executor_options.hpp:20[m[K,
[1.724s]                  from [01m[K/opt/ros/humble/include/rclcpp/rclcpp/executor.hpp:37[m[K,
[1.724s]                  from [01m[K/opt/ros/humble/include/rclcpp/rclcpp/executors/multi_threaded_executor.hpp:25[m[K,
[1.724s]                  from [01m[K/opt/ros/humble/include/rclcpp/rclcpp/executors.hpp:21[m[K,
[1.724s]                  from [01m[K/opt/ros/humble/include/rclcpp/rclcpp/rclcpp.hpp:155[m[K,
[1.724s]                  from [01m[K/home/danielfreer/ros2_ws/src/AntobotRobot/antobot_control/src/ant_control.cpp:27[m[K:
[1.724s] [01m[K/home/danielfreer/ros2_ws/src/AntobotRobot/antobot_control/src/ant_control.cpp:123:5:[m[K [01;31m[Kerror: [m[Ktemplate argument 1 is invalid
[1.724s]   123 |     [01;31m[KRCLCPP_INFO[m[K(get_logger(), "%.1f seconds left...", hw_start_sec_ - i);
[1.724s]       |     [01;31m[K^~~~~~~~~~~[m[K
[1.724s] [01m[K/home/danielfreer/ros2_ws/src/AntobotRobot/antobot_control/src/ant_control.cpp:123:5:[m[K [01;31m[Kerror: [m[Ktemplate argument 1 is invalid
[1.724s]   123 |     [01;31m[KRCLCPP_INFO[m[K(get_logger(), "%.1f seconds left...", hw_start_sec_ - i);
[1.724s]       |     [01;31m[K^~~~~~~~~~~[m[K
[1.724s] [01m[K/home/danielfreer/ros2_ws/src/AntobotRobot/antobot_control/src/ant_control.cpp:123:5:[m[K [01;31m[Kerror: [m[Ktemplate argument 1 is invalid
[1.724s]   123 |     [01;31m[KRCLCPP_INFO[m[K(get_logger(), "%.1f seconds left...", hw_start_sec_ - i);
[1.724s]       |     [01;31m[K^~~~~~~~~~~[m[K
[1.726s] [01m[K/home/danielfreer/ros2_ws/src/AntobotRobot/antobot_control/src/ant_control.cpp:128:37:[m[K [01;31m[Kerror: [m[K‘[01m[Kjoint_state_interfaces_[m[K’ was not declared in this scope; did you mean ‘[01m[Kexport_state_interfaces[m[K’?
[1.726s]   128 |   for (const auto & [name, descr] : [01;31m[Kjoint_state_interfaces_[m[K)
[1.726s]       |                                     [01;31m[K^~~~~~~~~~~~~~~~~~~~~~~[m[K
[1.726s]       |                                     [32m[Kexport_state_interfaces[m[K
[1.731s] [01m[K/home/danielfreer/ros2_ws/src/AntobotRobot/antobot_control/src/ant_control.cpp:130:5:[m[K [01;31m[Kerror: [m[K‘[01m[Kset_command[m[K’ was not declared in this scope
[1.731s]   130 |     [01;31m[Kset_command[m[K(name, get_state(name));
[1.731s]       |     [01;31m[K^~~~~~~~~~~[m[K
[1.731s] In file included from [01m[K/opt/ros/humble/include/rclcpp/rclcpp/client.hpp:40[m[K,
[1.731s]                  from [01m[K/opt/ros/humble/include/rclcpp/rclcpp/callback_group.hpp:24[m[K,
[1.731s]                  from [01m[K/opt/ros/humble/include/rclcpp/rclcpp/any_executable.hpp:20[m[K,
[1.731s]                  from [01m[K/opt/ros/humble/include/rclcpp/rclcpp/memory_strategy.hpp:25[m[K,
[1.731s]                  from [01m[K/opt/ros/humble/include/rclcpp/rclcpp/memory_strategies.hpp:18[m[K,
[1.732s]                  from [01m[K/opt/ros/humble/include/rclcpp/rclcpp/executor_options.hpp:20[m[K,
[1.732s]                  from [01m[K/opt/ros/humble/include/rclcpp/rclcpp/executor.hpp:37[m[K,
[1.732s]                  from [01m[K/opt/ros/humble/include/rclcpp/rclcpp/executors/multi_threaded_executor.hpp:25[m[K,
[1.732s]                  from [01m[K/opt/ros/humble/include/rclcpp/rclcpp/executors.hpp:21[m[K,
[1.732s]                  from [01m[K/opt/ros/humble/include/rclcpp/rclcpp/rclcpp.hpp:155[m[K,
[1.732s]                  from [01m[K/home/danielfreer/ros2_ws/src/AntobotRobot/antobot_control/src/ant_control.cpp:27[m[K:
[1.732s] [01m[K/home/danielfreer/ros2_ws/src/AntobotRobot/antobot_control/src/ant_control.cpp:133:15:[m[K [01;31m[Kerror: [m[K‘[01m[Kget_logger[m[K’ was not declared in this scope; did you mean ‘[01m[Krclcpp::get_logger[m[K’?
[1.732s]   133 |   RCLCPP_INFO([01;31m[Kget_logger[m[K(), "Successfully activated!");
[1.732s]       |               [01;31m[K^~~~~~~~~~[m[K
[1.732s] In file included from [01m[K/opt/ros/humble/include/rclcpp/rclcpp/logging.hpp:23[m[K,
[1.732s]                  from [01m[K/opt/ros/humble/include/rclcpp/rclcpp/client.hpp:40[m[K,
[1.732s]                  from [01m[K/opt/ros/humble/include/rclcpp/rclcpp/callback_group.hpp:24[m[K,
[1.732s]                  from [01m[K/opt/ros/humble/include/rclcpp/rclcpp/any_executable.hpp:20[m[K,
[1.732s]                  from [01m[K/opt/ros/humble/include/rclcpp/rclcpp/memory_strategy.hpp:25[m[K,
[1.732s]                  from [01m[K/opt/ros/humble/include/rclcpp/rclcpp/memory_strategies.hpp:18[m[K,
[1.732s]                  from [01m[K/opt/ros/humble/include/rclcpp/rclcpp/executor_options.hpp:20[m[K,
[1.732s]                  from [01m[K/opt/ros/humble/include/rclcpp/rclcpp/executor.hpp:37[m[K,
[1.732s]                  from [01m[K/opt/ros/humble/include/rclcpp/rclcpp/executors/multi_threaded_executor.hpp:25[m[K,
[1.733s]                  from [01m[K/opt/ros/humble/include/rclcpp/rclcpp/executors.hpp:21[m[K,
[1.733s]                  from [01m[K/opt/ros/humble/include/rclcpp/rclcpp/rclcpp.hpp:155[m[K,
[1.733s]                  from [01m[K/home/danielfreer/ros2_ws/src/AntobotRobot/antobot_control/src/ant_control.cpp:27[m[K:
[1.733s] [01m[K/opt/ros/humble/include/rclcpp/rclcpp/logger.hpp:106:17:[m[K [01;36m[Knote: [m[K‘[01m[Krclcpp::get_logger[m[K’ declared here
[1.733s]   106 |   friend Logger [01;36m[Krclcpp[m[K::get_logger(const std::string & name);
[1.733s]       |                 [01;36m[K^~~~~~[m[K
[1.733s] In file included from [01m[K/opt/ros/humble/include/rclcpp/rclcpp/client.hpp:40[m[K,
[1.733s]                  from [01m[K/opt/ros/humble/include/rclcpp/rclcpp/callback_group.hpp:24[m[K,
[1.733s]                  from [01m[K/opt/ros/humble/include/rclcpp/rclcpp/any_executable.hpp:20[m[K,
[1.733s]                  from [01m[K/opt/ros/humble/include/rclcpp/rclcpp/memory_strategy.hpp:25[m[K,
[1.733s]                  from [01m[K/opt/ros/humble/include/rclcpp/rclcpp/memory_strategies.hpp:18[m[K,
[1.733s]                  from [01m[K/opt/ros/humble/include/rclcpp/rclcpp/executor_options.hpp:20[m[K,
[1.733s]                  from [01m[K/opt/ros/humble/include/rclcpp/rclcpp/executor.hpp:37[m[K,
[1.733s]                  from [01m[K/opt/ros/humble/include/rclcpp/rclcpp/executors/multi_threaded_executor.hpp:25[m[K,
[1.733s]                  from [01m[K/opt/ros/humble/include/rclcpp/rclcpp/executors.hpp:21[m[K,
[1.733s]                  from [01m[K/opt/ros/humble/include/rclcpp/rclcpp/rclcpp.hpp:155[m[K,
[1.733s]                  from [01m[K/home/danielfreer/ros2_ws/src/AntobotRobot/antobot_control/src/ant_control.cpp:27[m[K:
[1.734s] [01m[K/home/danielfreer/ros2_ws/src/AntobotRobot/antobot_control/src/ant_control.cpp:133:3:[m[K [01;31m[Kerror: [m[Ktemplate argument 1 is invalid
[1.734s]   133 |   [01;31m[KRCLCPP_INFO[m[K(get_logger(), "Successfully activated!");
[1.734s]       |   [01;31m[K^~~~~~~~~~~[m[K
[1.734s] [01m[K/home/danielfreer/ros2_ws/src/AntobotRobot/antobot_control/src/ant_control.cpp:133:3:[m[K [01;31m[Kerror: [m[Ktemplate argument 1 is invalid
[1.734s]   133 |   [01;31m[KRCLCPP_INFO[m[K(get_logger(), "Successfully activated!");
[1.734s]       |   [01;31m[K^~~~~~~~~~~[m[K
[1.734s] [01m[K/home/danielfreer/ros2_ws/src/AntobotRobot/antobot_control/src/ant_control.cpp:133:3:[m[K [01;31m[Kerror: [m[Ktemplate argument 1 is invalid
[1.734s]   133 |   [01;31m[KRCLCPP_INFO[m[K(get_logger(), "Successfully activated!");
[1.734s]       |   [01;31m[K^~~~~~~~~~~[m[K
[1.734s] [01m[K/home/danielfreer/ros2_ws/src/AntobotRobot/antobot_control/src/ant_control.cpp:[m[K In member function ‘[01m[Kvirtual hardware_interface::CallbackReturn ros2_control_demo_example_1::RRBotSystemPositionOnlyHardware::on_deactivate(const rclcpp_lifecycle::State&)[m[K’:
[1.734s] [01m[K/home/danielfreer/ros2_ws/src/AntobotRobot/antobot_control/src/ant_control.cpp:142:15:[m[K [01;31m[Kerror: [m[K‘[01m[Kget_logger[m[K’ was not declared in this scope; did you mean ‘[01m[Krclcpp::get_logger[m[K’?
[1.734s]   142 |   RCLCPP_INFO([01;31m[Kget_logger[m[K(), "Deactivating ...please wait...");
[1.734s]       |               [01;31m[K^~~~~~~~~~[m[K
[1.734s] In file included from [01m[K/opt/ros/humble/include/rclcpp/rclcpp/logging.hpp:23[m[K,
[1.734s]                  from [01m[K/opt/ros/humble/include/rclcpp/rclcpp/client.hpp:40[m[K,
[1.734s]                  from [01m[K/opt/ros/humble/include/rclcpp/rclcpp/callback_group.hpp:24[m[K,
[1.734s]                  from [01m[K/opt/ros/humble/include/rclcpp/rclcpp/any_executable.hpp:20[m[K,
[1.734s]                  from [01m[K/opt/ros/humble/include/rclcpp/rclcpp/memory_strategy.hpp:25[m[K,
[1.734s]                  from [01m[K/opt/ros/humble/include/rclcpp/rclcpp/memory_strategies.hpp:18[m[K,
[1.734s]                  from [01m[K/opt/ros/humble/include/rclcpp/rclcpp/executor_options.hpp:20[m[K,
[1.735s]                  from [01m[K/opt/ros/humble/include/rclcpp/rclcpp/executor.hpp:37[m[K,
[1.735s]                  from [01m[K/opt/ros/humble/include/rclcpp/rclcpp/executors/multi_threaded_executor.hpp:25[m[K,
[1.735s]                  from [01m[K/opt/ros/humble/include/rclcpp/rclcpp/executors.hpp:21[m[K,
[1.735s]                  from [01m[K/opt/ros/humble/include/rclcpp/rclcpp/rclcpp.hpp:155[m[K,
[1.735s]                  from [01m[K/home/danielfreer/ros2_ws/src/AntobotRobot/antobot_control/src/ant_control.cpp:27[m[K:
[1.735s] [01m[K/opt/ros/humble/include/rclcpp/rclcpp/logger.hpp:106:17:[m[K [01;36m[Knote: [m[K‘[01m[Krclcpp::get_logger[m[K’ declared here
[1.735s]   106 |   friend Logger [01;36m[Krclcpp[m[K::get_logger(const std::string & name);
[1.735s]       |                 [01;36m[K^~~~~~[m[K
[1.735s] In file included from [01m[K/opt/ros/humble/include/rclcpp/rclcpp/client.hpp:40[m[K,
[1.735s]                  from [01m[K/opt/ros/humble/include/rclcpp/rclcpp/callback_group.hpp:24[m[K,
[1.735s]                  from [01m[K/opt/ros/humble/include/rclcpp/rclcpp/any_executable.hpp:20[m[K,
[1.735s]                  from [01m[K/opt/ros/humble/include/rclcpp/rclcpp/memory_strategy.hpp:25[m[K,
[1.735s]                  from [01m[K/opt/ros/humble/include/rclcpp/rclcpp/memory_strategies.hpp:18[m[K,
[1.735s]                  from [01m[K/opt/ros/humble/include/rclcpp/rclcpp/executor_options.hpp:20[m[K,
[1.735s]                  from [01m[K/opt/ros/humble/include/rclcpp/rclcpp/executor.hpp:37[m[K,
[1.735s]                  from [01m[K/opt/ros/humble/include/rclcpp/rclcpp/executors/multi_threaded_executor.hpp:25[m[K,
[1.735s]                  from [01m[K/opt/ros/humble/include/rclcpp/rclcpp/executors.hpp:21[m[K,
[1.735s]                  from [01m[K/opt/ros/humble/include/rclcpp/rclcpp/rclcpp.hpp:155[m[K,
[1.735s]                  from [01m[K/home/danielfreer/ros2_ws/src/AntobotRobot/antobot_control/src/ant_control.cpp:27[m[K:
[1.735s] [01m[K/home/danielfreer/ros2_ws/src/AntobotRobot/antobot_control/src/ant_control.cpp:142:3:[m[K [01;31m[Kerror: [m[Ktemplate argument 1 is invalid
[1.735s]   142 |   [01;31m[KRCLCPP_INFO[m[K(get_logger(), "Deactivating ...please wait...");
[1.735s]       |   [01;31m[K^~~~~~~~~~~[m[K
[1.735s] [01m[K/home/danielfreer/ros2_ws/src/AntobotRobot/antobot_control/src/ant_control.cpp:142:3:[m[K [01;31m[Kerror: [m[Ktemplate argument 1 is invalid
[1.736s]   142 |   [01;31m[KRCLCPP_INFO[m[K(get_logger(), "Deactivating ...please wait...");
[1.736s]       |   [01;31m[K^~~~~~~~~~~[m[K
[1.736s] [01m[K/home/danielfreer/ros2_ws/src/AntobotRobot/antobot_control/src/ant_control.cpp:142:3:[m[K [01;31m[Kerror: [m[Ktemplate argument 1 is invalid
[1.736s]   142 |   [01;31m[KRCLCPP_INFO[m[K(get_logger(), "Deactivating ...please wait...");
[1.736s]       |   [01;31m[K^~~~~~~~~~~[m[K
[1.736s] [01m[K/home/danielfreer/ros2_ws/src/AntobotRobot/antobot_control/src/ant_control.cpp:147:17:[m[K [01;31m[Kerror: [m[K‘[01m[Kget_logger[m[K’ was not declared in this scope; did you mean ‘[01m[Krclcpp::get_logger[m[K’?
[1.736s]   147 |     RCLCPP_INFO([01;31m[Kget_logger[m[K(), "%.1f seconds left...", hw_stop_sec_ - i);
[1.736s]       |                 [01;31m[K^~~~~~~~~~[m[K
[1.736s] In file included from [01m[K/opt/ros/humble/include/rclcpp/rclcpp/logging.hpp:23[m[K,
[1.736s]                  from [01m[K/opt/ros/humble/include/rclcpp/rclcpp/client.hpp:40[m[K,
[1.736s]                  from [01m[K/opt/ros/humble/include/rclcpp/rclcpp/callback_group.hpp:24[m[K,
[1.736s]                  from [01m[K/opt/ros/humble/include/rclcpp/rclcpp/any_executable.hpp:20[m[K,
[1.736s]                  from [01m[K/opt/ros/humble/include/rclcpp/rclcpp/memory_strategy.hpp:25[m[K,
[1.736s]                  from [01m[K/opt/ros/humble/include/rclcpp/rclcpp/memory_strategies.hpp:18[m[K,
[1.736s]                  from [01m[K/opt/ros/humble/include/rclcpp/rclcpp/executor_options.hpp:20[m[K,
[1.736s]                  from [01m[K/opt/ros/humble/include/rclcpp/rclcpp/executor.hpp:37[m[K,
[1.736s]                  from [01m[K/opt/ros/humble/include/rclcpp/rclcpp/executors/multi_threaded_executor.hpp:25[m[K,
[1.736s]                  from [01m[K/opt/ros/humble/include/rclcpp/rclcpp/executors.hpp:21[m[K,
[1.736s]                  from [01m[K/opt/ros/humble/include/rclcpp/rclcpp/rclcpp.hpp:155[m[K,
[1.736s]                  from [01m[K/home/danielfreer/ros2_ws/src/AntobotRobot/antobot_control/src/ant_control.cpp:27[m[K:
[1.736s] [01m[K/opt/ros/humble/include/rclcpp/rclcpp/logger.hpp:106:17:[m[K [01;36m[Knote: [m[K‘[01m[Krclcpp::get_logger[m[K’ declared here
[1.736s]   106 |   friend Logger [01;36m[Krclcpp[m[K::get_logger(const std::string & name);
[1.736s]       |                 [01;36m[K^~~~~~[m[K
[1.737s] In file included from [01m[K/opt/ros/humble/include/rclcpp/rclcpp/client.hpp:40[m[K,
[1.737s]                  from [01m[K/opt/ros/humble/include/rclcpp/rclcpp/callback_group.hpp:24[m[K,
[1.737s]                  from [01m[K/opt/ros/humble/include/rclcpp/rclcpp/any_executable.hpp:20[m[K,
[1.737s]                  from [01m[K/opt/ros/humble/include/rclcpp/rclcpp/memory_strategy.hpp:25[m[K,
[1.737s]                  from [01m[K/opt/ros/humble/include/rclcpp/rclcpp/memory_strategies.hpp:18[m[K,
[1.737s]                  from [01m[K/opt/ros/humble/include/rclcpp/rclcpp/executor_options.hpp:20[m[K,
[1.737s]                  from [01m[K/opt/ros/humble/include/rclcpp/rclcpp/executor.hpp:37[m[K,
[1.737s]                  from [01m[K/opt/ros/humble/include/rclcpp/rclcpp/executors/multi_threaded_executor.hpp:25[m[K,
[1.737s]                  from [01m[K/opt/ros/humble/include/rclcpp/rclcpp/executors.hpp:21[m[K,
[1.737s]                  from [01m[K/opt/ros/humble/include/rclcpp/rclcpp/rclcpp.hpp:155[m[K,
[1.737s]                  from [01m[K/home/danielfreer/ros2_ws/src/AntobotRobot/antobot_control/src/ant_control.cpp:27[m[K:
[1.737s] [01m[K/home/danielfreer/ros2_ws/src/AntobotRobot/antobot_control/src/ant_control.cpp:147:5:[m[K [01;31m[Kerror: [m[Ktemplate argument 1 is invalid
[1.737s]   147 |     [01;31m[KRCLCPP_INFO[m[K(get_logger(), "%.1f seconds left...", hw_stop_sec_ - i);
[1.737s]       |     [01;31m[K^~~~~~~~~~~[m[K
[1.737s] [01m[K/home/danielfreer/ros2_ws/src/AntobotRobot/antobot_control/src/ant_control.cpp:147:5:[m[K [01;31m[Kerror: [m[Ktemplate argument 1 is invalid
[1.737s]   147 |     [01;31m[KRCLCPP_INFO[m[K(get_logger(), "%.1f seconds left...", hw_stop_sec_ - i);
[1.737s]       |     [01;31m[K^~~~~~~~~~~[m[K
[1.737s] [01m[K/home/danielfreer/ros2_ws/src/AntobotRobot/antobot_control/src/ant_control.cpp:147:5:[m[K [01;31m[Kerror: [m[Ktemplate argument 1 is invalid
[1.737s]   147 |     [01;31m[KRCLCPP_INFO[m[K(get_logger(), "%.1f seconds left...", hw_stop_sec_ - i);
[1.737s]       |     [01;31m[K^~~~~~~~~~~[m[K
[1.737s] [01m[K/home/danielfreer/ros2_ws/src/AntobotRobot/antobot_control/src/ant_control.cpp:150:15:[m[K [01;31m[Kerror: [m[K‘[01m[Kget_logger[m[K’ was not declared in this scope; did you mean ‘[01m[Krclcpp::get_logger[m[K’?
[1.737s]   150 |   RCLCPP_INFO([01;31m[Kget_logger[m[K(), "Successfully deactivated!");
[1.737s]       |               [01;31m[K^~~~~~~~~~[m[K
[1.737s] In file included from [01m[K/opt/ros/humble/include/rclcpp/rclcpp/logging.hpp:23[m[K,
[1.738s]                  from [01m[K/opt/ros/humble/include/rclcpp/rclcpp/client.hpp:40[m[K,
[1.738s]                  from [01m[K/opt/ros/humble/include/rclcpp/rclcpp/callback_group.hpp:24[m[K,
[1.738s]                  from [01m[K/opt/ros/humble/include/rclcpp/rclcpp/any_executable.hpp:20[m[K,
[1.738s]                  from [01m[K/opt/ros/humble/include/rclcpp/rclcpp/memory_strategy.hpp:25[m[K,
[1.738s]                  from [01m[K/opt/ros/humble/include/rclcpp/rclcpp/memory_strategies.hpp:18[m[K,
[1.738s]                  from [01m[K/opt/ros/humble/include/rclcpp/rclcpp/executor_options.hpp:20[m[K,
[1.738s]                  from [01m[K/opt/ros/humble/include/rclcpp/rclcpp/executor.hpp:37[m[K,
[1.738s]                  from [01m[K/opt/ros/humble/include/rclcpp/rclcpp/executors/multi_threaded_executor.hpp:25[m[K,
[1.738s]                  from [01m[K/opt/ros/humble/include/rclcpp/rclcpp/executors.hpp:21[m[K,
[1.738s]                  from [01m[K/opt/ros/humble/include/rclcpp/rclcpp/rclcpp.hpp:155[m[K,
[1.738s]                  from [01m[K/home/danielfreer/ros2_ws/src/AntobotRobot/antobot_control/src/ant_control.cpp:27[m[K:
[1.738s] [01m[K/opt/ros/humble/include/rclcpp/rclcpp/logger.hpp:106:17:[m[K [01;36m[Knote: [m[K‘[01m[Krclcpp::get_logger[m[K’ declared here
[1.738s]   106 |   friend Logger [01;36m[Krclcpp[m[K::get_logger(const std::string & name);
[1.738s]       |                 [01;36m[K^~~~~~[m[K
[1.738s] In file included from [01m[K/opt/ros/humble/include/rclcpp/rclcpp/client.hpp:40[m[K,
[1.738s]                  from [01m[K/opt/ros/humble/include/rclcpp/rclcpp/callback_group.hpp:24[m[K,
[1.738s]                  from [01m[K/opt/ros/humble/include/rclcpp/rclcpp/any_executable.hpp:20[m[K,
[1.738s]                  from [01m[K/opt/ros/humble/include/rclcpp/rclcpp/memory_strategy.hpp:25[m[K,
[1.738s]                  from [01m[K/opt/ros/humble/include/rclcpp/rclcpp/memory_strategies.hpp:18[m[K,
[1.738s]                  from [01m[K/opt/ros/humble/include/rclcpp/rclcpp/executor_options.hpp:20[m[K,
[1.738s]                  from [01m[K/opt/ros/humble/include/rclcpp/rclcpp/executor.hpp:37[m[K,
[1.738s]                  from [01m[K/opt/ros/humble/include/rclcpp/rclcpp/executors/multi_threaded_executor.hpp:25[m[K,
[1.738s]                  from [01m[K/opt/ros/humble/include/rclcpp/rclcpp/executors.hpp:21[m[K,
[1.738s]                  from [01m[K/opt/ros/humble/include/rclcpp/rclcpp/rclcpp.hpp:155[m[K,
[1.739s]                  from [01m[K/home/danielfreer/ros2_ws/src/AntobotRobot/antobot_control/src/ant_control.cpp:27[m[K:
[1.739s] [01m[K/home/danielfreer/ros2_ws/src/AntobotRobot/antobot_control/src/ant_control.cpp:150:3:[m[K [01;31m[Kerror: [m[Ktemplate argument 1 is invalid
[1.739s]   150 |   [01;31m[KRCLCPP_INFO[m[K(get_logger(), "Successfully deactivated!");
[1.739s]       |   [01;31m[K^~~~~~~~~~~[m[K
[1.739s] [01m[K/home/danielfreer/ros2_ws/src/AntobotRobot/antobot_control/src/ant_control.cpp:150:3:[m[K [01;31m[Kerror: [m[Ktemplate argument 1 is invalid
[1.739s]   150 |   [01;31m[KRCLCPP_INFO[m[K(get_logger(), "Successfully deactivated!");
[1.739s]       |   [01;31m[K^~~~~~~~~~~[m[K
[1.739s] [01m[K/home/danielfreer/ros2_ws/src/AntobotRobot/antobot_control/src/ant_control.cpp:150:3:[m[K [01;31m[Kerror: [m[Ktemplate argument 1 is invalid
[1.739s]   150 |   [01;31m[KRCLCPP_INFO[m[K(get_logger(), "Successfully deactivated!");
[1.739s]       |   [01;31m[K^~~~~~~~~~~[m[K
[1.740s] [01m[K/home/danielfreer/ros2_ws/src/AntobotRobot/antobot_control/src/ant_control.cpp:[m[K In member function ‘[01m[Kvirtual hardware_interface::return_type ros2_control_demo_example_1::RRBotSystemPositionOnlyHardware::read(const rclcpp::Time&, const rclcpp::Duration&)[m[K’:
[1.740s] [01m[K/home/danielfreer/ros2_ws/src/AntobotRobot/antobot_control/src/ant_control.cpp:163:37:[m[K [01;31m[Kerror: [m[K‘[01m[Kjoint_state_interfaces_[m[K’ was not declared in this scope; did you mean ‘[01m[Kexport_state_interfaces[m[K’?
[1.740s]   163 |   for (const auto & [name, descr] : [01;31m[Kjoint_state_interfaces_[m[K)
[1.740s]       |                                     [01;31m[K^~~~~~~~~~~~~~~~~~~~~~~[m[K
[1.740s]       |                                     [32m[Kexport_state_interfaces[m[K
[1.745s] [01m[K/home/danielfreer/ros2_ws/src/AntobotRobot/antobot_control/src/ant_control.cpp:166:41:[m[K [01;31m[Kerror: [m[K‘[01m[Kget_command[m[K’ was not declared in this scope
[1.745s]   166 |     auto new_value = get_state(name) + ([01;31m[Kget_command[m[K(name) - get_state(name)) / hw_slowdown_;
[1.745s]       |                                         [01;31m[K^~~~~~~~~~~[m[K
[1.745s] In file included from [01m[K/opt/ros/humble/include/rclcpp/rclcpp/client.hpp:40[m[K,
[1.745s]                  from [01m[K/opt/ros/humble/include/rclcpp/rclcpp/callback_group.hpp:24[m[K,
[1.745s]                  from [01m[K/opt/ros/humble/include/rclcpp/rclcpp/any_executable.hpp:20[m[K,
[1.745s]                  from [01m[K/opt/ros/humble/include/rclcpp/rclcpp/memory_strategy.hpp:25[m[K,
[1.745s]                  from [01m[K/opt/ros/humble/include/rclcpp/rclcpp/memory_strategies.hpp:18[m[K,
[1.745s]                  from [01m[K/opt/ros/humble/include/rclcpp/rclcpp/executor_options.hpp:20[m[K,
[1.746s]                  from [01m[K/opt/ros/humble/include/rclcpp/rclcpp/executor.hpp:37[m[K,
[1.746s]                  from [01m[K/opt/ros/humble/include/rclcpp/rclcpp/executors/multi_threaded_executor.hpp:25[m[K,
[1.746s]                  from [01m[K/opt/ros/humble/include/rclcpp/rclcpp/executors.hpp:21[m[K,
[1.746s]                  from [01m[K/opt/ros/humble/include/rclcpp/rclcpp/rclcpp.hpp:155[m[K,
[1.746s]                  from [01m[K/home/danielfreer/ros2_ws/src/AntobotRobot/antobot_control/src/ant_control.cpp:27[m[K:
[1.746s] [01m[K/home/danielfreer/ros2_ws/src/AntobotRobot/antobot_control/src/ant_control.cpp:171:24:[m[K [01;31m[Kerror: [m[K‘[01m[Kget_logger[m[K’ was not declared in this scope; did you mean ‘[01m[Krclcpp::get_logger[m[K’?
[1.746s]   171 |   RCLCPP_INFO_THROTTLE([01;31m[Kget_logger[m[K(), *get_clock(), 500, "%s", ss.str().c_str());
[1.746s]       |                        [01;31m[K^~~~~~~~~~[m[K
[1.746s] In file included from [01m[K/opt/ros/humble/include/rclcpp/rclcpp/logging.hpp:23[m[K,
[1.746s]                  from [01m[K/opt/ros/humble/include/rclcpp/rclcpp/client.hpp:40[m[K,
[1.746s]                  from [01m[K/opt/ros/humble/include/rclcpp/rclcpp/callback_group.hpp:24[m[K,
[1.746s]                  from [01m[K/opt/ros/humble/include/rclcpp/rclcpp/any_executable.hpp:20[m[K,
[1.746s]                  from [01m[K/opt/ros/humble/include/rclcpp/rclcpp/memory_strategy.hpp:25[m[K,
[1.746s]                  from [01m[K/opt/ros/humble/include/rclcpp/rclcpp/memory_strategies.hpp:18[m[K,
[1.746s]                  from [01m[K/opt/ros/humble/include/rclcpp/rclcpp/executor_options.hpp:20[m[K,
[1.746s]                  from [01m[K/opt/ros/humble/include/rclcpp/rclcpp/executor.hpp:37[m[K,
[1.746s]                  from [01m[K/opt/ros/humble/include/rclcpp/rclcpp/executors/multi_threaded_executor.hpp:25[m[K,
[1.746s]                  from [01m[K/opt/ros/humble/include/rclcpp/rclcpp/executors.hpp:21[m[K,
[1.746s]                  from [01m[K/opt/ros/humble/include/rclcpp/rclcpp/rclcpp.hpp:155[m[K,
[1.746s]                  from [01m[K/home/danielfreer/ros2_ws/src/AntobotRobot/antobot_control/src/ant_control.cpp:27[m[K:
[1.746s] [01m[K/opt/ros/humble/include/rclcpp/rclcpp/logger.hpp:106:17:[m[K [01;36m[Knote: [m[K‘[01m[Krclcpp::get_logger[m[K’ declared here
[1.747s]   106 |   friend Logger [01;36m[Krclcpp[m[K::get_logger(const std::string & name);
[1.747s]       |                 [01;36m[K^~~~~~[m[K
[1.747s] In file included from [01m[K/opt/ros/humble/include/rclcpp/rclcpp/client.hpp:40[m[K,
[1.747s]                  from [01m[K/opt/ros/humble/include/rclcpp/rclcpp/callback_group.hpp:24[m[K,
[1.747s]                  from [01m[K/opt/ros/humble/include/rclcpp/rclcpp/any_executable.hpp:20[m[K,
[1.747s]                  from [01m[K/opt/ros/humble/include/rclcpp/rclcpp/memory_strategy.hpp:25[m[K,
[1.747s]                  from [01m[K/opt/ros/humble/include/rclcpp/rclcpp/memory_strategies.hpp:18[m[K,
[1.747s]                  from [01m[K/opt/ros/humble/include/rclcpp/rclcpp/executor_options.hpp:20[m[K,
[1.747s]                  from [01m[K/opt/ros/humble/include/rclcpp/rclcpp/executor.hpp:37[m[K,
[1.747s]                  from [01m[K/opt/ros/humble/include/rclcpp/rclcpp/executors/multi_threaded_executor.hpp:25[m[K,
[1.747s]                  from [01m[K/opt/ros/humble/include/rclcpp/rclcpp/executors.hpp:21[m[K,
[1.747s]                  from [01m[K/opt/ros/humble/include/rclcpp/rclcpp/rclcpp.hpp:155[m[K,
[1.747s]                  from [01m[K/home/danielfreer/ros2_ws/src/AntobotRobot/antobot_control/src/ant_control.cpp:27[m[K:
[1.747s] [01m[K/home/danielfreer/ros2_ws/src/AntobotRobot/antobot_control/src/ant_control.cpp:171:3:[m[K [01;31m[Kerror: [m[Ktemplate argument 1 is invalid
[1.747s]   171 |   [01;31m[KRCLCPP_INFO_THROTTLE[m[K(get_logger(), *get_clock(), 500, "%s", ss.str().c_str());
[1.747s]       |   [01;31m[K^~~~~~~~~~~~~~~~~~~~[m[K
[1.747s] [01m[K/home/danielfreer/ros2_ws/src/AntobotRobot/antobot_control/src/ant_control.cpp:171:3:[m[K [01;31m[Kerror: [m[Ktemplate argument 1 is invalid
[1.747s]   171 |   [01;31m[KRCLCPP_INFO_THROTTLE[m[K(get_logger(), *get_clock(), 500, "%s", ss.str().c_str());
[1.747s]       |   [01;31m[K^~~~~~~~~~~~~~~~~~~~[m[K
[1.747s] [01m[K/home/danielfreer/ros2_ws/src/AntobotRobot/antobot_control/src/ant_control.cpp:171:3:[m[K [01;31m[Kerror: [m[Ktemplate argument 1 is invalid
[1.747s]   171 |   [01;31m[KRCLCPP_INFO_THROTTLE[m[K(get_logger(), *get_clock(), 500, "%s", ss.str().c_str());
[1.747s]       |   [01;31m[K^~~~~~~~~~~~~~~~~~~~[m[K
[1.750s] [01m[K/home/danielfreer/ros2_ws/src/AntobotRobot/antobot_control/src/ant_control.cpp:171:39:[m[K [01;31m[Kerror: [m[K‘[01m[Kget_clock[m[K’ was not declared in this scope
[1.750s]   171 |   RCLCPP_INFO_THROTTLE(get_logger(), *[01;31m[Kget_clock[m[K(), 500, "%s", ss.str().c_str());
[1.750s]       |                                       [01;31m[K^~~~~~~~~[m[K
[1.753s] [01m[K/home/danielfreer/ros2_ws/src/AntobotRobot/antobot_control/src/ant_control.cpp:[m[K In lambda function:
[1.753s] [01m[K/home/danielfreer/ros2_ws/src/AntobotRobot/antobot_control/src/ant_control.cpp:171:3:[m[K [01;31m[Kerror: [m[K‘[01m[Kc[m[K’ was not declared in this scope
[1.753s]   171 |   [01;31m[KRCLCPP_INFO_THROTTLE[m[K(get_logger(), *get_clock(), 500, "%s", ss.str().c_str());
[1.753s]       |   [01;31m[K^~~~~~~~~~~~~~~~~~~~[m[K
[1.759s] [01m[K/home/danielfreer/ros2_ws/src/AntobotRobot/antobot_control/src/ant_control.cpp:[m[K In member function ‘[01m[Kvirtual hardware_interface::return_type ros2_control_demo_example_1::RRBotSystemPositionOnlyHardware::write(const rclcpp::Time&, const rclcpp::Duration&)[m[K’:
[1.760s] [01m[K/home/danielfreer/ros2_ws/src/AntobotRobot/antobot_control/src/ant_control.cpp:184:37:[m[K [01;31m[Kerror: [m[K‘[01m[Kjoint_command_interfaces_[m[K’ was not declared in this scope; did you mean ‘[01m[Kexport_command_interfaces[m[K’?
[1.760s]   184 |   for (const auto & [name, descr] : [01;31m[Kjoint_command_interfaces_[m[K)
[1.760s]       |                                     [01;31m[K^~~~~~~~~~~~~~~~~~~~~~~~~[m[K
[1.760s]       |                                     [32m[Kexport_command_interfaces[m[K
[1.764s] [01m[K/home/danielfreer/ros2_ws/src/AntobotRobot/antobot_control/src/ant_control.cpp:188:19:[m[K [01;31m[Kerror: [m[K‘[01m[Kget_command[m[K’ was not declared in this scope
[1.765s]   188 |        << "\t" << [01;31m[Kget_command[m[K(name) << " for joint '" << name << "'";
[1.765s]       |                   [01;31m[K^~~~~~~~~~~[m[K
[1.765s] In file included from [01m[K/opt/ros/humble/include/rclcpp/rclcpp/client.hpp:40[m[K,
[1.765s]                  from [01m[K/opt/ros/humble/include/rclcpp/rclcpp/callback_group.hpp:24[m[K,
[1.765s]                  from [01m[K/opt/ros/humble/include/rclcpp/rclcpp/any_executable.hpp:20[m[K,
[1.765s]                  from [01m[K/opt/ros/humble/include/rclcpp/rclcpp/memory_strategy.hpp:25[m[K,
[1.765s]                  from [01m[K/opt/ros/humble/include/rclcpp/rclcpp/memory_strategies.hpp:18[m[K,
[1.765s]                  from [01m[K/opt/ros/humble/include/rclcpp/rclcpp/executor_options.hpp:20[m[K,
[1.765s]                  from [01m[K/opt/ros/humble/include/rclcpp/rclcpp/executor.hpp:37[m[K,
[1.765s]                  from [01m[K/opt/ros/humble/include/rclcpp/rclcpp/executors/multi_threaded_executor.hpp:25[m[K,
[1.765s]                  from [01m[K/opt/ros/humble/include/rclcpp/rclcpp/executors.hpp:21[m[K,
[1.765s]                  from [01m[K/opt/ros/humble/include/rclcpp/rclcpp/rclcpp.hpp:155[m[K,
[1.765s]                  from [01m[K/home/danielfreer/ros2_ws/src/AntobotRobot/antobot_control/src/ant_control.cpp:27[m[K:
[1.765s] [01m[K/home/danielfreer/ros2_ws/src/AntobotRobot/antobot_control/src/ant_control.cpp:190:24:[m[K [01;31m[Kerror: [m[K‘[01m[Kget_logger[m[K’ was not declared in this scope; did you mean ‘[01m[Krclcpp::get_logger[m[K’?
[1.765s]   190 |   RCLCPP_INFO_THROTTLE([01;31m[Kget_logger[m[K(), *get_clock(), 500, "%s", ss.str().c_str());
[1.765s]       |                        [01;31m[K^~~~~~~~~~[m[K
[1.765s] In file included from [01m[K/opt/ros/humble/include/rclcpp/rclcpp/logging.hpp:23[m[K,
[1.765s]                  from [01m[K/opt/ros/humble/include/rclcpp/rclcpp/client.hpp:40[m[K,
[1.765s]                  from [01m[K/opt/ros/humble/include/rclcpp/rclcpp/callback_group.hpp:24[m[K,
[1.766s]                  from [01m[K/opt/ros/humble/include/rclcpp/rclcpp/any_executable.hpp:20[m[K,
[1.766s]                  from [01m[K/opt/ros/humble/include/rclcpp/rclcpp/memory_strategy.hpp:25[m[K,
[1.766s]                  from [01m[K/opt/ros/humble/include/rclcpp/rclcpp/memory_strategies.hpp:18[m[K,
[1.766s]                  from [01m[K/opt/ros/humble/include/rclcpp/rclcpp/executor_options.hpp:20[m[K,
[1.766s]                  from [01m[K/opt/ros/humble/include/rclcpp/rclcpp/executor.hpp:37[m[K,
[1.766s]                  from [01m[K/opt/ros/humble/include/rclcpp/rclcpp/executors/multi_threaded_executor.hpp:25[m[K,
[1.766s]                  from [01m[K/opt/ros/humble/include/rclcpp/rclcpp/executors.hpp:21[m[K,
[1.766s]                  from [01m[K/opt/ros/humble/include/rclcpp/rclcpp/rclcpp.hpp:155[m[K,
[1.766s]                  from [01m[K/home/danielfreer/ros2_ws/src/AntobotRobot/antobot_control/src/ant_control.cpp:27[m[K:
[1.766s] [01m[K/opt/ros/humble/include/rclcpp/rclcpp/logger.hpp:106:17:[m[K [01;36m[Knote: [m[K‘[01m[Krclcpp::get_logger[m[K’ declared here
[1.766s]   106 |   friend Logger [01;36m[Krclcpp[m[K::get_logger(const std::string & name);
[1.766s]       |                 [01;36m[K^~~~~~[m[K
[1.766s] In file included from [01m[K/opt/ros/humble/include/rclcpp/rclcpp/client.hpp:40[m[K,
[1.766s]                  from [01m[K/opt/ros/humble/include/rclcpp/rclcpp/callback_group.hpp:24[m[K,
[1.766s]                  from [01m[K/opt/ros/humble/include/rclcpp/rclcpp/any_executable.hpp:20[m[K,
[1.766s]                  from [01m[K/opt/ros/humble/include/rclcpp/rclcpp/memory_strategy.hpp:25[m[K,
[1.766s]                  from [01m[K/opt/ros/humble/include/rclcpp/rclcpp/memory_strategies.hpp:18[m[K,
[1.766s]                  from [01m[K/opt/ros/humble/include/rclcpp/rclcpp/executor_options.hpp:20[m[K,
[1.766s]                  from [01m[K/opt/ros/humble/include/rclcpp/rclcpp/executor.hpp:37[m[K,
[1.766s]                  from [01m[K/opt/ros/humble/include/rclcpp/rclcpp/executors/multi_threaded_executor.hpp:25[m[K,
[1.766s]                  from [01m[K/opt/ros/humble/include/rclcpp/rclcpp/executors.hpp:21[m[K,
[1.766s]                  from [01m[K/opt/ros/humble/include/rclcpp/rclcpp/rclcpp.hpp:155[m[K,
[1.766s]                  from [01m[K/home/danielfreer/ros2_ws/src/AntobotRobot/antobot_control/src/ant_control.cpp:27[m[K:
[1.766s] [01m[K/home/danielfreer/ros2_ws/src/AntobotRobot/antobot_control/src/ant_control.cpp:190:3:[m[K [01;31m[Kerror: [m[Ktemplate argument 1 is invalid
[1.767s]   190 |   [01;31m[KRCLCPP_INFO_THROTTLE[m[K(get_logger(), *get_clock(), 500, "%s", ss.str().c_str());
[1.767s]       |   [01;31m[K^~~~~~~~~~~~~~~~~~~~[m[K
[1.767s] [01m[K/home/danielfreer/ros2_ws/src/AntobotRobot/antobot_control/src/ant_control.cpp:190:3:[m[K [01;31m[Kerror: [m[Ktemplate argument 1 is invalid
[1.767s]   190 |   [01;31m[KRCLCPP_INFO_THROTTLE[m[K(get_logger(), *get_clock(), 500, "%s", ss.str().c_str());
[1.767s]       |   [01;31m[K^~~~~~~~~~~~~~~~~~~~[m[K
[1.767s] [01m[K/home/danielfreer/ros2_ws/src/AntobotRobot/antobot_control/src/ant_control.cpp:190:3:[m[K [01;31m[Kerror: [m[Ktemplate argument 1 is invalid
[1.767s]   190 |   [01;31m[KRCLCPP_INFO_THROTTLE[m[K(get_logger(), *get_clock(), 500, "%s", ss.str().c_str());
[1.767s]       |   [01;31m[K^~~~~~~~~~~~~~~~~~~~[m[K
[1.769s] [01m[K/home/danielfreer/ros2_ws/src/AntobotRobot/antobot_control/src/ant_control.cpp:190:39:[m[K [01;31m[Kerror: [m[K‘[01m[Kget_clock[m[K’ was not declared in this scope
[1.769s]   190 |   RCLCPP_INFO_THROTTLE(get_logger(), *[01;31m[Kget_clock[m[K(), 500, "%s", ss.str().c_str());
[1.769s]       |                                       [01;31m[K^~~~~~~~~[m[K
[1.772s] [01m[K/home/danielfreer/ros2_ws/src/AntobotRobot/antobot_control/src/ant_control.cpp:[m[K In lambda function:
[1.772s] [01m[K/home/danielfreer/ros2_ws/src/AntobotRobot/antobot_control/src/ant_control.cpp:190:3:[m[K [01;31m[Kerror: [m[K‘[01m[Kc[m[K’ was not declared in this scope
[1.772s]   190 |   [01;31m[KRCLCPP_INFO_THROTTLE[m[K(get_logger(), *get_clock(), 500, "%s", ss.str().c_str());
[1.772s]       |   [01;31m[K^~~~~~~~~~~~~~~~~~~~[m[K
[2.116s] In file included from [01m[K/opt/ros/humble/include/class_loader/class_loader/class_loader_core.hpp:57[m[K,
[2.116s]                  from [01m[K/opt/ros/humble/include/class_loader/class_loader/class_loader.hpp:55[m[K,
[2.116s]                  from [01m[K/opt/ros/humble/include/pluginlib/pluginlib/class_list_macros.hpp:40[m[K,
[2.116s]                  from [01m[K/home/danielfreer/ros2_ws/src/AntobotRobot/antobot_control/src/ant_control.cpp:198[m[K:
[2.116s] /opt/ros/humble/include/class_loader/class_loader/meta_object.hpp: In instantiation of ‘[01m[KB* class_loader::impl::MetaObject<C, B>::create() const [with C = ros2_control_demo_example_1::RRBotSystemPositionOnlyHardware; B = hardware_interface::SystemInterface][m[K’:
[2.116s] [01m[K/opt/ros/humble/include/class_loader/class_loader/meta_object.hpp:216:7:[m[K   required from here
[2.116s] [01m[K/opt/ros/humble/include/class_loader/class_loader/meta_object.hpp:218:12:[m[K [01;31m[Kerror: [m[Kinvalid new-expression of abstract class type ‘[01m[Kros2_control_demo_example_1::RRBotSystemPositionOnlyHardware[m[K’
[2.116s]   218 |     return [01;31m[Knew C[m[K;
[2.116s]       |            [01;31m[K^~~~~[m[K
[2.116s] In file included from [01m[K/home/danielfreer/ros2_ws/src/AntobotRobot/antobot_control/src/ant_control.cpp:15[m[K:
[2.116s] [01m[K/home/danielfreer/ros2_ws/src/AntobotRobot/antobot_control/include/antobot_control/ant_control.hpp:32:7:[m[K [01;36m[Knote: [m[K  because the following virtual functions are pure within ‘[01m[Kros2_control_demo_example_1::RRBotSystemPositionOnlyHardware[m[K’:
[2.116s]    32 | class [01;36m[KRRBotSystemPositionOnlyHardware[m[K : public hardware_interface::SystemInterface
[2.116s]       |       [01;36m[K^~~~~~~~~~~~~~~~~~~~~~~~~~~~~~~[m[K
[2.116s] In file included from [01m[K/home/danielfreer/ros2_ws/src/AntobotRobot/antobot_control/include/antobot_control/ant_control.hpp:24[m[K,
[2.116s]                  from [01m[K/home/danielfreer/ros2_ws/src/AntobotRobot/antobot_control/src/ant_control.cpp:15[m[K:
[2.116s] [01m[K/opt/ros/humble/include/hardware_interface/system_interface.hpp:113:39:[m[K [01;36m[Knote: [m[K    ‘[01m[Kvirtual std::vector<hardware_interface::StateInterface> hardware_interface::SystemInterface::export_state_interfaces()[m[K’
[2.116s]   113 |   virtual std::vector<StateInterface> [01;36m[Kexport_state_interfaces[m[K() = 0;
[2.117s]       |                                       [01;36m[K^~~~~~~~~~~~~~~~~~~~~~~[m[K
[2.117s] [01m[K/opt/ros/humble/include/hardware_interface/system_interface.hpp:124:41:[m[K [01;36m[Knote: [m[K    ‘[01m[Kvirtual std::vector<hardware_interface::CommandInterface> hardware_interface::SystemInterface::export_command_interfaces()[m[K’
[2.117s]   124 |   virtual std::vector<CommandInterface> [01;36m[Kexport_command_interfaces[m[K() = 0;
[2.117s]       |                                         [01;36m[K^~~~~~~~~~~~~~~~~~~~~~~~~[m[K
[2.169s] gmake[2]: *** [CMakeFiles/ant_control_node.dir/build.make:76: CMakeFiles/ant_control_node.dir/src/ant_control.cpp.o] Error 1
[2.169s] gmake[1]: *** [CMakeFiles/Makefile2:137: CMakeFiles/ant_control_node.dir/all] Error 2
[2.169s] gmake: *** [Makefile:146: all] Error 2
[2.171s] Invoked command in '/home/danielfreer/ros2_ws/src/AntobotRobot/build/antobot_control' returned '2': CMAKE_PREFIX_PATH=/opt/ros/humble /usr/bin/cmake --build /home/danielfreer/ros2_ws/src/AntobotRobot/build/antobot_control -- -j16 -l16
