[0.006s] Invoking command in '/home/danielfreer/ros2_ws/src/AntobotRobot/build/antobot_control': /usr/bin/cmake /home/danielfreer/ros2_ws/src/AntobotRobot/antobot_control_noetic -DCATKIN_INSTALL_INTO_PREFIX_ROOT=0 -DCMAKE_INSTALL_PREFIX=/home/danielfreer/ros2_ws/src/AntobotRobot/install/antobot_control
[0.011s] [0mCMake Deprecation Warning at CMakeLists.txt:1 (cmake_minimum_required):
[0.011s]   Compatibility with CMake < 2.8.12 will be removed from a future version of
[0.011s]   CMake.
[0.011s] 
[0.011s]   Update the VERSION argument <min> value or use a ...<max> suffix to tell
[0.011s]   CMake that the project does not need compatibility with older versions.
[0.011s] 
[0.011s] [0m
[0.043s] -- The C compiler identification is GNU 11.4.0
[0.082s] -- The CXX compiler identification is GNU 11.4.0
[0.087s] -- Detecting C compiler ABI info
[0.133s] -- Detecting C compiler ABI info - done
[0.140s] -- Check for working C compiler: /usr/bin/cc - skipped
[0.141s] -- Detecting C compile features
[0.141s] -- Detecting C compile features - done
[0.144s] -- Detecting CXX compiler ABI info
[0.201s] -- Detecting CXX compiler ABI info - done
[0.209s] -- Check for working CXX compiler: /usr/bin/c++ - skipped
[0.209s] -- Detecting CXX compile features
[0.210s] -- Detecting CXX compile features - done
[0.217s] [31mCMake Error at CMakeLists.txt:6 (find_package):
[0.217s]   By not providing "Findcatkin.cmake" in CMAKE_MODULE_PATH this project has
[0.217s]   asked CMake to find a package configuration file provided by "catkin", but
[0.217s]   CMake did not find one.
[0.217s] 
[0.217s]   Could not find a package configuration file provided by "catkin" with any
[0.217s]   of the following names:
[0.217s] 
[0.217s]     catkinConfig.cmake
[0.217s]     catkin-config.cmake
[0.217s] 
[0.217s]   Add the installation prefix of "catkin" to CMAKE_PREFIX_PATH or set
[0.217s]   "catkin_DIR" to a directory containing one of the above files.  If "catkin"
[0.217s]   provides a separate development package or SDK, be sure it has been
[0.217s]   installed.
[0.217s] 
[0.217s] [0m
[0.218s] -- Configuring incomplete, errors occurred!
[0.218s] See also "/home/danielfreer/ros2_ws/src/AntobotRobot/build/antobot_control/CMakeFiles/CMakeOutput.log".
[0.219s] Invoked command in '/home/danielfreer/ros2_ws/src/AntobotRobot/build/antobot_control' returned '1': /usr/bin/cmake /home/danielfreer/ros2_ws/src/AntobotRobot/antobot_control_noetic -DCATKIN_INSTALL_INTO_PREFIX_ROOT=0 -DCMAKE_INSTALL_PREFIX=/home/danielfreer/ros2_ws/src/AntobotRobot/install/antobot_control
