[0.008s] Invoking command in '/home/danielfreer/ros2_ws/src/AntobotRobot/build/antobot_control': CMAKE_PREFIX_PATH=/opt/ros/humble /usr/bin/cmake /home/danielfreer/ros2_ws/src/AntobotRobot/antobot_control -DCMAKE_INSTALL_PREFIX=/home/danielfreer/ros2_ws/src/AntobotRobot/install/antobot_control
[0.020s] -- Found ament_cmake: 1.3.11 (/opt/ros/humble/share/ament_cmake/cmake)
[0.127s] -- Found rclcpp: 16.0.11 (/opt/ros/humble/share/rclcpp/cmake)
[0.152s] -- Found rosidl_generator_c: 3.1.6 (/opt/ros/humble/share/rosidl_generator_c/cmake)
[0.154s] -- Found rosidl_adapter: 3.1.6 (/opt/ros/humble/share/rosidl_adapter/cmake)
[0.158s] -- Found rosidl_generator_cpp: 3.1.6 (/opt/ros/humble/share/rosidl_generator_cpp/cmake)
[0.167s] -- Using all available rosidl_typesupport_c: rosidl_typesupport_fastrtps_c;rosidl_typesupport_introspection_c
[0.176s] -- Using all available rosidl_typesupport_cpp: rosidl_typesupport_fastrtps_cpp;rosidl_typesupport_introspection_cpp
[0.201s] -- Found rmw_implementation_cmake: 6.1.2 (/opt/ros/humble/share/rmw_implementation_cmake/cmake)
[0.202s] -- Found rmw_fastrtps_cpp: 6.2.7 (/opt/ros/humble/share/rmw_fastrtps_cpp/cmake)
[0.268s] -- Using RMW implementation 'rmw_fastrtps_cpp' as default
[0.307s] -- Found hardware_interface: 2.48.0 (/opt/ros/humble/share/hardware_interface/cmake)
[0.414s] -- Found controller_manager: 2.48.0 (/opt/ros/humble/share/controller_manager/cmake)
[0.450s] -- Found joint_state_broadcaster: 2.41.0 (/opt/ros/humble/share/joint_state_broadcaster/cmake)
[0.471s] -- Found joint_limits: 2.48.0 (/opt/ros/humble/share/joint_limits/cmake)
[0.485s] -- Found ament_lint_auto: 0.12.11 (/opt/ros/humble/share/ament_lint_auto/cmake)
[0.531s] -- Added test 'cppcheck' to perform static code analysis on C / C++ code
[0.532s] -- Configured cppcheck include dirs: /home/danielfreer/ros2_ws/src/AntobotRobot/antobot_control/include;/home/danielfreer/ros2_ws/src/AntobotRobot/antobot_control/include/antobot_control
[0.532s] -- Configured cppcheck exclude dirs and/or files: 
[0.532s] -- Added test 'lint_cmake' to check CMake code style
[0.533s] -- Added test 'uncrustify' to check C / C++ code style
[0.533s] -- Configured uncrustify additional arguments: 
[0.533s] -- Added test 'xmllint' to check XML markup files
[0.533s] -- Configuring done
[0.552s] -- Generating done
[0.556s] -- Build files have been written to: /home/danielfreer/ros2_ws/src/AntobotRobot/build/antobot_control
[0.562s] Invoked command in '/home/danielfreer/ros2_ws/src/AntobotRobot/build/antobot_control' returned '0': CMAKE_PREFIX_PATH=/opt/ros/humble /usr/bin/cmake /home/danielfreer/ros2_ws/src/AntobotRobot/antobot_control -DCMAKE_INSTALL_PREFIX=/home/danielfreer/ros2_ws/src/AntobotRobot/install/antobot_control
[0.564s] Invoking command in '/home/danielfreer/ros2_ws/src/AntobotRobot/build/antobot_control': CMAKE_PREFIX_PATH=/opt/ros/humble /usr/bin/cmake --build /home/danielfreer/ros2_ws/src/AntobotRobot/build/antobot_control -- -j16 -l16
[0.594s] [ 50%] [32mBuilding CXX object CMakeFiles/ant_control_node.dir/src/ant_control.cpp.o[0m
[1.093s] In file included from [01m[K/home/danielfreer/ros2_ws/src/AntobotRobot/antobot_control/src/ant_control.cpp:15[m[K:
[1.094s] [01m[K/home/danielfreer/ros2_ws/src/AntobotRobot/antobot_control/include/antobot_control/ant_control.hpp:35:65:[m[K [01;35m[Kwarning: [m[Kextra ‘[01m[K;[m[K’ [[01;35m[K]8;;https://gcc.gnu.org/onlinedocs/gcc/Warning-Options.html#index-Wpedantic-Wpedantic]8;;[m[K]
[1.094s]    35 |   RCLCPP_SHARED_PTR_DEFINITIONS(RRBotSystemPositionOnlyHardware)[01;35m[K;[m[K
[1.094s]       |                                                                 [01;35m[K^[m[K
[1.094s]       |                                                                 [31m[K-[m[K
[2.236s] In file included from [01m[K/opt/ros/humble/include/rclcpp/rclcpp/client.hpp:40[m[K,
[2.236s]                  from [01m[K/opt/ros/humble/include/rclcpp/rclcpp/callback_group.hpp:24[m[K,
[2.236s]                  from [01m[K/opt/ros/humble/include/rclcpp/rclcpp/any_executable.hpp:20[m[K,
[2.236s]                  from [01m[K/opt/ros/humble/include/rclcpp/rclcpp/memory_strategy.hpp:25[m[K,
[2.236s]                  from [01m[K/opt/ros/humble/include/rclcpp/rclcpp/memory_strategies.hpp:18[m[K,
[2.236s]                  from [01m[K/opt/ros/humble/include/rclcpp/rclcpp/executor_options.hpp:20[m[K,
[2.236s]                  from [01m[K/opt/ros/humble/include/rclcpp/rclcpp/executor.hpp:37[m[K,
[2.236s]                  from [01m[K/opt/ros/humble/include/rclcpp/rclcpp/executors/multi_threaded_executor.hpp:25[m[K,
[2.236s]                  from [01m[K/opt/ros/humble/include/rclcpp/rclcpp/executors.hpp:21[m[K,
[2.236s]                  from [01m[K/opt/ros/humble/include/rclcpp/rclcpp/rclcpp.hpp:155[m[K,
[2.236s]                  from [01m[K/home/danielfreer/ros2_ws/src/AntobotRobot/antobot_control/src/ant_control.cpp:27[m[K:
[2.236s] [01m[K/home/danielfreer/ros2_ws/src/AntobotRobot/antobot_control/src/ant_control.cpp:[m[K In member function ‘[01m[Kvirtual hardware_interface::CallbackReturn ros2_control_demo_example_1::RRBotSystemPositionOnlyHardware::on_init(const hardware_interface::HardwareInfo&)[m[K’:
[2.236s] [01m[K/home/danielfreer/ros2_ws/src/AntobotRobot/antobot_control/src/ant_control.cpp:53:9:[m[K [01;31m[Kerror: [m[K‘[01m[Kget_logger[m[K’ was not declared in this scope; did you mean ‘[01m[Krclcpp::get_logger[m[K’?
[2.236s]    53 |         [01;31m[Kget_logger[m[K(), "Joint '%s' has %zu command interfaces found. 1 expected.",
[2.236s]       |         [01;31m[K^~~~~~~~~~[m[K
[2.236s] In file included from [01m[K/opt/ros/humble/include/rclcpp/rclcpp/logging.hpp:23[m[K,
[2.237s]                  from [01m[K/opt/ros/humble/include/rclcpp/rclcpp/client.hpp:40[m[K,
[2.237s]                  from [01m[K/opt/ros/humble/include/rclcpp/rclcpp/callback_group.hpp:24[m[K,
[2.237s]                  from [01m[K/opt/ros/humble/include/rclcpp/rclcpp/any_executable.hpp:20[m[K,
[2.237s]                  from [01m[K/opt/ros/humble/include/rclcpp/rclcpp/memory_strategy.hpp:25[m[K,
[2.237s]                  from [01m[K/opt/ros/humble/include/rclcpp/rclcpp/memory_strategies.hpp:18[m[K,
[2.237s]                  from [01m[K/opt/ros/humble/include/rclcpp/rclcpp/executor_options.hpp:20[m[K,
[2.237s]                  from [01m[K/opt/ros/humble/include/rclcpp/rclcpp/executor.hpp:37[m[K,
[2.237s]                  from [01m[K/opt/ros/humble/include/rclcpp/rclcpp/executors/multi_threaded_executor.hpp:25[m[K,
[2.237s]                  from [01m[K/opt/ros/humble/include/rclcpp/rclcpp/executors.hpp:21[m[K,
[2.237s]                  from [01m[K/opt/ros/humble/include/rclcpp/rclcpp/rclcpp.hpp:155[m[K,
[2.237s]                  from [01m[K/home/danielfreer/ros2_ws/src/AntobotRobot/antobot_control/src/ant_control.cpp:27[m[K:
[2.237s] [01m[K/opt/ros/humble/include/rclcpp/rclcpp/logger.hpp:106:17:[m[K [01;36m[Knote: [m[K‘[01m[Krclcpp::get_logger[m[K’ declared here
[2.237s]   106 |   friend Logger [01;36m[Krclcpp[m[K::get_logger(const std::string & name);
[2.237s]       |                 [01;36m[K^~~~~~[m[K
[2.237s] In file included from [01m[K/opt/ros/humble/include/rclcpp/rclcpp/client.hpp:40[m[K,
[2.237s]                  from [01m[K/opt/ros/humble/include/rclcpp/rclcpp/callback_group.hpp:24[m[K,
[2.237s]                  from [01m[K/opt/ros/humble/include/rclcpp/rclcpp/any_executable.hpp:20[m[K,
[2.238s]                  from [01m[K/opt/ros/humble/include/rclcpp/rclcpp/memory_strategy.hpp:25[m[K,
[2.238s]                  from [01m[K/opt/ros/humble/include/rclcpp/rclcpp/memory_strategies.hpp:18[m[K,
[2.238s]                  from [01m[K/opt/ros/humble/include/rclcpp/rclcpp/executor_options.hpp:20[m[K,
[2.238s]                  from [01m[K/opt/ros/humble/include/rclcpp/rclcpp/executor.hpp:37[m[K,
[2.238s]                  from [01m[K/opt/ros/humble/include/rclcpp/rclcpp/executors/multi_threaded_executor.hpp:25[m[K,
[2.238s]                  from [01m[K/opt/ros/humble/include/rclcpp/rclcpp/executors.hpp:21[m[K,
[2.238s]                  from [01m[K/opt/ros/humble/include/rclcpp/rclcpp/rclcpp.hpp:155[m[K,
[2.238s]                  from [01m[K/home/danielfreer/ros2_ws/src/AntobotRobot/antobot_control/src/ant_control.cpp:27[m[K:
[2.238s] [01m[K/home/danielfreer/ros2_ws/src/AntobotRobot/antobot_control/src/ant_control.cpp:52:7:[m[K [01;31m[Kerror: [m[Ktemplate argument 1 is invalid
[2.238s]    52 |       [01;31m[KRCLCPP_FATAL[m[K(
[2.238s]       |       [01;31m[K^~~~~~~~~~~~[m[K
[2.238s] [01m[K/home/danielfreer/ros2_ws/src/AntobotRobot/antobot_control/src/ant_control.cpp:52:7:[m[K [01;31m[Kerror: [m[Ktemplate argument 1 is invalid
[2.238s]    52 |       [01;31m[KRCLCPP_FATAL[m[K(
[2.238s]       |       [01;31m[K^~~~~~~~~~~~[m[K
[2.238s] [01m[K/home/danielfreer/ros2_ws/src/AntobotRobot/antobot_control/src/ant_control.cpp:52:7:[m[K [01;31m[Kerror: [m[Ktemplate argument 1 is invalid
[2.238s]    52 |       [01;31m[KRCLCPP_FATAL[m[K(
[2.238s]       |       [01;31m[K^~~~~~~~~~~~[m[K
[2.239s] [01m[K/home/danielfreer/ros2_ws/src/AntobotRobot/antobot_control/src/ant_control.cpp:61:9:[m[K [01;31m[Kerror: [m[K‘[01m[Kget_logger[m[K’ was not declared in this scope; did you mean ‘[01m[Krclcpp::get_logger[m[K’?
[2.239s]    61 |         [01;31m[Kget_logger[m[K(), "Joint '%s' have %s command interfaces found. '%s' expected.",
[2.239s]       |         [01;31m[K^~~~~~~~~~[m[K
[2.239s] In file included from [01m[K/opt/ros/humble/include/rclcpp/rclcpp/logging.hpp:23[m[K,
[2.239s]                  from [01m[K/opt/ros/humble/include/rclcpp/rclcpp/client.hpp:40[m[K,
[2.239s]                  from [01m[K/opt/ros/humble/include/rclcpp/rclcpp/callback_group.hpp:24[m[K,
[2.239s]                  from [01m[K/opt/ros/humble/include/rclcpp/rclcpp/any_executable.hpp:20[m[K,
[2.239s]                  from [01m[K/opt/ros/humble/include/rclcpp/rclcpp/memory_strategy.hpp:25[m[K,
[2.239s]                  from [01m[K/opt/ros/humble/include/rclcpp/rclcpp/memory_strategies.hpp:18[m[K,
[2.239s]                  from [01m[K/opt/ros/humble/include/rclcpp/rclcpp/executor_options.hpp:20[m[K,
[2.239s]                  from [01m[K/opt/ros/humble/include/rclcpp/rclcpp/executor.hpp:37[m[K,
[2.239s]                  from [01m[K/opt/ros/humble/include/rclcpp/rclcpp/executors/multi_threaded_executor.hpp:25[m[K,
[2.239s]                  from [01m[K/opt/ros/humble/include/rclcpp/rclcpp/executors.hpp:21[m[K,
[2.239s]                  from [01m[K/opt/ros/humble/include/rclcpp/rclcpp/rclcpp.hpp:155[m[K,
[2.239s]                  from [01m[K/home/danielfreer/ros2_ws/src/AntobotRobot/antobot_control/src/ant_control.cpp:27[m[K:
[2.240s] [01m[K/opt/ros/humble/include/rclcpp/rclcpp/logger.hpp:106:17:[m[K [01;36m[Knote: [m[K‘[01m[Krclcpp::get_logger[m[K’ declared here
[2.240s]   106 |   friend Logger [01;36m[Krclcpp[m[K::get_logger(const std::string & name);
[2.240s]       |                 [01;36m[K^~~~~~[m[K
[2.240s] In file included from [01m[K/opt/ros/humble/include/rclcpp/rclcpp/client.hpp:40[m[K,
[2.240s]                  from [01m[K/opt/ros/humble/include/rclcpp/rclcpp/callback_group.hpp:24[m[K,
[2.240s]                  from [01m[K/opt/ros/humble/include/rclcpp/rclcpp/any_executable.hpp:20[m[K,
[2.240s]                  from [01m[K/opt/ros/humble/include/rclcpp/rclcpp/memory_strategy.hpp:25[m[K,
[2.240s]                  from [01m[K/opt/ros/humble/include/rclcpp/rclcpp/memory_strategies.hpp:18[m[K,
[2.240s]                  from [01m[K/opt/ros/humble/include/rclcpp/rclcpp/executor_options.hpp:20[m[K,
[2.240s]                  from [01m[K/opt/ros/humble/include/rclcpp/rclcpp/executor.hpp:37[m[K,
[2.240s]                  from [01m[K/opt/ros/humble/include/rclcpp/rclcpp/executors/multi_threaded_executor.hpp:25[m[K,
[2.240s]                  from [01m[K/opt/ros/humble/include/rclcpp/rclcpp/executors.hpp:21[m[K,
[2.240s]                  from [01m[K/opt/ros/humble/include/rclcpp/rclcpp/rclcpp.hpp:155[m[K,
[2.240s]                  from [01m[K/home/danielfreer/ros2_ws/src/AntobotRobot/antobot_control/src/ant_control.cpp:27[m[K:
[2.240s] [01m[K/home/danielfreer/ros2_ws/src/AntobotRobot/antobot_control/src/ant_control.cpp:60:7:[m[K [01;31m[Kerror: [m[Ktemplate argument 1 is invalid
[2.240s]    60 |       [01;31m[KRCLCPP_FATAL[m[K(
[2.240s]       |       [01;31m[K^~~~~~~~~~~~[m[K
[2.240s] [01m[K/home/danielfreer/ros2_ws/src/AntobotRobot/antobot_control/src/ant_control.cpp:60:7:[m[K [01;31m[Kerror: [m[Ktemplate argument 1 is invalid
[2.240s]    60 |       [01;31m[KRCLCPP_FATAL[m[K(
[2.240s]       |       [01;31m[K^~~~~~~~~~~~[m[K
[2.240s] [01m[K/home/danielfreer/ros2_ws/src/AntobotRobot/antobot_control/src/ant_control.cpp:60:7:[m[K [01;31m[Kerror: [m[Ktemplate argument 1 is invalid
[2.240s]    60 |       [01;31m[KRCLCPP_FATAL[m[K(
[2.241s]       |       [01;31m[K^~~~~~~~~~~~[m[K
[2.241s] [01m[K/home/danielfreer/ros2_ws/src/AntobotRobot/antobot_control/src/ant_control.cpp:70:9:[m[K [01;31m[Kerror: [m[K‘[01m[Kget_logger[m[K’ was not declared in this scope; did you mean ‘[01m[Krclcpp::get_logger[m[K’?
[2.241s]    70 |         [01;31m[Kget_logger[m[K(), "Joint '%s' has %zu state interface. 1 expected.", joint.name.c_str(),
[2.241s]       |         [01;31m[K^~~~~~~~~~[m[K
[2.241s] In file included from [01m[K/opt/ros/humble/include/rclcpp/rclcpp/logging.hpp:23[m[K,
[2.241s]                  from [01m[K/opt/ros/humble/include/rclcpp/rclcpp/client.hpp:40[m[K,
[2.241s]                  from [01m[K/opt/ros/humble/include/rclcpp/rclcpp/callback_group.hpp:24[m[K,
[2.241s]                  from [01m[K/opt/ros/humble/include/rclcpp/rclcpp/any_executable.hpp:20[m[K,
[2.241s]                  from [01m[K/opt/ros/humble/include/rclcpp/rclcpp/memory_strategy.hpp:25[m[K,
[2.241s]                  from [01m[K/opt/ros/humble/include/rclcpp/rclcpp/memory_strategies.hpp:18[m[K,
[2.241s]                  from [01m[K/opt/ros/humble/include/rclcpp/rclcpp/executor_options.hpp:20[m[K,
[2.241s]                  from [01m[K/opt/ros/humble/include/rclcpp/rclcpp/executor.hpp:37[m[K,
[2.241s]                  from [01m[K/opt/ros/humble/include/rclcpp/rclcpp/executors/multi_threaded_executor.hpp:25[m[K,
[2.241s]                  from [01m[K/opt/ros/humble/include/rclcpp/rclcpp/executors.hpp:21[m[K,
[2.241s]                  from [01m[K/opt/ros/humble/include/rclcpp/rclcpp/rclcpp.hpp:155[m[K,
[2.241s]                  from [01m[K/home/danielfreer/ros2_ws/src/AntobotRobot/antobot_control/src/ant_control.cpp:27[m[K:
[2.241s] [01m[K/opt/ros/humble/include/rclcpp/rclcpp/logger.hpp:106:17:[m[K [01;36m[Knote: [m[K‘[01m[Krclcpp::get_logger[m[K’ declared here
[2.241s]   106 |   friend Logger [01;36m[Krclcpp[m[K::get_logger(const std::string & name);
[2.241s]       |                 [01;36m[K^~~~~~[m[K
[2.241s] In file included from [01m[K/opt/ros/humble/include/rclcpp/rclcpp/client.hpp:40[m[K,
[2.241s]                  from [01m[K/opt/ros/humble/include/rclcpp/rclcpp/callback_group.hpp:24[m[K,
[2.241s]                  from [01m[K/opt/ros/humble/include/rclcpp/rclcpp/any_executable.hpp:20[m[K,
[2.242s]                  from [01m[K/opt/ros/humble/include/rclcpp/rclcpp/memory_strategy.hpp:25[m[K,
[2.242s]                  from [01m[K/opt/ros/humble/include/rclcpp/rclcpp/memory_strategies.hpp:18[m[K,
[2.242s]                  from [01m[K/opt/ros/humble/include/rclcpp/rclcpp/executor_options.hpp:20[m[K,
[2.242s]                  from [01m[K/opt/ros/humble/include/rclcpp/rclcpp/executor.hpp:37[m[K,
[2.242s]                  from [01m[K/opt/ros/humble/include/rclcpp/rclcpp/executors/multi_threaded_executor.hpp:25[m[K,
[2.242s]                  from [01m[K/opt/ros/humble/include/rclcpp/rclcpp/executors.hpp:21[m[K,
[2.242s]                  from [01m[K/opt/ros/humble/include/rclcpp/rclcpp/rclcpp.hpp:155[m[K,
[2.242s]                  from [01m[K/home/danielfreer/ros2_ws/src/AntobotRobot/antobot_control/src/ant_control.cpp:27[m[K:
[2.242s] [01m[K/home/danielfreer/ros2_ws/src/AntobotRobot/antobot_control/src/ant_control.cpp:69:7:[m[K [01;31m[Kerror: [m[Ktemplate argument 1 is invalid
[2.242s]    69 |       [01;31m[KRCLCPP_FATAL[m[K(
[2.242s]       |       [01;31m[K^~~~~~~~~~~~[m[K
[2.242s] [01m[K/home/danielfreer/ros2_ws/src/AntobotRobot/antobot_control/src/ant_control.cpp:69:7:[m[K [01;31m[Kerror: [m[Ktemplate argument 1 is invalid
[2.242s]    69 |       [01;31m[KRCLCPP_FATAL[m[K(
[2.242s]       |       [01;31m[K^~~~~~~~~~~~[m[K
[2.242s] [01m[K/home/danielfreer/ros2_ws/src/AntobotRobot/antobot_control/src/ant_control.cpp:69:7:[m[K [01;31m[Kerror: [m[Ktemplate argument 1 is invalid
[2.242s]    69 |       [01;31m[KRCLCPP_FATAL[m[K(
[2.242s]       |       [01;31m[K^~~~~~~~~~~~[m[K
[2.242s] [01m[K/home/danielfreer/ros2_ws/src/AntobotRobot/antobot_control/src/ant_control.cpp:78:9:[m[K [01;31m[Kerror: [m[K‘[01m[Kget_logger[m[K’ was not declared in this scope; did you mean ‘[01m[Krclcpp::get_logger[m[K’?
[2.242s]    78 |         [01;31m[Kget_logger[m[K(), "Joint '%s' have %s state interface. '%s' expected.", joint.name.c_str(),
[2.242s]       |         [01;31m[K^~~~~~~~~~[m[K
[2.242s] In file included from [01m[K/opt/ros/humble/include/rclcpp/rclcpp/logging.hpp:23[m[K,
[2.242s]                  from [01m[K/opt/ros/humble/include/rclcpp/rclcpp/client.hpp:40[m[K,
[2.242s]                  from [01m[K/opt/ros/humble/include/rclcpp/rclcpp/callback_group.hpp:24[m[K,
[2.243s]                  from [01m[K/opt/ros/humble/include/rclcpp/rclcpp/any_executable.hpp:20[m[K,
[2.243s]                  from [01m[K/opt/ros/humble/include/rclcpp/rclcpp/memory_strategy.hpp:25[m[K,
[2.243s]                  from [01m[K/opt/ros/humble/include/rclcpp/rclcpp/memory_strategies.hpp:18[m[K,
[2.243s]                  from [01m[K/opt/ros/humble/include/rclcpp/rclcpp/executor_options.hpp:20[m[K,
[2.243s]                  from [01m[K/opt/ros/humble/include/rclcpp/rclcpp/executor.hpp:37[m[K,
[2.243s]                  from [01m[K/opt/ros/humble/include/rclcpp/rclcpp/executors/multi_threaded_executor.hpp:25[m[K,
[2.243s]                  from [01m[K/opt/ros/humble/include/rclcpp/rclcpp/executors.hpp:21[m[K,
[2.243s]                  from [01m[K/opt/ros/humble/include/rclcpp/rclcpp/rclcpp.hpp:155[m[K,
[2.243s]                  from [01m[K/home/danielfreer/ros2_ws/src/AntobotRobot/antobot_control/src/ant_control.cpp:27[m[K:
[2.243s] [01m[K/opt/ros/humble/include/rclcpp/rclcpp/logger.hpp:106:17:[m[K [01;36m[Knote: [m[K‘[01m[Krclcpp::get_logger[m[K’ declared here
[2.243s]   106 |   friend Logger [01;36m[Krclcpp[m[K::get_logger(const std::string & name);
[2.243s]       |                 [01;36m[K^~~~~~[m[K
[2.243s] In file included from [01m[K/opt/ros/humble/include/rclcpp/rclcpp/client.hpp:40[m[K,
[2.243s]                  from [01m[K/opt/ros/humble/include/rclcpp/rclcpp/callback_group.hpp:24[m[K,
[2.243s]                  from [01m[K/opt/ros/humble/include/rclcpp/rclcpp/any_executable.hpp:20[m[K,
[2.243s]                  from [01m[K/opt/ros/humble/include/rclcpp/rclcpp/memory_strategy.hpp:25[m[K,
[2.243s]                  from [01m[K/opt/ros/humble/include/rclcpp/rclcpp/memory_strategies.hpp:18[m[K,
[2.243s]                  from [01m[K/opt/ros/humble/include/rclcpp/rclcpp/executor_options.hpp:20[m[K,
[2.243s]                  from [01m[K/opt/ros/humble/include/rclcpp/rclcpp/executor.hpp:37[m[K,
[2.243s]                  from [01m[K/opt/ros/humble/include/rclcpp/rclcpp/executors/multi_threaded_executor.hpp:25[m[K,
[2.243s]                  from [01m[K/opt/ros/humble/include/rclcpp/rclcpp/executors.hpp:21[m[K,
[2.243s]                  from [01m[K/opt/ros/humble/include/rclcpp/rclcpp/rclcpp.hpp:155[m[K,
[2.243s]                  from [01m[K/home/danielfreer/ros2_ws/src/AntobotRobot/antobot_control/src/ant_control.cpp:27[m[K:
[2.243s] [01m[K/home/danielfreer/ros2_ws/src/AntobotRobot/antobot_control/src/ant_control.cpp:77:7:[m[K [01;31m[Kerror: [m[Ktemplate argument 1 is invalid
[2.243s]    77 |       [01;31m[KRCLCPP_FATAL[m[K(
[2.244s]       |       [01;31m[K^~~~~~~~~~~~[m[K
[2.244s] [01m[K/home/danielfreer/ros2_ws/src/AntobotRobot/antobot_control/src/ant_control.cpp:77:7:[m[K [01;31m[Kerror: [m[Ktemplate argument 1 is invalid
[2.244s]    77 |       [01;31m[KRCLCPP_FATAL[m[K(
[2.244s]       |       [01;31m[K^~~~~~~~~~~~[m[K
[2.244s] [01m[K/home/danielfreer/ros2_ws/src/AntobotRobot/antobot_control/src/ant_control.cpp:77:7:[m[K [01;31m[Kerror: [m[Ktemplate argument 1 is invalid
[2.244s]    77 |       [01;31m[KRCLCPP_FATAL[m[K(
[2.244s]       |       [01;31m[K^~~~~~~~~~~~[m[K
[2.244s] [01m[K/home/danielfreer/ros2_ws/src/AntobotRobot/antobot_control/src/ant_control.cpp:[m[K In member function ‘[01m[Kvirtual hardware_interface::CallbackReturn ros2_control_demo_example_1::RRBotSystemPositionOnlyHardware::on_configure(const rclcpp_lifecycle::State&)[m[K’:
[2.244s] [01m[K/home/danielfreer/ros2_ws/src/AntobotRobot/antobot_control/src/ant_control.cpp:91:15:[m[K [01;31m[Kerror: [m[K‘[01m[Kget_logger[m[K’ was not declared in this scope; did you mean ‘[01m[Krclcpp::get_logger[m[K’?
[2.244s]    91 |   RCLCPP_INFO([01;31m[Kget_logger[m[K(), "Configuring ...please wait...");
[2.244s]       |               [01;31m[K^~~~~~~~~~[m[K
[2.244s] In file included from [01m[K/opt/ros/humble/include/rclcpp/rclcpp/logging.hpp:23[m[K,
[2.244s]                  from [01m[K/opt/ros/humble/include/rclcpp/rclcpp/client.hpp:40[m[K,
[2.244s]                  from [01m[K/opt/ros/humble/include/rclcpp/rclcpp/callback_group.hpp:24[m[K,
[2.244s]                  from [01m[K/opt/ros/humble/include/rclcpp/rclcpp/any_executable.hpp:20[m[K,
[2.244s]                  from [01m[K/opt/ros/humble/include/rclcpp/rclcpp/memory_strategy.hpp:25[m[K,
[2.244s]                  from [01m[K/opt/ros/humble/include/rclcpp/rclcpp/memory_strategies.hpp:18[m[K,
[2.244s]                  from [01m[K/opt/ros/humble/include/rclcpp/rclcpp/executor_options.hpp:20[m[K,
[2.244s]                  from [01m[K/opt/ros/humble/include/rclcpp/rclcpp/executor.hpp:37[m[K,
[2.244s]                  from [01m[K/opt/ros/humble/include/rclcpp/rclcpp/executors/multi_threaded_executor.hpp:25[m[K,
[2.244s]                  from [01m[K/opt/ros/humble/include/rclcpp/rclcpp/executors.hpp:21[m[K,
[2.244s]                  from [01m[K/opt/ros/humble/include/rclcpp/rclcpp/rclcpp.hpp:155[m[K,
[2.244s]                  from [01m[K/home/danielfreer/ros2_ws/src/AntobotRobot/antobot_control/src/ant_control.cpp:27[m[K:
[2.244s] [01m[K/opt/ros/humble/include/rclcpp/rclcpp/logger.hpp:106:17:[m[K [01;36m[Knote: [m[K‘[01m[Krclcpp::get_logger[m[K’ declared here
[2.245s]   106 |   friend Logger [01;36m[Krclcpp[m[K::get_logger(const std::string & name);
[2.245s]       |                 [01;36m[K^~~~~~[m[K
[2.245s] In file included from [01m[K/opt/ros/humble/include/rclcpp/rclcpp/client.hpp:40[m[K,
[2.245s]                  from [01m[K/opt/ros/humble/include/rclcpp/rclcpp/callback_group.hpp:24[m[K,
[2.245s]                  from [01m[K/opt/ros/humble/include/rclcpp/rclcpp/any_executable.hpp:20[m[K,
[2.245s]                  from [01m[K/opt/ros/humble/include/rclcpp/rclcpp/memory_strategy.hpp:25[m[K,
[2.245s]                  from [01m[K/opt/ros/humble/include/rclcpp/rclcpp/memory_strategies.hpp:18[m[K,
[2.245s]                  from [01m[K/opt/ros/humble/include/rclcpp/rclcpp/executor_options.hpp:20[m[K,
[2.245s]                  from [01m[K/opt/ros/humble/include/rclcpp/rclcpp/executor.hpp:37[m[K,
[2.245s]                  from [01m[K/opt/ros/humble/include/rclcpp/rclcpp/executors/multi_threaded_executor.hpp:25[m[K,
[2.245s]                  from [01m[K/opt/ros/humble/include/rclcpp/rclcpp/executors.hpp:21[m[K,
[2.245s]                  from [01m[K/opt/ros/humble/include/rclcpp/rclcpp/rclcpp.hpp:155[m[K,
[2.245s]                  from [01m[K/home/danielfreer/ros2_ws/src/AntobotRobot/antobot_control/src/ant_control.cpp:27[m[K:
[2.245s] [01m[K/home/danielfreer/ros2_ws/src/AntobotRobot/antobot_control/src/ant_control.cpp:91:3:[m[K [01;31m[Kerror: [m[Ktemplate argument 1 is invalid
[2.245s]    91 |   [01;31m[KRCLCPP_INFO[m[K(get_logger(), "Configuring ...please wait...");
[2.245s]       |   [01;31m[K^~~~~~~~~~~[m[K
[2.245s] [01m[K/home/danielfreer/ros2_ws/src/AntobotRobot/antobot_control/src/ant_control.cpp:91:3:[m[K [01;31m[Kerror: [m[Ktemplate argument 1 is invalid
[2.245s]    91 |   [01;31m[KRCLCPP_INFO[m[K(get_logger(), "Configuring ...please wait...");
[2.245s]       |   [01;31m[K^~~~~~~~~~~[m[K
[2.245s] [01m[K/home/danielfreer/ros2_ws/src/AntobotRobot/antobot_control/src/ant_control.cpp:91:3:[m[K [01;31m[Kerror: [m[Ktemplate argument 1 is invalid
[2.245s]    91 |   [01;31m[KRCLCPP_INFO[m[K(get_logger(), "Configuring ...please wait...");
[2.245s]       |   [01;31m[K^~~~~~~~~~~[m[K
[2.245s] [01m[K/home/danielfreer/ros2_ws/src/AntobotRobot/antobot_control/src/ant_control.cpp:96:17:[m[K [01;31m[Kerror: [m[K‘[01m[Kget_logger[m[K’ was not declared in this scope; did you mean ‘[01m[Krclcpp::get_logger[m[K’?
[2.245s]    96 |     RCLCPP_INFO([01;31m[Kget_logger[m[K(), "%.1f seconds left...", hw_start_sec_ - i);
[2.246s]       |                 [01;31m[K^~~~~~~~~~[m[K
[2.246s] In file included from [01m[K/opt/ros/humble/include/rclcpp/rclcpp/logging.hpp:23[m[K,
[2.246s]                  from [01m[K/opt/ros/humble/include/rclcpp/rclcpp/client.hpp:40[m[K,
[2.246s]                  from [01m[K/opt/ros/humble/include/rclcpp/rclcpp/callback_group.hpp:24[m[K,
[2.246s]                  from [01m[K/opt/ros/humble/include/rclcpp/rclcpp/any_executable.hpp:20[m[K,
[2.246s]                  from [01m[K/opt/ros/humble/include/rclcpp/rclcpp/memory_strategy.hpp:25[m[K,
[2.246s]                  from [01m[K/opt/ros/humble/include/rclcpp/rclcpp/memory_strategies.hpp:18[m[K,
[2.246s]                  from [01m[K/opt/ros/humble/include/rclcpp/rclcpp/executor_options.hpp:20[m[K,
[2.246s]                  from [01m[K/opt/ros/humble/include/rclcpp/rclcpp/executor.hpp:37[m[K,
[2.246s]                  from [01m[K/opt/ros/humble/include/rclcpp/rclcpp/executors/multi_threaded_executor.hpp:25[m[K,
[2.246s]                  from [01m[K/opt/ros/humble/include/rclcpp/rclcpp/executors.hpp:21[m[K,
[2.246s]                  from [01m[K/opt/ros/humble/include/rclcpp/rclcpp/rclcpp.hpp:155[m[K,
[2.246s]                  from [01m[K/home/danielfreer/ros2_ws/src/AntobotRobot/antobot_control/src/ant_control.cpp:27[m[K:
[2.246s] [01m[K/opt/ros/humble/include/rclcpp/rclcpp/logger.hpp:106:17:[m[K [01;36m[Knote: [m[K‘[01m[Krclcpp::get_logger[m[K’ declared here
[2.246s]   106 |   friend Logger [01;36m[Krclcpp[m[K::get_logger(const std::string & name);
[2.246s]       |                 [01;36m[K^~~~~~[m[K
[2.246s] In file included from [01m[K/opt/ros/humble/include/rclcpp/rclcpp/client.hpp:40[m[K,
[2.246s]                  from [01m[K/opt/ros/humble/include/rclcpp/rclcpp/callback_group.hpp:24[m[K,
[2.246s]                  from [01m[K/opt/ros/humble/include/rclcpp/rclcpp/any_executable.hpp:20[m[K,
[2.246s]                  from [01m[K/opt/ros/humble/include/rclcpp/rclcpp/memory_strategy.hpp:25[m[K,
[2.247s]                  from [01m[K/opt/ros/humble/include/rclcpp/rclcpp/memory_strategies.hpp:18[m[K,
[2.247s]                  from [01m[K/opt/ros/humble/include/rclcpp/rclcpp/executor_options.hpp:20[m[K,
[2.247s]                  from [01m[K/opt/ros/humble/include/rclcpp/rclcpp/executor.hpp:37[m[K,
[2.247s]                  from [01m[K/opt/ros/humble/include/rclcpp/rclcpp/executors/multi_threaded_executor.hpp:25[m[K,
[2.247s]                  from [01m[K/opt/ros/humble/include/rclcpp/rclcpp/executors.hpp:21[m[K,
[2.247s]                  from [01m[K/opt/ros/humble/include/rclcpp/rclcpp/rclcpp.hpp:155[m[K,
[2.247s]                  from [01m[K/home/danielfreer/ros2_ws/src/AntobotRobot/antobot_control/src/ant_control.cpp:27[m[K:
[2.247s] [01m[K/home/danielfreer/ros2_ws/src/AntobotRobot/antobot_control/src/ant_control.cpp:96:5:[m[K [01;31m[Kerror: [m[Ktemplate argument 1 is invalid
[2.247s]    96 |     [01;31m[KRCLCPP_INFO[m[K(get_logger(), "%.1f seconds left...", hw_start_sec_ - i);
[2.247s]       |     [01;31m[K^~~~~~~~~~~[m[K
[2.247s] [01m[K/home/danielfreer/ros2_ws/src/AntobotRobot/antobot_control/src/ant_control.cpp:96:5:[m[K [01;31m[Kerror: [m[Ktemplate argument 1 is invalid
[2.247s]    96 |     [01;31m[KRCLCPP_INFO[m[K(get_logger(), "%.1f seconds left...", hw_start_sec_ - i);
[2.247s]       |     [01;31m[K^~~~~~~~~~~[m[K
[2.247s] [01m[K/home/danielfreer/ros2_ws/src/AntobotRobot/antobot_control/src/ant_control.cpp:96:5:[m[K [01;31m[Kerror: [m[Ktemplate argument 1 is invalid
[2.247s]    96 |     [01;31m[KRCLCPP_INFO[m[K(get_logger(), "%.1f seconds left...", hw_start_sec_ - i);
[2.247s]       |     [01;31m[K^~~~~~~~~~~[m[K
[2.247s] [01m[K/home/danielfreer/ros2_ws/src/AntobotRobot/antobot_control/src/ant_control.cpp:101:37:[m[K [01;31m[Kerror: [m[K‘[01m[Kjoint_state_interfaces_[m[K’ was not declared in this scope; did you mean ‘[01m[Kexport_state_interfaces[m[K’?
[2.247s]   101 |   for (const auto & [name, descr] : [01;31m[Kjoint_state_interfaces_[m[K)
[2.247s]       |                                     [01;31m[K^~~~~~~~~~~~~~~~~~~~~~~[m[K
[2.247s]       |                                     [32m[Kexport_state_interfaces[m[K
[2.252s] [01m[K/home/danielfreer/ros2_ws/src/AntobotRobot/antobot_control/src/ant_control.cpp:105:37:[m[K [01;31m[Kerror: [m[K‘[01m[Kjoint_command_interfaces_[m[K’ was not declared in this scope; did you mean ‘[01m[Kexport_command_interfaces[m[K’?
[2.253s]   105 |   for (const auto & [name, descr] : [01;31m[Kjoint_command_interfaces_[m[K)
[2.253s]       |                                     [01;31m[K^~~~~~~~~~~~~~~~~~~~~~~~~[m[K
[2.253s]       |                                     [32m[Kexport_command_interfaces[m[K
[2.257s] [01m[K/home/danielfreer/ros2_ws/src/AntobotRobot/antobot_control/src/ant_control.cpp:107:5:[m[K [01;31m[Kerror: [m[K‘[01m[Kset_command[m[K’ was not declared in this scope
[2.257s]   107 |     [01;31m[Kset_command[m[K(name, 0.0);
[2.257s]       |     [01;31m[K^~~~~~~~~~~[m[K
[2.257s] In file included from [01m[K/opt/ros/humble/include/rclcpp/rclcpp/client.hpp:40[m[K,
[2.257s]                  from [01m[K/opt/ros/humble/include/rclcpp/rclcpp/callback_group.hpp:24[m[K,
[2.257s]                  from [01m[K/opt/ros/humble/include/rclcpp/rclcpp/any_executable.hpp:20[m[K,
[2.258s]                  from [01m[K/opt/ros/humble/include/rclcpp/rclcpp/memory_strategy.hpp:25[m[K,
[2.258s]                  from [01m[K/opt/ros/humble/include/rclcpp/rclcpp/memory_strategies.hpp:18[m[K,
[2.258s]                  from [01m[K/opt/ros/humble/include/rclcpp/rclcpp/executor_options.hpp:20[m[K,
[2.258s]                  from [01m[K/opt/ros/humble/include/rclcpp/rclcpp/executor.hpp:37[m[K,
[2.258s]                  from [01m[K/opt/ros/humble/include/rclcpp/rclcpp/executors/multi_threaded_executor.hpp:25[m[K,
[2.258s]                  from [01m[K/opt/ros/humble/include/rclcpp/rclcpp/executors.hpp:21[m[K,
[2.258s]                  from [01m[K/opt/ros/humble/include/rclcpp/rclcpp/rclcpp.hpp:155[m[K,
[2.258s]                  from [01m[K/home/danielfreer/ros2_ws/src/AntobotRobot/antobot_control/src/ant_control.cpp:27[m[K:
[2.258s] [01m[K/home/danielfreer/ros2_ws/src/AntobotRobot/antobot_control/src/ant_control.cpp:109:15:[m[K [01;31m[Kerror: [m[K‘[01m[Kget_logger[m[K’ was not declared in this scope; did you mean ‘[01m[Krclcpp::get_logger[m[K’?
[2.258s]   109 |   RCLCPP_INFO([01;31m[Kget_logger[m[K(), "Successfully configured!");
[2.258s]       |               [01;31m[K^~~~~~~~~~[m[K
[2.258s] In file included from [01m[K/opt/ros/humble/include/rclcpp/rclcpp/logging.hpp:23[m[K,
[2.258s]                  from [01m[K/opt/ros/humble/include/rclcpp/rclcpp/client.hpp:40[m[K,
[2.259s]                  from [01m[K/opt/ros/humble/include/rclcpp/rclcpp/callback_group.hpp:24[m[K,
[2.259s]                  from [01m[K/opt/ros/humble/include/rclcpp/rclcpp/any_executable.hpp:20[m[K,
[2.259s]                  from [01m[K/opt/ros/humble/include/rclcpp/rclcpp/memory_strategy.hpp:25[m[K,
[2.259s]                  from [01m[K/opt/ros/humble/include/rclcpp/rclcpp/memory_strategies.hpp:18[m[K,
[2.259s]                  from [01m[K/opt/ros/humble/include/rclcpp/rclcpp/executor_options.hpp:20[m[K,
[2.259s]                  from [01m[K/opt/ros/humble/include/rclcpp/rclcpp/executor.hpp:37[m[K,
[2.259s]                  from [01m[K/opt/ros/humble/include/rclcpp/rclcpp/executors/multi_threaded_executor.hpp:25[m[K,
[2.259s]                  from [01m[K/opt/ros/humble/include/rclcpp/rclcpp/executors.hpp:21[m[K,
[2.259s]                  from [01m[K/opt/ros/humble/include/rclcpp/rclcpp/rclcpp.hpp:155[m[K,
[2.259s]                  from [01m[K/home/danielfreer/ros2_ws/src/AntobotRobot/antobot_control/src/ant_control.cpp:27[m[K:
[2.259s] [01m[K/opt/ros/humble/include/rclcpp/rclcpp/logger.hpp:106:17:[m[K [01;36m[Knote: [m[K‘[01m[Krclcpp::get_logger[m[K’ declared here
[2.259s]   106 |   friend Logger [01;36m[Krclcpp[m[K::get_logger(const std::string & name);
[2.259s]       |                 [01;36m[K^~~~~~[m[K
[2.259s] In file included from [01m[K/opt/ros/humble/include/rclcpp/rclcpp/client.hpp:40[m[K,
[2.259s]                  from [01m[K/opt/ros/humble/include/rclcpp/rclcpp/callback_group.hpp:24[m[K,
[2.259s]                  from [01m[K/opt/ros/humble/include/rclcpp/rclcpp/any_executable.hpp:20[m[K,
[2.259s]                  from [01m[K/opt/ros/humble/include/rclcpp/rclcpp/memory_strategy.hpp:25[m[K,
[2.259s]                  from [01m[K/opt/ros/humble/include/rclcpp/rclcpp/memory_strategies.hpp:18[m[K,
[2.259s]                  from [01m[K/opt/ros/humble/include/rclcpp/rclcpp/executor_options.hpp:20[m[K,
[2.259s]                  from [01m[K/opt/ros/humble/include/rclcpp/rclcpp/executor.hpp:37[m[K,
[2.259s]                  from [01m[K/opt/ros/humble/include/rclcpp/rclcpp/executors/multi_threaded_executor.hpp:25[m[K,
[2.260s]                  from [01m[K/opt/ros/humble/include/rclcpp/rclcpp/executors.hpp:21[m[K,
[2.260s]                  from [01m[K/opt/ros/humble/include/rclcpp/rclcpp/rclcpp.hpp:155[m[K,
[2.260s]                  from [01m[K/home/danielfreer/ros2_ws/src/AntobotRobot/antobot_control/src/ant_control.cpp:27[m[K:
[2.260s] [01m[K/home/danielfreer/ros2_ws/src/AntobotRobot/antobot_control/src/ant_control.cpp:109:3:[m[K [01;31m[Kerror: [m[Ktemplate argument 1 is invalid
[2.260s]   109 |   [01;31m[KRCLCPP_INFO[m[K(get_logger(), "Successfully configured!");
[2.260s]       |   [01;31m[K^~~~~~~~~~~[m[K
[2.260s] [01m[K/home/danielfreer/ros2_ws/src/AntobotRobot/antobot_control/src/ant_control.cpp:109:3:[m[K [01;31m[Kerror: [m[Ktemplate argument 1 is invalid
[2.260s]   109 |   [01;31m[KRCLCPP_INFO[m[K(get_logger(), "Successfully configured!");
[2.260s]       |   [01;31m[K^~~~~~~~~~~[m[K
[2.260s] [01m[K/home/danielfreer/ros2_ws/src/AntobotRobot/antobot_control/src/ant_control.cpp:109:3:[m[K [01;31m[Kerror: [m[Ktemplate argument 1 is invalid
[2.260s]   109 |   [01;31m[KRCLCPP_INFO[m[K(get_logger(), "Successfully configured!");
[2.260s]       |   [01;31m[K^~~~~~~~~~~[m[K
[2.260s] [01m[K/home/danielfreer/ros2_ws/src/AntobotRobot/antobot_control/src/ant_control.cpp:[m[K In member function ‘[01m[Kvirtual hardware_interface::CallbackReturn ros2_control_demo_example_1::RRBotSystemPositionOnlyHardware::on_activate(const rclcpp_lifecycle::State&)[m[K’:
[2.260s] [01m[K/home/danielfreer/ros2_ws/src/AntobotRobot/antobot_control/src/ant_control.cpp:118:15:[m[K [01;31m[Kerror: [m[K‘[01m[Kget_logger[m[K’ was not declared in this scope; did you mean ‘[01m[Krclcpp::get_logger[m[K’?
[2.260s]   118 |   RCLCPP_INFO([01;31m[Kget_logger[m[K(), "Activating ...please wait...");
[2.260s]       |               [01;31m[K^~~~~~~~~~[m[K
[2.260s] In file included from [01m[K/opt/ros/humble/include/rclcpp/rclcpp/logging.hpp:23[m[K,
[2.260s]                  from [01m[K/opt/ros/humble/include/rclcpp/rclcpp/client.hpp:40[m[K,
[2.260s]                  from [01m[K/opt/ros/humble/include/rclcpp/rclcpp/callback_group.hpp:24[m[K,
[2.260s]                  from [01m[K/opt/ros/humble/include/rclcpp/rclcpp/any_executable.hpp:20[m[K,
[2.260s]                  from [01m[K/opt/ros/humble/include/rclcpp/rclcpp/memory_strategy.hpp:25[m[K,
[2.260s]                  from [01m[K/opt/ros/humble/include/rclcpp/rclcpp/memory_strategies.hpp:18[m[K,
[2.260s]                  from [01m[K/opt/ros/humble/include/rclcpp/rclcpp/executor_options.hpp:20[m[K,
[2.260s]                  from [01m[K/opt/ros/humble/include/rclcpp/rclcpp/executor.hpp:37[m[K,
[2.260s]                  from [01m[K/opt/ros/humble/include/rclcpp/rclcpp/executors/multi_threaded_executor.hpp:25[m[K,
[2.261s]                  from [01m[K/opt/ros/humble/include/rclcpp/rclcpp/executors.hpp:21[m[K,
[2.261s]                  from [01m[K/opt/ros/humble/include/rclcpp/rclcpp/rclcpp.hpp:155[m[K,
[2.261s]                  from [01m[K/home/danielfreer/ros2_ws/src/AntobotRobot/antobot_control/src/ant_control.cpp:27[m[K:
[2.261s] [01m[K/opt/ros/humble/include/rclcpp/rclcpp/logger.hpp:106:17:[m[K [01;36m[Knote: [m[K‘[01m[Krclcpp::get_logger[m[K’ declared here
[2.261s]   106 |   friend Logger [01;36m[Krclcpp[m[K::get_logger(const std::string & name);
[2.261s]       |                 [01;36m[K^~~~~~[m[K
[2.261s] In file included from [01m[K/opt/ros/humble/include/rclcpp/rclcpp/client.hpp:40[m[K,
[2.261s]                  from [01m[K/opt/ros/humble/include/rclcpp/rclcpp/callback_group.hpp:24[m[K,
[2.261s]                  from [01m[K/opt/ros/humble/include/rclcpp/rclcpp/any_executable.hpp:20[m[K,
[2.261s]                  from [01m[K/opt/ros/humble/include/rclcpp/rclcpp/memory_strategy.hpp:25[m[K,
[2.261s]                  from [01m[K/opt/ros/humble/include/rclcpp/rclcpp/memory_strategies.hpp:18[m[K,
[2.261s]                  from [01m[K/opt/ros/humble/include/rclcpp/rclcpp/executor_options.hpp:20[m[K,
[2.261s]                  from [01m[K/opt/ros/humble/include/rclcpp/rclcpp/executor.hpp:37[m[K,
[2.261s]                  from [01m[K/opt/ros/humble/include/rclcpp/rclcpp/executors/multi_threaded_executor.hpp:25[m[K,
[2.261s]                  from [01m[K/opt/ros/humble/include/rclcpp/rclcpp/executors.hpp:21[m[K,
[2.261s]                  from [01m[K/opt/ros/humble/include/rclcpp/rclcpp/rclcpp.hpp:155[m[K,
[2.261s]                  from [01m[K/home/danielfreer/ros2_ws/src/AntobotRobot/antobot_control/src/ant_control.cpp:27[m[K:
[2.261s] [01m[K/home/danielfreer/ros2_ws/src/AntobotRobot/antobot_control/src/ant_control.cpp:118:3:[m[K [01;31m[Kerror: [m[Ktemplate argument 1 is invalid
[2.261s]   118 |   [01;31m[KRCLCPP_INFO[m[K(get_logger(), "Activating ...please wait...");
[2.261s]       |   [01;31m[K^~~~~~~~~~~[m[K
[2.261s] [01m[K/home/danielfreer/ros2_ws/src/AntobotRobot/antobot_control/src/ant_control.cpp:118:3:[m[K [01;31m[Kerror: [m[Ktemplate argument 1 is invalid
[2.261s]   118 |   [01;31m[KRCLCPP_INFO[m[K(get_logger(), "Activating ...please wait...");
[2.261s]       |   [01;31m[K^~~~~~~~~~~[m[K
[2.262s] [01m[K/home/danielfreer/ros2_ws/src/AntobotRobot/antobot_control/src/ant_control.cpp:118:3:[m[K [01;31m[Kerror: [m[Ktemplate argument 1 is invalid
[2.262s]   118 |   [01;31m[KRCLCPP_INFO[m[K(get_logger(), "Activating ...please wait...");
[2.262s]       |   [01;31m[K^~~~~~~~~~~[m[K
[2.262s] [01m[K/home/danielfreer/ros2_ws/src/AntobotRobot/antobot_control/src/ant_control.cpp:123:17:[m[K [01;31m[Kerror: [m[K‘[01m[Kget_logger[m[K’ was not declared in this scope; did you mean ‘[01m[Krclcpp::get_logger[m[K’?
[2.262s]   123 |     RCLCPP_INFO([01;31m[Kget_logger[m[K(), "%.1f seconds left...", hw_start_sec_ - i);
[2.262s]       |                 [01;31m[K^~~~~~~~~~[m[K
[2.262s] In file included from [01m[K/opt/ros/humble/include/rclcpp/rclcpp/logging.hpp:23[m[K,
[2.262s]                  from [01m[K/opt/ros/humble/include/rclcpp/rclcpp/client.hpp:40[m[K,
[2.262s]                  from [01m[K/opt/ros/humble/include/rclcpp/rclcpp/callback_group.hpp:24[m[K,
[2.262s]                  from [01m[K/opt/ros/humble/include/rclcpp/rclcpp/any_executable.hpp:20[m[K,
[2.262s]                  from [01m[K/opt/ros/humble/include/rclcpp/rclcpp/memory_strategy.hpp:25[m[K,
[2.262s]                  from [01m[K/opt/ros/humble/include/rclcpp/rclcpp/memory_strategies.hpp:18[m[K,
[2.262s]                  from [01m[K/opt/ros/humble/include/rclcpp/rclcpp/executor_options.hpp:20[m[K,
[2.262s]                  from [01m[K/opt/ros/humble/include/rclcpp/rclcpp/executor.hpp:37[m[K,
[2.262s]                  from [01m[K/opt/ros/humble/include/rclcpp/rclcpp/executors/multi_threaded_executor.hpp:25[m[K,
[2.262s]                  from [01m[K/opt/ros/humble/include/rclcpp/rclcpp/executors.hpp:21[m[K,
[2.262s]                  from [01m[K/opt/ros/humble/include/rclcpp/rclcpp/rclcpp.hpp:155[m[K,
[2.262s]                  from [01m[K/home/danielfreer/ros2_ws/src/AntobotRobot/antobot_control/src/ant_control.cpp:27[m[K:
[2.262s] [01m[K/opt/ros/humble/include/rclcpp/rclcpp/logger.hpp:106:17:[m[K [01;36m[Knote: [m[K‘[01m[Krclcpp::get_logger[m[K’ declared here
[2.262s]   106 |   friend Logger [01;36m[Krclcpp[m[K::get_logger(const std::string & name);
[2.263s]       |                 [01;36m[K^~~~~~[m[K
[2.263s] In file included from [01m[K/opt/ros/humble/include/rclcpp/rclcpp/client.hpp:40[m[K,
[2.263s]                  from [01m[K/opt/ros/humble/include/rclcpp/rclcpp/callback_group.hpp:24[m[K,
[2.263s]                  from [01m[K/opt/ros/humble/include/rclcpp/rclcpp/any_executable.hpp:20[m[K,
[2.263s]                  from [01m[K/opt/ros/humble/include/rclcpp/rclcpp/memory_strategy.hpp:25[m[K,
[2.263s]                  from [01m[K/opt/ros/humble/include/rclcpp/rclcpp/memory_strategies.hpp:18[m[K,
[2.263s]                  from [01m[K/opt/ros/humble/include/rclcpp/rclcpp/executor_options.hpp:20[m[K,
[2.263s]                  from [01m[K/opt/ros/humble/include/rclcpp/rclcpp/executor.hpp:37[m[K,
[2.263s]                  from [01m[K/opt/ros/humble/include/rclcpp/rclcpp/executors/multi_threaded_executor.hpp:25[m[K,
[2.263s]                  from [01m[K/opt/ros/humble/include/rclcpp/rclcpp/executors.hpp:21[m[K,
[2.263s]                  from [01m[K/opt/ros/humble/include/rclcpp/rclcpp/rclcpp.hpp:155[m[K,
[2.263s]                  from [01m[K/home/danielfreer/ros2_ws/src/AntobotRobot/antobot_control/src/ant_control.cpp:27[m[K:
[2.263s] [01m[K/home/danielfreer/ros2_ws/src/AntobotRobot/antobot_control/src/ant_control.cpp:123:5:[m[K [01;31m[Kerror: [m[Ktemplate argument 1 is invalid
[2.263s]   123 |     [01;31m[KRCLCPP_INFO[m[K(get_logger(), "%.1f seconds left...", hw_start_sec_ - i);
[2.263s]       |     [01;31m[K^~~~~~~~~~~[m[K
[2.263s] [01m[K/home/danielfreer/ros2_ws/src/AntobotRobot/antobot_control/src/ant_control.cpp:123:5:[m[K [01;31m[Kerror: [m[Ktemplate argument 1 is invalid
[2.263s]   123 |     [01;31m[KRCLCPP_INFO[m[K(get_logger(), "%.1f seconds left...", hw_start_sec_ - i);
[2.263s]       |     [01;31m[K^~~~~~~~~~~[m[K
[2.263s] [01m[K/home/danielfreer/ros2_ws/src/AntobotRobot/antobot_control/src/ant_control.cpp:123:5:[m[K [01;31m[Kerror: [m[Ktemplate argument 1 is invalid
[2.263s]   123 |     [01;31m[KRCLCPP_INFO[m[K(get_logger(), "%.1f seconds left...", hw_start_sec_ - i);
[2.263s]       |     [01;31m[K^~~~~~~~~~~[m[K
[2.265s] [01m[K/home/danielfreer/ros2_ws/src/AntobotRobot/antobot_control/src/ant_control.cpp:128:37:[m[K [01;31m[Kerror: [m[K‘[01m[Kjoint_state_interfaces_[m[K’ was not declared in this scope; did you mean ‘[01m[Kexport_state_interfaces[m[K’?
[2.265s]   128 |   for (const auto & [name, descr] : [01;31m[Kjoint_state_interfaces_[m[K)
[2.265s]       |                                     [01;31m[K^~~~~~~~~~~~~~~~~~~~~~~[m[K
[2.265s]       |                                     [32m[Kexport_state_interfaces[m[K
[2.269s] [01m[K/home/danielfreer/ros2_ws/src/AntobotRobot/antobot_control/src/ant_control.cpp:130:5:[m[K [01;31m[Kerror: [m[K‘[01m[Kset_command[m[K’ was not declared in this scope
[2.269s]   130 |     [01;31m[Kset_command[m[K(name, get_state(name));
[2.269s]       |     [01;31m[K^~~~~~~~~~~[m[K
[2.270s] In file included from [01m[K/opt/ros/humble/include/rclcpp/rclcpp/client.hpp:40[m[K,
[2.270s]                  from [01m[K/opt/ros/humble/include/rclcpp/rclcpp/callback_group.hpp:24[m[K,
[2.270s]                  from [01m[K/opt/ros/humble/include/rclcpp/rclcpp/any_executable.hpp:20[m[K,
[2.270s]                  from [01m[K/opt/ros/humble/include/rclcpp/rclcpp/memory_strategy.hpp:25[m[K,
[2.270s]                  from [01m[K/opt/ros/humble/include/rclcpp/rclcpp/memory_strategies.hpp:18[m[K,
[2.270s]                  from [01m[K/opt/ros/humble/include/rclcpp/rclcpp/executor_options.hpp:20[m[K,
[2.270s]                  from [01m[K/opt/ros/humble/include/rclcpp/rclcpp/executor.hpp:37[m[K,
[2.270s]                  from [01m[K/opt/ros/humble/include/rclcpp/rclcpp/executors/multi_threaded_executor.hpp:25[m[K,
[2.270s]                  from [01m[K/opt/ros/humble/include/rclcpp/rclcpp/executors.hpp:21[m[K,
[2.270s]                  from [01m[K/opt/ros/humble/include/rclcpp/rclcpp/rclcpp.hpp:155[m[K,
[2.270s]                  from [01m[K/home/danielfreer/ros2_ws/src/AntobotRobot/antobot_control/src/ant_control.cpp:27[m[K:
[2.270s] [01m[K/home/danielfreer/ros2_ws/src/AntobotRobot/antobot_control/src/ant_control.cpp:133:15:[m[K [01;31m[Kerror: [m[K‘[01m[Kget_logger[m[K’ was not declared in this scope; did you mean ‘[01m[Krclcpp::get_logger[m[K’?
[2.271s]   133 |   RCLCPP_INFO([01;31m[Kget_logger[m[K(), "Successfully activated!");
[2.271s]       |               [01;31m[K^~~~~~~~~~[m[K
[2.271s] In file included from [01m[K/opt/ros/humble/include/rclcpp/rclcpp/logging.hpp:23[m[K,
[2.271s]                  from [01m[K/opt/ros/humble/include/rclcpp/rclcpp/client.hpp:40[m[K,
[2.271s]                  from [01m[K/opt/ros/humble/include/rclcpp/rclcpp/callback_group.hpp:24[m[K,
[2.271s]                  from [01m[K/opt/ros/humble/include/rclcpp/rclcpp/any_executable.hpp:20[m[K,
[2.271s]                  from [01m[K/opt/ros/humble/include/rclcpp/rclcpp/memory_strategy.hpp:25[m[K,
[2.271s]                  from [01m[K/opt/ros/humble/include/rclcpp/rclcpp/memory_strategies.hpp:18[m[K,
[2.271s]                  from [01m[K/opt/ros/humble/include/rclcpp/rclcpp/executor_options.hpp:20[m[K,
[2.271s]                  from [01m[K/opt/ros/humble/include/rclcpp/rclcpp/executor.hpp:37[m[K,
[2.271s]                  from [01m[K/opt/ros/humble/include/rclcpp/rclcpp/executors/multi_threaded_executor.hpp:25[m[K,
[2.271s]                  from [01m[K/opt/ros/humble/include/rclcpp/rclcpp/executors.hpp:21[m[K,
[2.271s]                  from [01m[K/opt/ros/humble/include/rclcpp/rclcpp/rclcpp.hpp:155[m[K,
[2.271s]                  from [01m[K/home/danielfreer/ros2_ws/src/AntobotRobot/antobot_control/src/ant_control.cpp:27[m[K:
[2.272s] [01m[K/opt/ros/humble/include/rclcpp/rclcpp/logger.hpp:106:17:[m[K [01;36m[Knote: [m[K‘[01m[Krclcpp::get_logger[m[K’ declared here
[2.272s]   106 |   friend Logger [01;36m[Krclcpp[m[K::get_logger(const std::string & name);
[2.272s]       |                 [01;36m[K^~~~~~[m[K
[2.272s] In file included from [01m[K/opt/ros/humble/include/rclcpp/rclcpp/client.hpp:40[m[K,
[2.272s]                  from [01m[K/opt/ros/humble/include/rclcpp/rclcpp/callback_group.hpp:24[m[K,
[2.272s]                  from [01m[K/opt/ros/humble/include/rclcpp/rclcpp/any_executable.hpp:20[m[K,
[2.272s]                  from [01m[K/opt/ros/humble/include/rclcpp/rclcpp/memory_strategy.hpp:25[m[K,
[2.272s]                  from [01m[K/opt/ros/humble/include/rclcpp/rclcpp/memory_strategies.hpp:18[m[K,
[2.272s]                  from [01m[K/opt/ros/humble/include/rclcpp/rclcpp/executor_options.hpp:20[m[K,
[2.272s]                  from [01m[K/opt/ros/humble/include/rclcpp/rclcpp/executor.hpp:37[m[K,
[2.272s]                  from [01m[K/opt/ros/humble/include/rclcpp/rclcpp/executors/multi_threaded_executor.hpp:25[m[K,
[2.272s]                  from [01m[K/opt/ros/humble/include/rclcpp/rclcpp/executors.hpp:21[m[K,
[2.272s]                  from [01m[K/opt/ros/humble/include/rclcpp/rclcpp/rclcpp.hpp:155[m[K,
[2.272s]                  from [01m[K/home/danielfreer/ros2_ws/src/AntobotRobot/antobot_control/src/ant_control.cpp:27[m[K:
[2.272s] [01m[K/home/danielfreer/ros2_ws/src/AntobotRobot/antobot_control/src/ant_control.cpp:133:3:[m[K [01;31m[Kerror: [m[Ktemplate argument 1 is invalid
[2.272s]   133 |   [01;31m[KRCLCPP_INFO[m[K(get_logger(), "Successfully activated!");
[2.272s]       |   [01;31m[K^~~~~~~~~~~[m[K
[2.272s] [01m[K/home/danielfreer/ros2_ws/src/AntobotRobot/antobot_control/src/ant_control.cpp:133:3:[m[K [01;31m[Kerror: [m[Ktemplate argument 1 is invalid
[2.272s]   133 |   [01;31m[KRCLCPP_INFO[m[K(get_logger(), "Successfully activated!");
[2.272s]       |   [01;31m[K^~~~~~~~~~~[m[K
[2.273s] [01m[K/home/danielfreer/ros2_ws/src/AntobotRobot/antobot_control/src/ant_control.cpp:133:3:[m[K [01;31m[Kerror: [m[Ktemplate argument 1 is invalid
[2.273s]   133 |   [01;31m[KRCLCPP_INFO[m[K(get_logger(), "Successfully activated!");
[2.273s]       |   [01;31m[K^~~~~~~~~~~[m[K
[2.273s] [01m[K/home/danielfreer/ros2_ws/src/AntobotRobot/antobot_control/src/ant_control.cpp:[m[K In member function ‘[01m[Kvirtual hardware_interface::CallbackReturn ros2_control_demo_example_1::RRBotSystemPositionOnlyHardware::on_deactivate(const rclcpp_lifecycle::State&)[m[K’:
[2.273s] [01m[K/home/danielfreer/ros2_ws/src/AntobotRobot/antobot_control/src/ant_control.cpp:142:15:[m[K [01;31m[Kerror: [m[K‘[01m[Kget_logger[m[K’ was not declared in this scope; did you mean ‘[01m[Krclcpp::get_logger[m[K’?
[2.273s]   142 |   RCLCPP_INFO([01;31m[Kget_logger[m[K(), "Deactivating ...please wait...");
[2.273s]       |               [01;31m[K^~~~~~~~~~[m[K
[2.273s] In file included from [01m[K/opt/ros/humble/include/rclcpp/rclcpp/logging.hpp:23[m[K,
[2.273s]                  from [01m[K/opt/ros/humble/include/rclcpp/rclcpp/client.hpp:40[m[K,
[2.273s]                  from [01m[K/opt/ros/humble/include/rclcpp/rclcpp/callback_group.hpp:24[m[K,
[2.273s]                  from [01m[K/opt/ros/humble/include/rclcpp/rclcpp/any_executable.hpp:20[m[K,
[2.273s]                  from [01m[K/opt/ros/humble/include/rclcpp/rclcpp/memory_strategy.hpp:25[m[K,
[2.273s]                  from [01m[K/opt/ros/humble/include/rclcpp/rclcpp/memory_strategies.hpp:18[m[K,
[2.273s]                  from [01m[K/opt/ros/humble/include/rclcpp/rclcpp/executor_options.hpp:20[m[K,
[2.273s]                  from [01m[K/opt/ros/humble/include/rclcpp/rclcpp/executor.hpp:37[m[K,
[2.273s]                  from [01m[K/opt/ros/humble/include/rclcpp/rclcpp/executors/multi_threaded_executor.hpp:25[m[K,
[2.273s]                  from [01m[K/opt/ros/humble/include/rclcpp/rclcpp/executors.hpp:21[m[K,
[2.273s]                  from [01m[K/opt/ros/humble/include/rclcpp/rclcpp/rclcpp.hpp:155[m[K,
[2.273s]                  from [01m[K/home/danielfreer/ros2_ws/src/AntobotRobot/antobot_control/src/ant_control.cpp:27[m[K:
[2.273s] [01m[K/opt/ros/humble/include/rclcpp/rclcpp/logger.hpp:106:17:[m[K [01;36m[Knote: [m[K‘[01m[Krclcpp::get_logger[m[K’ declared here
[2.273s]   106 |   friend Logger [01;36m[Krclcpp[m[K::get_logger(const std::string & name);
[2.273s]       |                 [01;36m[K^~~~~~[m[K
[2.273s] In file included from [01m[K/opt/ros/humble/include/rclcpp/rclcpp/client.hpp:40[m[K,
[2.274s]                  from [01m[K/opt/ros/humble/include/rclcpp/rclcpp/callback_group.hpp:24[m[K,
[2.274s]                  from [01m[K/opt/ros/humble/include/rclcpp/rclcpp/any_executable.hpp:20[m[K,
[2.274s]                  from [01m[K/opt/ros/humble/include/rclcpp/rclcpp/memory_strategy.hpp:25[m[K,
[2.274s]                  from [01m[K/opt/ros/humble/include/rclcpp/rclcpp/memory_strategies.hpp:18[m[K,
[2.274s]                  from [01m[K/opt/ros/humble/include/rclcpp/rclcpp/executor_options.hpp:20[m[K,
[2.274s]                  from [01m[K/opt/ros/humble/include/rclcpp/rclcpp/executor.hpp:37[m[K,
[2.274s]                  from [01m[K/opt/ros/humble/include/rclcpp/rclcpp/executors/multi_threaded_executor.hpp:25[m[K,
[2.274s]                  from [01m[K/opt/ros/humble/include/rclcpp/rclcpp/executors.hpp:21[m[K,
[2.274s]                  from [01m[K/opt/ros/humble/include/rclcpp/rclcpp/rclcpp.hpp:155[m[K,
[2.274s]                  from [01m[K/home/danielfreer/ros2_ws/src/AntobotRobot/antobot_control/src/ant_control.cpp:27[m[K:
[2.274s] [01m[K/home/danielfreer/ros2_ws/src/AntobotRobot/antobot_control/src/ant_control.cpp:142:3:[m[K [01;31m[Kerror: [m[Ktemplate argument 1 is invalid
[2.274s]   142 |   [01;31m[KRCLCPP_INFO[m[K(get_logger(), "Deactivating ...please wait...");
[2.274s]       |   [01;31m[K^~~~~~~~~~~[m[K
[2.274s] [01m[K/home/danielfreer/ros2_ws/src/AntobotRobot/antobot_control/src/ant_control.cpp:142:3:[m[K [01;31m[Kerror: [m[Ktemplate argument 1 is invalid
[2.274s]   142 |   [01;31m[KRCLCPP_INFO[m[K(get_logger(), "Deactivating ...please wait...");
[2.274s]       |   [01;31m[K^~~~~~~~~~~[m[K
[2.274s] [01m[K/home/danielfreer/ros2_ws/src/AntobotRobot/antobot_control/src/ant_control.cpp:142:3:[m[K [01;31m[Kerror: [m[Ktemplate argument 1 is invalid
[2.274s]   142 |   [01;31m[KRCLCPP_INFO[m[K(get_logger(), "Deactivating ...please wait...");
[2.274s]       |   [01;31m[K^~~~~~~~~~~[m[K
[2.274s] [01m[K/home/danielfreer/ros2_ws/src/AntobotRobot/antobot_control/src/ant_control.cpp:147:17:[m[K [01;31m[Kerror: [m[K‘[01m[Kget_logger[m[K’ was not declared in this scope; did you mean ‘[01m[Krclcpp::get_logger[m[K’?
[2.274s]   147 |     RCLCPP_INFO([01;31m[Kget_logger[m[K(), "%.1f seconds left...", hw_stop_sec_ - i);
[2.274s]       |                 [01;31m[K^~~~~~~~~~[m[K
[2.274s] In file included from [01m[K/opt/ros/humble/include/rclcpp/rclcpp/logging.hpp:23[m[K,
[2.274s]                  from [01m[K/opt/ros/humble/include/rclcpp/rclcpp/client.hpp:40[m[K,
[2.275s]                  from [01m[K/opt/ros/humble/include/rclcpp/rclcpp/callback_group.hpp:24[m[K,
[2.275s]                  from [01m[K/opt/ros/humble/include/rclcpp/rclcpp/any_executable.hpp:20[m[K,
[2.275s]                  from [01m[K/opt/ros/humble/include/rclcpp/rclcpp/memory_strategy.hpp:25[m[K,
[2.275s]                  from [01m[K/opt/ros/humble/include/rclcpp/rclcpp/memory_strategies.hpp:18[m[K,
[2.275s]                  from [01m[K/opt/ros/humble/include/rclcpp/rclcpp/executor_options.hpp:20[m[K,
[2.275s]                  from [01m[K/opt/ros/humble/include/rclcpp/rclcpp/executor.hpp:37[m[K,
[2.275s]                  from [01m[K/opt/ros/humble/include/rclcpp/rclcpp/executors/multi_threaded_executor.hpp:25[m[K,
[2.275s]                  from [01m[K/opt/ros/humble/include/rclcpp/rclcpp/executors.hpp:21[m[K,
[2.275s]                  from [01m[K/opt/ros/humble/include/rclcpp/rclcpp/rclcpp.hpp:155[m[K,
[2.275s]                  from [01m[K/home/danielfreer/ros2_ws/src/AntobotRobot/antobot_control/src/ant_control.cpp:27[m[K:
[2.275s] [01m[K/opt/ros/humble/include/rclcpp/rclcpp/logger.hpp:106:17:[m[K [01;36m[Knote: [m[K‘[01m[Krclcpp::get_logger[m[K’ declared here
[2.275s]   106 |   friend Logger [01;36m[Krclcpp[m[K::get_logger(const std::string & name);
[2.275s]       |                 [01;36m[K^~~~~~[m[K
[2.275s] In file included from [01m[K/opt/ros/humble/include/rclcpp/rclcpp/client.hpp:40[m[K,
[2.275s]                  from [01m[K/opt/ros/humble/include/rclcpp/rclcpp/callback_group.hpp:24[m[K,
[2.275s]                  from [01m[K/opt/ros/humble/include/rclcpp/rclcpp/any_executable.hpp:20[m[K,
[2.275s]                  from [01m[K/opt/ros/humble/include/rclcpp/rclcpp/memory_strategy.hpp:25[m[K,
[2.275s]                  from [01m[K/opt/ros/humble/include/rclcpp/rclcpp/memory_strategies.hpp:18[m[K,
[2.275s]                  from [01m[K/opt/ros/humble/include/rclcpp/rclcpp/executor_options.hpp:20[m[K,
[2.275s]                  from [01m[K/opt/ros/humble/include/rclcpp/rclcpp/executor.hpp:37[m[K,
[2.275s]                  from [01m[K/opt/ros/humble/include/rclcpp/rclcpp/executors/multi_threaded_executor.hpp:25[m[K,
[2.275s]                  from [01m[K/opt/ros/humble/include/rclcpp/rclcpp/executors.hpp:21[m[K,
[2.275s]                  from [01m[K/opt/ros/humble/include/rclcpp/rclcpp/rclcpp.hpp:155[m[K,
[2.276s]                  from [01m[K/home/danielfreer/ros2_ws/src/AntobotRobot/antobot_control/src/ant_control.cpp:27[m[K:
[2.276s] [01m[K/home/danielfreer/ros2_ws/src/AntobotRobot/antobot_control/src/ant_control.cpp:147:5:[m[K [01;31m[Kerror: [m[Ktemplate argument 1 is invalid
[2.276s]   147 |     [01;31m[KRCLCPP_INFO[m[K(get_logger(), "%.1f seconds left...", hw_stop_sec_ - i);
[2.276s]       |     [01;31m[K^~~~~~~~~~~[m[K
[2.276s] [01m[K/home/danielfreer/ros2_ws/src/AntobotRobot/antobot_control/src/ant_control.cpp:147:5:[m[K [01;31m[Kerror: [m[Ktemplate argument 1 is invalid
[2.276s]   147 |     [01;31m[KRCLCPP_INFO[m[K(get_logger(), "%.1f seconds left...", hw_stop_sec_ - i);
[2.276s]       |     [01;31m[K^~~~~~~~~~~[m[K
[2.276s] [01m[K/home/danielfreer/ros2_ws/src/AntobotRobot/antobot_control/src/ant_control.cpp:147:5:[m[K [01;31m[Kerror: [m[Ktemplate argument 1 is invalid
[2.276s]   147 |     [01;31m[KRCLCPP_INFO[m[K(get_logger(), "%.1f seconds left...", hw_stop_sec_ - i);
[2.276s]       |     [01;31m[K^~~~~~~~~~~[m[K
[2.276s] [01m[K/home/danielfreer/ros2_ws/src/AntobotRobot/antobot_control/src/ant_control.cpp:150:15:[m[K [01;31m[Kerror: [m[K‘[01m[Kget_logger[m[K’ was not declared in this scope; did you mean ‘[01m[Krclcpp::get_logger[m[K’?
[2.276s]   150 |   RCLCPP_INFO([01;31m[Kget_logger[m[K(), "Successfully deactivated!");
[2.276s]       |               [01;31m[K^~~~~~~~~~[m[K
[2.276s] In file included from [01m[K/opt/ros/humble/include/rclcpp/rclcpp/logging.hpp:23[m[K,
[2.276s]                  from [01m[K/opt/ros/humble/include/rclcpp/rclcpp/client.hpp:40[m[K,
[2.276s]                  from [01m[K/opt/ros/humble/include/rclcpp/rclcpp/callback_group.hpp:24[m[K,
[2.276s]                  from [01m[K/opt/ros/humble/include/rclcpp/rclcpp/any_executable.hpp:20[m[K,
[2.276s]                  from [01m[K/opt/ros/humble/include/rclcpp/rclcpp/memory_strategy.hpp:25[m[K,
[2.276s]                  from [01m[K/opt/ros/humble/include/rclcpp/rclcpp/memory_strategies.hpp:18[m[K,
[2.276s]                  from [01m[K/opt/ros/humble/include/rclcpp/rclcpp/executor_options.hpp:20[m[K,
[2.276s]                  from [01m[K/opt/ros/humble/include/rclcpp/rclcpp/executor.hpp:37[m[K,
[2.276s]                  from [01m[K/opt/ros/humble/include/rclcpp/rclcpp/executors/multi_threaded_executor.hpp:25[m[K,
[2.277s]                  from [01m[K/opt/ros/humble/include/rclcpp/rclcpp/executors.hpp:21[m[K,
[2.277s]                  from [01m[K/opt/ros/humble/include/rclcpp/rclcpp/rclcpp.hpp:155[m[K,
[2.277s]                  from [01m[K/home/danielfreer/ros2_ws/src/AntobotRobot/antobot_control/src/ant_control.cpp:27[m[K:
[2.277s] [01m[K/opt/ros/humble/include/rclcpp/rclcpp/logger.hpp:106:17:[m[K [01;36m[Knote: [m[K‘[01m[Krclcpp::get_logger[m[K’ declared here
[2.277s]   106 |   friend Logger [01;36m[Krclcpp[m[K::get_logger(const std::string & name);
[2.277s]       |                 [01;36m[K^~~~~~[m[K
[2.277s] In file included from [01m[K/opt/ros/humble/include/rclcpp/rclcpp/client.hpp:40[m[K,
[2.277s]                  from [01m[K/opt/ros/humble/include/rclcpp/rclcpp/callback_group.hpp:24[m[K,
[2.277s]                  from [01m[K/opt/ros/humble/include/rclcpp/rclcpp/any_executable.hpp:20[m[K,
[2.277s]                  from [01m[K/opt/ros/humble/include/rclcpp/rclcpp/memory_strategy.hpp:25[m[K,
[2.277s]                  from [01m[K/opt/ros/humble/include/rclcpp/rclcpp/memory_strategies.hpp:18[m[K,
[2.277s]                  from [01m[K/opt/ros/humble/include/rclcpp/rclcpp/executor_options.hpp:20[m[K,
[2.277s]                  from [01m[K/opt/ros/humble/include/rclcpp/rclcpp/executor.hpp:37[m[K,
[2.277s]                  from [01m[K/opt/ros/humble/include/rclcpp/rclcpp/executors/multi_threaded_executor.hpp:25[m[K,
[2.277s]                  from [01m[K/opt/ros/humble/include/rclcpp/rclcpp/executors.hpp:21[m[K,
[2.277s]                  from [01m[K/opt/ros/humble/include/rclcpp/rclcpp/rclcpp.hpp:155[m[K,
[2.277s]                  from [01m[K/home/danielfreer/ros2_ws/src/AntobotRobot/antobot_control/src/ant_control.cpp:27[m[K:
[2.277s] [01m[K/home/danielfreer/ros2_ws/src/AntobotRobot/antobot_control/src/ant_control.cpp:150:3:[m[K [01;31m[Kerror: [m[Ktemplate argument 1 is invalid
[2.277s]   150 |   [01;31m[KRCLCPP_INFO[m[K(get_logger(), "Successfully deactivated!");
[2.277s]       |   [01;31m[K^~~~~~~~~~~[m[K
[2.277s] [01m[K/home/danielfreer/ros2_ws/src/AntobotRobot/antobot_control/src/ant_control.cpp:150:3:[m[K [01;31m[Kerror: [m[Ktemplate argument 1 is invalid
[2.277s]   150 |   [01;31m[KRCLCPP_INFO[m[K(get_logger(), "Successfully deactivated!");
[2.277s]       |   [01;31m[K^~~~~~~~~~~[m[K
[2.278s] [01m[K/home/danielfreer/ros2_ws/src/AntobotRobot/antobot_control/src/ant_control.cpp:150:3:[m[K [01;31m[Kerror: [m[Ktemplate argument 1 is invalid
[2.278s]   150 |   [01;31m[KRCLCPP_INFO[m[K(get_logger(), "Successfully deactivated!");
[2.278s]       |   [01;31m[K^~~~~~~~~~~[m[K
[2.278s] [01m[K/home/danielfreer/ros2_ws/src/AntobotRobot/antobot_control/src/ant_control.cpp:[m[K In member function ‘[01m[Kvirtual hardware_interface::return_type ros2_control_demo_example_1::RRBotSystemPositionOnlyHardware::read(const rclcpp::Time&, const rclcpp::Duration&)[m[K’:
[2.278s] [01m[K/home/danielfreer/ros2_ws/src/AntobotRobot/antobot_control/src/ant_control.cpp:163:37:[m[K [01;31m[Kerror: [m[K‘[01m[Kjoint_state_interfaces_[m[K’ was not declared in this scope; did you mean ‘[01m[Kexport_state_interfaces[m[K’?
[2.278s]   163 |   for (const auto & [name, descr] : [01;31m[Kjoint_state_interfaces_[m[K)
[2.278s]       |                                     [01;31m[K^~~~~~~~~~~~~~~~~~~~~~~[m[K
[2.278s]       |                                     [32m[Kexport_state_interfaces[m[K
[2.282s] [01m[K/home/danielfreer/ros2_ws/src/AntobotRobot/antobot_control/src/ant_control.cpp:166:41:[m[K [01;31m[Kerror: [m[K‘[01m[Kget_command[m[K’ was not declared in this scope
[2.282s]   166 |     auto new_value = get_state(name) + ([01;31m[Kget_command[m[K(name) - get_state(name)) / hw_slowdown_;
[2.283s]       |                                         [01;31m[K^~~~~~~~~~~[m[K
[2.283s] In file included from [01m[K/opt/ros/humble/include/rclcpp/rclcpp/client.hpp:40[m[K,
[2.283s]                  from [01m[K/opt/ros/humble/include/rclcpp/rclcpp/callback_group.hpp:24[m[K,
[2.283s]                  from [01m[K/opt/ros/humble/include/rclcpp/rclcpp/any_executable.hpp:20[m[K,
[2.283s]                  from [01m[K/opt/ros/humble/include/rclcpp/rclcpp/memory_strategy.hpp:25[m[K,
[2.283s]                  from [01m[K/opt/ros/humble/include/rclcpp/rclcpp/memory_strategies.hpp:18[m[K,
[2.283s]                  from [01m[K/opt/ros/humble/include/rclcpp/rclcpp/executor_options.hpp:20[m[K,
[2.283s]                  from [01m[K/opt/ros/humble/include/rclcpp/rclcpp/executor.hpp:37[m[K,
[2.283s]                  from [01m[K/opt/ros/humble/include/rclcpp/rclcpp/executors/multi_threaded_executor.hpp:25[m[K,
[2.284s]                  from [01m[K/opt/ros/humble/include/rclcpp/rclcpp/executors.hpp:21[m[K,
[2.284s]                  from [01m[K/opt/ros/humble/include/rclcpp/rclcpp/rclcpp.hpp:155[m[K,
[2.284s]                  from [01m[K/home/danielfreer/ros2_ws/src/AntobotRobot/antobot_control/src/ant_control.cpp:27[m[K:
[2.284s] [01m[K/home/danielfreer/ros2_ws/src/AntobotRobot/antobot_control/src/ant_control.cpp:171:24:[m[K [01;31m[Kerror: [m[K‘[01m[Kget_logger[m[K’ was not declared in this scope; did you mean ‘[01m[Krclcpp::get_logger[m[K’?
[2.284s]   171 |   RCLCPP_INFO_THROTTLE([01;31m[Kget_logger[m[K(), *get_clock(), 500, "%s", ss.str().c_str());
[2.284s]       |                        [01;31m[K^~~~~~~~~~[m[K
[2.284s] In file included from [01m[K/opt/ros/humble/include/rclcpp/rclcpp/logging.hpp:23[m[K,
[2.284s]                  from [01m[K/opt/ros/humble/include/rclcpp/rclcpp/client.hpp:40[m[K,
[2.284s]                  from [01m[K/opt/ros/humble/include/rclcpp/rclcpp/callback_group.hpp:24[m[K,
[2.284s]                  from [01m[K/opt/ros/humble/include/rclcpp/rclcpp/any_executable.hpp:20[m[K,
[2.284s]                  from [01m[K/opt/ros/humble/include/rclcpp/rclcpp/memory_strategy.hpp:25[m[K,
[2.284s]                  from [01m[K/opt/ros/humble/include/rclcpp/rclcpp/memory_strategies.hpp:18[m[K,
[2.284s]                  from [01m[K/opt/ros/humble/include/rclcpp/rclcpp/executor_options.hpp:20[m[K,
[2.284s]                  from [01m[K/opt/ros/humble/include/rclcpp/rclcpp/executor.hpp:37[m[K,
[2.284s]                  from [01m[K/opt/ros/humble/include/rclcpp/rclcpp/executors/multi_threaded_executor.hpp:25[m[K,
[2.284s]                  from [01m[K/opt/ros/humble/include/rclcpp/rclcpp/executors.hpp:21[m[K,
[2.284s]                  from [01m[K/opt/ros/humble/include/rclcpp/rclcpp/rclcpp.hpp:155[m[K,
[2.284s]                  from [01m[K/home/danielfreer/ros2_ws/src/AntobotRobot/antobot_control/src/ant_control.cpp:27[m[K:
[2.284s] [01m[K/opt/ros/humble/include/rclcpp/rclcpp/logger.hpp:106:17:[m[K [01;36m[Knote: [m[K‘[01m[Krclcpp::get_logger[m[K’ declared here
[2.284s]   106 |   friend Logger [01;36m[Krclcpp[m[K::get_logger(const std::string & name);
[2.284s]       |                 [01;36m[K^~~~~~[m[K
[2.284s] In file included from [01m[K/opt/ros/humble/include/rclcpp/rclcpp/client.hpp:40[m[K,
[2.284s]                  from [01m[K/opt/ros/humble/include/rclcpp/rclcpp/callback_group.hpp:24[m[K,
[2.284s]                  from [01m[K/opt/ros/humble/include/rclcpp/rclcpp/any_executable.hpp:20[m[K,
[2.285s]                  from [01m[K/opt/ros/humble/include/rclcpp/rclcpp/memory_strategy.hpp:25[m[K,
[2.285s]                  from [01m[K/opt/ros/humble/include/rclcpp/rclcpp/memory_strategies.hpp:18[m[K,
[2.285s]                  from [01m[K/opt/ros/humble/include/rclcpp/rclcpp/executor_options.hpp:20[m[K,
[2.285s]                  from [01m[K/opt/ros/humble/include/rclcpp/rclcpp/executor.hpp:37[m[K,
[2.285s]                  from [01m[K/opt/ros/humble/include/rclcpp/rclcpp/executors/multi_threaded_executor.hpp:25[m[K,
[2.285s]                  from [01m[K/opt/ros/humble/include/rclcpp/rclcpp/executors.hpp:21[m[K,
[2.285s]                  from [01m[K/opt/ros/humble/include/rclcpp/rclcpp/rclcpp.hpp:155[m[K,
[2.285s]                  from [01m[K/home/danielfreer/ros2_ws/src/AntobotRobot/antobot_control/src/ant_control.cpp:27[m[K:
[2.285s] [01m[K/home/danielfreer/ros2_ws/src/AntobotRobot/antobot_control/src/ant_control.cpp:171:3:[m[K [01;31m[Kerror: [m[Ktemplate argument 1 is invalid
[2.285s]   171 |   [01;31m[KRCLCPP_INFO_THROTTLE[m[K(get_logger(), *get_clock(), 500, "%s", ss.str().c_str());
[2.285s]       |   [01;31m[K^~~~~~~~~~~~~~~~~~~~[m[K
[2.285s] [01m[K/home/danielfreer/ros2_ws/src/AntobotRobot/antobot_control/src/ant_control.cpp:171:3:[m[K [01;31m[Kerror: [m[Ktemplate argument 1 is invalid
[2.285s]   171 |   [01;31m[KRCLCPP_INFO_THROTTLE[m[K(get_logger(), *get_clock(), 500, "%s", ss.str().c_str());
[2.285s]       |   [01;31m[K^~~~~~~~~~~~~~~~~~~~[m[K
[2.285s] [01m[K/home/danielfreer/ros2_ws/src/AntobotRobot/antobot_control/src/ant_control.cpp:171:3:[m[K [01;31m[Kerror: [m[Ktemplate argument 1 is invalid
[2.285s]   171 |   [01;31m[KRCLCPP_INFO_THROTTLE[m[K(get_logger(), *get_clock(), 500, "%s", ss.str().c_str());
[2.285s]       |   [01;31m[K^~~~~~~~~~~~~~~~~~~~[m[K
[2.287s] [01m[K/home/danielfreer/ros2_ws/src/AntobotRobot/antobot_control/src/ant_control.cpp:171:39:[m[K [01;31m[Kerror: [m[K‘[01m[Kget_clock[m[K’ was not declared in this scope
[2.287s]   171 |   RCLCPP_INFO_THROTTLE(get_logger(), *[01;31m[Kget_clock[m[K(), 500, "%s", ss.str().c_str());
[2.287s]       |                                       [01;31m[K^~~~~~~~~[m[K
[2.290s] [01m[K/home/danielfreer/ros2_ws/src/AntobotRobot/antobot_control/src/ant_control.cpp:[m[K In lambda function:
[2.290s] [01m[K/home/danielfreer/ros2_ws/src/AntobotRobot/antobot_control/src/ant_control.cpp:171:3:[m[K [01;31m[Kerror: [m[K‘[01m[Kc[m[K’ was not declared in this scope
[2.290s]   171 |   [01;31m[KRCLCPP_INFO_THROTTLE[m[K(get_logger(), *get_clock(), 500, "%s", ss.str().c_str());
[2.290s]       |   [01;31m[K^~~~~~~~~~~~~~~~~~~~[m[K
[2.296s] [01m[K/home/danielfreer/ros2_ws/src/AntobotRobot/antobot_control/src/ant_control.cpp:[m[K In member function ‘[01m[Kvirtual hardware_interface::return_type ros2_control_demo_example_1::RRBotSystemPositionOnlyHardware::write(const rclcpp::Time&, const rclcpp::Duration&)[m[K’:
[2.296s] [01m[K/home/danielfreer/ros2_ws/src/AntobotRobot/antobot_control/src/ant_control.cpp:184:37:[m[K [01;31m[Kerror: [m[K‘[01m[Kjoint_command_interfaces_[m[K’ was not declared in this scope; did you mean ‘[01m[Kexport_command_interfaces[m[K’?
[2.296s]   184 |   for (const auto & [name, descr] : [01;31m[Kjoint_command_interfaces_[m[K)
[2.296s]       |                                     [01;31m[K^~~~~~~~~~~~~~~~~~~~~~~~~[m[K
[2.296s]       |                                     [32m[Kexport_command_interfaces[m[K
[2.301s] [01m[K/home/danielfreer/ros2_ws/src/AntobotRobot/antobot_control/src/ant_control.cpp:188:19:[m[K [01;31m[Kerror: [m[K‘[01m[Kget_command[m[K’ was not declared in this scope
[2.301s]   188 |        << "\t" << [01;31m[Kget_command[m[K(name) << " for joint '" << name << "'";
[2.301s]       |                   [01;31m[K^~~~~~~~~~~[m[K
[2.301s] In file included from [01m[K/opt/ros/humble/include/rclcpp/rclcpp/client.hpp:40[m[K,
[2.301s]                  from [01m[K/opt/ros/humble/include/rclcpp/rclcpp/callback_group.hpp:24[m[K,
[2.301s]                  from [01m[K/opt/ros/humble/include/rclcpp/rclcpp/any_executable.hpp:20[m[K,
[2.301s]                  from [01m[K/opt/ros/humble/include/rclcpp/rclcpp/memory_strategy.hpp:25[m[K,
[2.301s]                  from [01m[K/opt/ros/humble/include/rclcpp/rclcpp/memory_strategies.hpp:18[m[K,
[2.301s]                  from [01m[K/opt/ros/humble/include/rclcpp/rclcpp/executor_options.hpp:20[m[K,
[2.301s]                  from [01m[K/opt/ros/humble/include/rclcpp/rclcpp/executor.hpp:37[m[K,
[2.301s]                  from [01m[K/opt/ros/humble/include/rclcpp/rclcpp/executors/multi_threaded_executor.hpp:25[m[K,
[2.301s]                  from [01m[K/opt/ros/humble/include/rclcpp/rclcpp/executors.hpp:21[m[K,
[2.301s]                  from [01m[K/opt/ros/humble/include/rclcpp/rclcpp/rclcpp.hpp:155[m[K,
[2.302s]                  from [01m[K/home/danielfreer/ros2_ws/src/AntobotRobot/antobot_control/src/ant_control.cpp:27[m[K:
[2.302s] [01m[K/home/danielfreer/ros2_ws/src/AntobotRobot/antobot_control/src/ant_control.cpp:190:24:[m[K [01;31m[Kerror: [m[K‘[01m[Kget_logger[m[K’ was not declared in this scope; did you mean ‘[01m[Krclcpp::get_logger[m[K’?
[2.302s]   190 |   RCLCPP_INFO_THROTTLE([01;31m[Kget_logger[m[K(), *get_clock(), 500, "%s", ss.str().c_str());
[2.302s]       |                        [01;31m[K^~~~~~~~~~[m[K
[2.302s] In file included from [01m[K/opt/ros/humble/include/rclcpp/rclcpp/logging.hpp:23[m[K,
[2.302s]                  from [01m[K/opt/ros/humble/include/rclcpp/rclcpp/client.hpp:40[m[K,
[2.302s]                  from [01m[K/opt/ros/humble/include/rclcpp/rclcpp/callback_group.hpp:24[m[K,
[2.302s]                  from [01m[K/opt/ros/humble/include/rclcpp/rclcpp/any_executable.hpp:20[m[K,
[2.302s]                  from [01m[K/opt/ros/humble/include/rclcpp/rclcpp/memory_strategy.hpp:25[m[K,
[2.302s]                  from [01m[K/opt/ros/humble/include/rclcpp/rclcpp/memory_strategies.hpp:18[m[K,
[2.302s]                  from [01m[K/opt/ros/humble/include/rclcpp/rclcpp/executor_options.hpp:20[m[K,
[2.302s]                  from [01m[K/opt/ros/humble/include/rclcpp/rclcpp/executor.hpp:37[m[K,
[2.302s]                  from [01m[K/opt/ros/humble/include/rclcpp/rclcpp/executors/multi_threaded_executor.hpp:25[m[K,
[2.302s]                  from [01m[K/opt/ros/humble/include/rclcpp/rclcpp/executors.hpp:21[m[K,
[2.302s]                  from [01m[K/opt/ros/humble/include/rclcpp/rclcpp/rclcpp.hpp:155[m[K,
[2.302s]                  from [01m[K/home/danielfreer/ros2_ws/src/AntobotRobot/antobot_control/src/ant_control.cpp:27[m[K:
[2.302s] [01m[K/opt/ros/humble/include/rclcpp/rclcpp/logger.hpp:106:17:[m[K [01;36m[Knote: [m[K‘[01m[Krclcpp::get_logger[m[K’ declared here
[2.302s]   106 |   friend Logger [01;36m[Krclcpp[m[K::get_logger(const std::string & name);
[2.302s]       |                 [01;36m[K^~~~~~[m[K
[2.302s] In file included from [01m[K/opt/ros/humble/include/rclcpp/rclcpp/client.hpp:40[m[K,
[2.302s]                  from [01m[K/opt/ros/humble/include/rclcpp/rclcpp/callback_group.hpp:24[m[K,
[2.302s]                  from [01m[K/opt/ros/humble/include/rclcpp/rclcpp/any_executable.hpp:20[m[K,
[2.302s]                  from [01m[K/opt/ros/humble/include/rclcpp/rclcpp/memory_strategy.hpp:25[m[K,
[2.302s]                  from [01m[K/opt/ros/humble/include/rclcpp/rclcpp/memory_strategies.hpp:18[m[K,
[2.302s]                  from [01m[K/opt/ros/humble/include/rclcpp/rclcpp/executor_options.hpp:20[m[K,
[2.303s]                  from [01m[K/opt/ros/humble/include/rclcpp/rclcpp/executor.hpp:37[m[K,
[2.303s]                  from [01m[K/opt/ros/humble/include/rclcpp/rclcpp/executors/multi_threaded_executor.hpp:25[m[K,
[2.303s]                  from [01m[K/opt/ros/humble/include/rclcpp/rclcpp/executors.hpp:21[m[K,
[2.303s]                  from [01m[K/opt/ros/humble/include/rclcpp/rclcpp/rclcpp.hpp:155[m[K,
[2.303s]                  from [01m[K/home/danielfreer/ros2_ws/src/AntobotRobot/antobot_control/src/ant_control.cpp:27[m[K:
[2.303s] [01m[K/home/danielfreer/ros2_ws/src/AntobotRobot/antobot_control/src/ant_control.cpp:190:3:[m[K [01;31m[Kerror: [m[Ktemplate argument 1 is invalid
[2.303s]   190 |   [01;31m[KRCLCPP_INFO_THROTTLE[m[K(get_logger(), *get_clock(), 500, "%s", ss.str().c_str());
[2.303s]       |   [01;31m[K^~~~~~~~~~~~~~~~~~~~[m[K
[2.303s] [01m[K/home/danielfreer/ros2_ws/src/AntobotRobot/antobot_control/src/ant_control.cpp:190:3:[m[K [01;31m[Kerror: [m[Ktemplate argument 1 is invalid
[2.303s]   190 |   [01;31m[KRCLCPP_INFO_THROTTLE[m[K(get_logger(), *get_clock(), 500, "%s", ss.str().c_str());
[2.303s]       |   [01;31m[K^~~~~~~~~~~~~~~~~~~~[m[K
[2.303s] [01m[K/home/danielfreer/ros2_ws/src/AntobotRobot/antobot_control/src/ant_control.cpp:190:3:[m[K [01;31m[Kerror: [m[Ktemplate argument 1 is invalid
[2.303s]   190 |   [01;31m[KRCLCPP_INFO_THROTTLE[m[K(get_logger(), *get_clock(), 500, "%s", ss.str().c_str());
[2.303s]       |   [01;31m[K^~~~~~~~~~~~~~~~~~~~[m[K
[2.305s] [01m[K/home/danielfreer/ros2_ws/src/AntobotRobot/antobot_control/src/ant_control.cpp:190:39:[m[K [01;31m[Kerror: [m[K‘[01m[Kget_clock[m[K’ was not declared in this scope
[2.305s]   190 |   RCLCPP_INFO_THROTTLE(get_logger(), *[01;31m[Kget_clock[m[K(), 500, "%s", ss.str().c_str());
[2.305s]       |                                       [01;31m[K^~~~~~~~~[m[K
[2.307s] [01m[K/home/danielfreer/ros2_ws/src/AntobotRobot/antobot_control/src/ant_control.cpp:[m[K In lambda function:
[2.308s] [01m[K/home/danielfreer/ros2_ws/src/AntobotRobot/antobot_control/src/ant_control.cpp:190:3:[m[K [01;31m[Kerror: [m[K‘[01m[Kc[m[K’ was not declared in this scope
[2.308s]   190 |   [01;31m[KRCLCPP_INFO_THROTTLE[m[K(get_logger(), *get_clock(), 500, "%s", ss.str().c_str());
[2.308s]       |   [01;31m[K^~~~~~~~~~~~~~~~~~~~[m[K
[2.650s] In file included from [01m[K/opt/ros/humble/include/class_loader/class_loader/class_loader_core.hpp:57[m[K,
[2.650s]                  from [01m[K/opt/ros/humble/include/class_loader/class_loader/class_loader.hpp:55[m[K,
[2.650s]                  from [01m[K/opt/ros/humble/include/pluginlib/pluginlib/class_list_macros.hpp:40[m[K,
[2.650s]                  from [01m[K/home/danielfreer/ros2_ws/src/AntobotRobot/antobot_control/src/ant_control.cpp:198[m[K:
[2.650s] /opt/ros/humble/include/class_loader/class_loader/meta_object.hpp: In instantiation of ‘[01m[KB* class_loader::impl::MetaObject<C, B>::create() const [with C = ros2_control_demo_example_1::RRBotSystemPositionOnlyHardware; B = hardware_interface::SystemInterface][m[K’:
[2.650s] [01m[K/opt/ros/humble/include/class_loader/class_loader/meta_object.hpp:216:7:[m[K   required from here
[2.650s] [01m[K/opt/ros/humble/include/class_loader/class_loader/meta_object.hpp:218:12:[m[K [01;31m[Kerror: [m[Kinvalid new-expression of abstract class type ‘[01m[Kros2_control_demo_example_1::RRBotSystemPositionOnlyHardware[m[K’
[2.650s]   218 |     return [01;31m[Knew C[m[K;
[2.650s]       |            [01;31m[K^~~~~[m[K
[2.650s] In file included from [01m[K/home/danielfreer/ros2_ws/src/AntobotRobot/antobot_control/src/ant_control.cpp:15[m[K:
[2.650s] [01m[K/home/danielfreer/ros2_ws/src/AntobotRobot/antobot_control/include/antobot_control/ant_control.hpp:32:7:[m[K [01;36m[Knote: [m[K  because the following virtual functions are pure within ‘[01m[Kros2_control_demo_example_1::RRBotSystemPositionOnlyHardware[m[K’:
[2.650s]    32 | class [01;36m[KRRBotSystemPositionOnlyHardware[m[K : public hardware_interface::SystemInterface
[2.650s]       |       [01;36m[K^~~~~~~~~~~~~~~~~~~~~~~~~~~~~~~[m[K
[2.650s] In file included from [01m[K/home/danielfreer/ros2_ws/src/AntobotRobot/antobot_control/include/antobot_control/ant_control.hpp:24[m[K,
[2.650s]                  from [01m[K/home/danielfreer/ros2_ws/src/AntobotRobot/antobot_control/src/ant_control.cpp:15[m[K:
[2.650s] [01m[K/opt/ros/humble/include/hardware_interface/system_interface.hpp:113:39:[m[K [01;36m[Knote: [m[K    ‘[01m[Kvirtual std::vector<hardware_interface::StateInterface> hardware_interface::SystemInterface::export_state_interfaces()[m[K’
[2.650s]   113 |   virtual std::vector<StateInterface> [01;36m[Kexport_state_interfaces[m[K() = 0;
[2.650s]       |                                       [01;36m[K^~~~~~~~~~~~~~~~~~~~~~~[m[K
[2.650s] [01m[K/opt/ros/humble/include/hardware_interface/system_interface.hpp:124:41:[m[K [01;36m[Knote: [m[K    ‘[01m[Kvirtual std::vector<hardware_interface::CommandInterface> hardware_interface::SystemInterface::export_command_interfaces()[m[K’
[2.650s]   124 |   virtual std::vector<CommandInterface> [01;36m[Kexport_command_interfaces[m[K() = 0;
[2.650s]       |                                         [01;36m[K^~~~~~~~~~~~~~~~~~~~~~~~~[m[K
[2.702s] gmake[2]: *** [CMakeFiles/ant_control_node.dir/build.make:76: CMakeFiles/ant_control_node.dir/src/ant_control.cpp.o] Error 1
[2.702s] gmake[1]: *** [CMakeFiles/Makefile2:137: CMakeFiles/ant_control_node.dir/all] Error 2
[2.702s] gmake: *** [Makefile:146: all] Error 2
[2.704s] Invoked command in '/home/danielfreer/ros2_ws/src/AntobotRobot/build/antobot_control' returned '2': CMAKE_PREFIX_PATH=/opt/ros/humble /usr/bin/cmake --build /home/danielfreer/ros2_ws/src/AntobotRobot/build/antobot_control -- -j16 -l16
