[0.077s] DEBUG:colcon:Command line arguments: ['/usr/bin/colcon', 'build', '--packages-up-to', 'antobot_control']
[0.077s] DEBUG:colcon:Parsed command line arguments: Namespace(log_base=None, log_level=None, verb_name='build', build_base='build', install_base='install', merge_install=False, symlink_install=False, test_result_base=None, continue_on_error=False, executor='parallel', parallel_workers=16, event_handlers=None, ignore_user_meta=False, metas=['./colcon.meta'], base_paths=['.'], packages_ignore=None, packages_ignore_regex=None, paths=None, packages_up_to=['antobot_control'], packages_up_to_regex=None, packages_above=None, packages_above_and_dependencies=None, packages_above_depth=None, packages_select_by_dep=None, packages_skip_by_dep=None, packages_skip_up_to=None, packages_select_build_failed=False, packages_skip_build_finished=False, packages_select_test_failures=False, packages_skip_test_passed=False, packages_select=None, packages_skip=None, packages_select_regex=None, packages_skip_regex=None, packages_start=None, packages_end=None, allow_overriding=[], cmake_args=None, cmake_target=None, cmake_target_skip_unavailable=False, cmake_clean_cache=False, cmake_clean_first=False, cmake_force_configure=False, ament_cmake_args=None, catkin_cmake_args=None, catkin_skip_building_tests=False, mixin_files=None, mixin=None, verb_parser=<colcon_mixin.mixin.mixin_argument.MixinArgumentDecorator object at 0x7b45c2a68ac0>, verb_extension=<colcon_core.verb.build.BuildVerb object at 0x7b45c2a68370>, main=<bound method BuildVerb.main of <colcon_core.verb.build.BuildVerb object at 0x7b45c2a68370>>, mixin_verb=('build',))
[0.195s] Level 1:colcon.colcon_core.package_discovery:discover_packages(colcon_meta) check parameters
[0.195s] Level 1:colcon.colcon_core.package_discovery:discover_packages(recursive) check parameters
[0.195s] Level 1:colcon.colcon_core.package_discovery:discover_packages(ignore) check parameters
[0.195s] Level 1:colcon.colcon_core.package_discovery:discover_packages(path) check parameters
[0.195s] Level 1:colcon.colcon_core.package_discovery:discover_packages(colcon_meta) discover
[0.195s] Level 1:colcon.colcon_core.package_discovery:discover_packages(recursive) discover
[0.195s] INFO:colcon.colcon_core.package_discovery:Crawling recursively for packages in '/home/danielfreer/ros2_ws/src/AntobotRobot'
[0.195s] Level 1:colcon.colcon_core.package_identification:_identify(.) by extensions ['ignore', 'ignore_ament_install']
[0.195s] Level 1:colcon.colcon_core.package_identification:_identify(.) by extension 'ignore'
[0.195s] Level 1:colcon.colcon_core.package_identification:_identify(.) by extension 'ignore_ament_install'
[0.195s] Level 1:colcon.colcon_core.package_identification:_identify(.) by extensions ['colcon_pkg']
[0.195s] Level 1:colcon.colcon_core.package_identification:_identify(.) by extension 'colcon_pkg'
[0.195s] Level 1:colcon.colcon_core.package_identification:_identify(.) by extensions ['colcon_meta']
[0.195s] Level 1:colcon.colcon_core.package_identification:_identify(.) by extension 'colcon_meta'
[0.195s] Level 1:colcon.colcon_core.package_identification:_identify(.) by extensions ['ros']
[0.195s] Level 1:colcon.colcon_core.package_identification:_identify(.) by extension 'ros'
[0.203s] Level 1:colcon.colcon_core.package_identification:_identify(.) by extensions ['cmake', 'python']
[0.203s] Level 1:colcon.colcon_core.package_identification:_identify(.) by extension 'cmake'
[0.203s] Level 1:colcon.colcon_core.package_identification:_identify(.) by extension 'python'
[0.203s] Level 1:colcon.colcon_core.package_identification:_identify(.) by extensions ['python_setup_py']
[0.203s] Level 1:colcon.colcon_core.package_identification:_identify(.) by extension 'python_setup_py'
[0.203s] Level 1:colcon.colcon_core.package_identification:_identify(antobot_control) by extensions ['ignore', 'ignore_ament_install']
[0.203s] Level 1:colcon.colcon_core.package_identification:_identify(antobot_control) by extension 'ignore'
[0.203s] Level 1:colcon.colcon_core.package_identification:_identify(antobot_control) by extension 'ignore_ament_install'
[0.203s] Level 1:colcon.colcon_core.package_identification:_identify(antobot_control) by extensions ['colcon_pkg']
[0.203s] Level 1:colcon.colcon_core.package_identification:_identify(antobot_control) by extension 'colcon_pkg'
[0.203s] Level 1:colcon.colcon_core.package_identification:_identify(antobot_control) by extensions ['colcon_meta']
[0.203s] Level 1:colcon.colcon_core.package_identification:_identify(antobot_control) by extension 'colcon_meta'
[0.203s] Level 1:colcon.colcon_core.package_identification:_identify(antobot_control) by extensions ['ros']
[0.203s] Level 1:colcon.colcon_core.package_identification:_identify(antobot_control) by extension 'ros'
[0.203s] Level 1:colcon.colcon_core.package_identification:_identify(antobot_control) by extensions ['cmake', 'python']
[0.203s] Level 1:colcon.colcon_core.package_identification:_identify(antobot_control) by extension 'cmake'
[0.203s] Level 1:colcon.colcon_core.package_identification:_identify(antobot_control) by extension 'python'
[0.203s] Level 1:colcon.colcon_core.package_identification:_identify(antobot_control) by extensions ['python_setup_py']
[0.203s] Level 1:colcon.colcon_core.package_identification:_identify(antobot_control) by extension 'python_setup_py'
[0.203s] Level 1:colcon.colcon_core.package_identification:_identify(antobot_control_noetic) by extensions ['ignore', 'ignore_ament_install']
[0.203s] Level 1:colcon.colcon_core.package_identification:_identify(antobot_control_noetic) by extension 'ignore'
[0.203s] Level 1:colcon.colcon_core.package_identification:_identify(antobot_control_noetic) by extension 'ignore_ament_install'
[0.204s] Level 1:colcon.colcon_core.package_identification:_identify(antobot_control_noetic) by extensions ['colcon_pkg']
[0.204s] Level 1:colcon.colcon_core.package_identification:_identify(antobot_control_noetic) by extension 'colcon_pkg'
[0.204s] Level 1:colcon.colcon_core.package_identification:_identify(antobot_control_noetic) by extensions ['colcon_meta']
[0.204s] Level 1:colcon.colcon_core.package_identification:_identify(antobot_control_noetic) by extension 'colcon_meta'
[0.204s] Level 1:colcon.colcon_core.package_identification:_identify(antobot_control_noetic) by extensions ['ros']
[0.204s] Level 1:colcon.colcon_core.package_identification:_identify(antobot_control_noetic) by extension 'ros'
[0.206s] DEBUG:colcon.colcon_core.package_identification:Package 'antobot_control_noetic' with type 'ros.catkin' and name 'antobot_control'
[0.206s] Level 1:colcon.colcon_core.package_identification:_identify(antobot_navigation_noetic) by extensions ['ignore', 'ignore_ament_install']
[0.206s] Level 1:colcon.colcon_core.package_identification:_identify(antobot_navigation_noetic) by extension 'ignore'
[0.206s] Level 1:colcon.colcon_core.package_identification:_identify(antobot_navigation_noetic) by extension 'ignore_ament_install'
[0.206s] Level 1:colcon.colcon_core.package_identification:_identify(antobot_navigation_noetic) by extensions ['colcon_pkg']
[0.206s] Level 1:colcon.colcon_core.package_identification:_identify(antobot_navigation_noetic) by extension 'colcon_pkg'
[0.206s] Level 1:colcon.colcon_core.package_identification:_identify(antobot_navigation_noetic) by extensions ['colcon_meta']
[0.206s] Level 1:colcon.colcon_core.package_identification:_identify(antobot_navigation_noetic) by extension 'colcon_meta'
[0.206s] Level 1:colcon.colcon_core.package_identification:_identify(antobot_navigation_noetic) by extensions ['ros']
[0.206s] Level 1:colcon.colcon_core.package_identification:_identify(antobot_navigation_noetic) by extension 'ros'
[0.206s] DEBUG:colcon.colcon_core.package_identification:Package 'antobot_navigation_noetic' with type 'ros.catkin' and name 'antobot_navigation'
[0.207s] Level 1:colcon.colcon_core.package_identification:_identify(antobot_robot_monitor_noetic) by extensions ['ignore', 'ignore_ament_install']
[0.207s] Level 1:colcon.colcon_core.package_identification:_identify(antobot_robot_monitor_noetic) by extension 'ignore'
[0.207s] Level 1:colcon.colcon_core.package_identification:_identify(antobot_robot_monitor_noetic) by extension 'ignore_ament_install'
[0.207s] Level 1:colcon.colcon_core.package_identification:_identify(antobot_robot_monitor_noetic) by extensions ['colcon_pkg']
[0.207s] Level 1:colcon.colcon_core.package_identification:_identify(antobot_robot_monitor_noetic) by extension 'colcon_pkg'
[0.207s] Level 1:colcon.colcon_core.package_identification:_identify(antobot_robot_monitor_noetic) by extensions ['colcon_meta']
[0.207s] Level 1:colcon.colcon_core.package_identification:_identify(antobot_robot_monitor_noetic) by extension 'colcon_meta'
[0.207s] Level 1:colcon.colcon_core.package_identification:_identify(antobot_robot_monitor_noetic) by extensions ['ros']
[0.207s] Level 1:colcon.colcon_core.package_identification:_identify(antobot_robot_monitor_noetic) by extension 'ros'
[0.207s] DEBUG:colcon.colcon_core.package_identification:Package 'antobot_robot_monitor_noetic' with type 'ros.catkin' and name 'antobot_robot_monitor'
[0.207s] Level 1:colcon.colcon_core.package_identification:_identify(antobot_safety_noetic) by extensions ['ignore', 'ignore_ament_install']
[0.207s] Level 1:colcon.colcon_core.package_identification:_identify(antobot_safety_noetic) by extension 'ignore'
[0.207s] Level 1:colcon.colcon_core.package_identification:_identify(antobot_safety_noetic) by extension 'ignore_ament_install'
[0.207s] Level 1:colcon.colcon_core.package_identification:_identify(antobot_safety_noetic) by extensions ['colcon_pkg']
[0.208s] Level 1:colcon.colcon_core.package_identification:_identify(antobot_safety_noetic) by extension 'colcon_pkg'
[0.208s] Level 1:colcon.colcon_core.package_identification:_identify(antobot_safety_noetic) by extensions ['colcon_meta']
[0.208s] Level 1:colcon.colcon_core.package_identification:_identify(antobot_safety_noetic) by extension 'colcon_meta'
[0.208s] Level 1:colcon.colcon_core.package_identification:_identify(antobot_safety_noetic) by extensions ['ros']
[0.208s] Level 1:colcon.colcon_core.package_identification:_identify(antobot_safety_noetic) by extension 'ros'
[0.208s] DEBUG:colcon.colcon_core.package_identification:Package 'antobot_safety_noetic' with type 'ros.catkin' and name 'antobot_safety'
[0.208s] Level 1:colcon.colcon_core.package_identification:_identify(antobot_teleop_noetic) by extensions ['ignore', 'ignore_ament_install']
[0.208s] Level 1:colcon.colcon_core.package_identification:_identify(antobot_teleop_noetic) by extension 'ignore'
[0.208s] Level 1:colcon.colcon_core.package_identification:_identify(antobot_teleop_noetic) by extension 'ignore_ament_install'
[0.208s] Level 1:colcon.colcon_core.package_identification:_identify(antobot_teleop_noetic) by extensions ['colcon_pkg']
[0.208s] Level 1:colcon.colcon_core.package_identification:_identify(antobot_teleop_noetic) by extension 'colcon_pkg'
[0.209s] Level 1:colcon.colcon_core.package_identification:_identify(antobot_teleop_noetic) by extensions ['colcon_meta']
[0.209s] Level 1:colcon.colcon_core.package_identification:_identify(antobot_teleop_noetic) by extension 'colcon_meta'
[0.209s] Level 1:colcon.colcon_core.package_identification:_identify(antobot_teleop_noetic) by extensions ['ros']
[0.209s] Level 1:colcon.colcon_core.package_identification:_identify(antobot_teleop_noetic) by extension 'ros'
[0.209s] Level 1:colcon.colcon_core.package_identification:_identify(antobot_teleop_noetic) by extensions ['cmake', 'python']
[0.209s] Level 1:colcon.colcon_core.package_identification:_identify(antobot_teleop_noetic) by extension 'cmake'
[0.209s] Level 1:colcon.colcon_core.package_identification:_identify(antobot_teleop_noetic) by extension 'python'
[0.209s] Level 1:colcon.colcon_core.package_identification:_identify(antobot_teleop_noetic) by extensions ['python_setup_py']
[0.209s] Level 1:colcon.colcon_core.package_identification:_identify(antobot_teleop_noetic) by extension 'python_setup_py'
[0.209s] Level 1:colcon.colcon_core.package_identification:_identify(antobot_teleop_noetic/antobot_tel) by extensions ['ignore', 'ignore_ament_install']
[0.209s] Level 1:colcon.colcon_core.package_identification:_identify(antobot_teleop_noetic/antobot_tel) by extension 'ignore'
[0.209s] Level 1:colcon.colcon_core.package_identification:_identify(antobot_teleop_noetic/antobot_tel) by extension 'ignore_ament_install'
[0.209s] Level 1:colcon.colcon_core.package_identification:_identify(antobot_teleop_noetic/antobot_tel) by extensions ['colcon_pkg']
[0.209s] Level 1:colcon.colcon_core.package_identification:_identify(antobot_teleop_noetic/antobot_tel) by extension 'colcon_pkg'
[0.209s] Level 1:colcon.colcon_core.package_identification:_identify(antobot_teleop_noetic/antobot_tel) by extensions ['colcon_meta']
[0.209s] Level 1:colcon.colcon_core.package_identification:_identify(antobot_teleop_noetic/antobot_tel) by extension 'colcon_meta'
[0.209s] Level 1:colcon.colcon_core.package_identification:_identify(antobot_teleop_noetic/antobot_tel) by extensions ['ros']
[0.209s] Level 1:colcon.colcon_core.package_identification:_identify(antobot_teleop_noetic/antobot_tel) by extension 'ros'
[0.209s] DEBUG:colcon.colcon_core.package_identification:Package 'antobot_teleop_noetic/antobot_tel' with type 'ros.catkin' and name 'antobot_tel'
[0.210s] Level 1:colcon.colcon_core.package_identification:_identify(antobot_teleop_noetic/antobot_tel_joy) by extensions ['ignore', 'ignore_ament_install']
[0.210s] Level 1:colcon.colcon_core.package_identification:_identify(antobot_teleop_noetic/antobot_tel_joy) by extension 'ignore'
[0.210s] Level 1:colcon.colcon_core.package_identification:_identify(antobot_teleop_noetic/antobot_tel_joy) by extension 'ignore_ament_install'
[0.210s] Level 1:colcon.colcon_core.package_identification:_identify(antobot_teleop_noetic/antobot_tel_joy) by extensions ['colcon_pkg']
[0.210s] Level 1:colcon.colcon_core.package_identification:_identify(antobot_teleop_noetic/antobot_tel_joy) by extension 'colcon_pkg'
[0.210s] Level 1:colcon.colcon_core.package_identification:_identify(antobot_teleop_noetic/antobot_tel_joy) by extensions ['colcon_meta']
[0.210s] Level 1:colcon.colcon_core.package_identification:_identify(antobot_teleop_noetic/antobot_tel_joy) by extension 'colcon_meta'
[0.210s] Level 1:colcon.colcon_core.package_identification:_identify(antobot_teleop_noetic/antobot_tel_joy) by extensions ['ros']
[0.210s] Level 1:colcon.colcon_core.package_identification:_identify(antobot_teleop_noetic/antobot_tel_joy) by extension 'ros'
[0.210s] Level 1:colcon.colcon_core.package_identification:_identify(antobot_teleop_noetic/antobot_tel_joy) by extensions ['cmake', 'python']
[0.210s] Level 1:colcon.colcon_core.package_identification:_identify(antobot_teleop_noetic/antobot_tel_joy) by extension 'cmake'
[0.210s] Level 1:colcon.colcon_core.package_identification:_identify(antobot_teleop_noetic/antobot_tel_joy) by extension 'python'
[0.210s] Level 1:colcon.colcon_core.package_identification:_identify(antobot_teleop_noetic/antobot_tel_joy) by extensions ['python_setup_py']
[0.210s] Level 1:colcon.colcon_core.package_identification:_identify(antobot_teleop_noetic/antobot_tel_joy) by extension 'python_setup_py'
[0.210s] Level 1:colcon.colcon_core.package_identification:_identify(antobot_teleop_noetic/antobot_tel_joy/antobot_joystick_teleop) by extensions ['ignore', 'ignore_ament_install']
[0.210s] Level 1:colcon.colcon_core.package_identification:_identify(antobot_teleop_noetic/antobot_tel_joy/antobot_joystick_teleop) by extension 'ignore'
[0.210s] Level 1:colcon.colcon_core.package_identification:_identify(antobot_teleop_noetic/antobot_tel_joy/antobot_joystick_teleop) by extension 'ignore_ament_install'
[0.210s] Level 1:colcon.colcon_core.package_identification:_identify(antobot_teleop_noetic/antobot_tel_joy/antobot_joystick_teleop) by extensions ['colcon_pkg']
[0.210s] Level 1:colcon.colcon_core.package_identification:_identify(antobot_teleop_noetic/antobot_tel_joy/antobot_joystick_teleop) by extension 'colcon_pkg'
[0.210s] Level 1:colcon.colcon_core.package_identification:_identify(antobot_teleop_noetic/antobot_tel_joy/antobot_joystick_teleop) by extensions ['colcon_meta']
[0.210s] Level 1:colcon.colcon_core.package_identification:_identify(antobot_teleop_noetic/antobot_tel_joy/antobot_joystick_teleop) by extension 'colcon_meta'
[0.210s] Level 1:colcon.colcon_core.package_identification:_identify(antobot_teleop_noetic/antobot_tel_joy/antobot_joystick_teleop) by extensions ['ros']
[0.210s] Level 1:colcon.colcon_core.package_identification:_identify(antobot_teleop_noetic/antobot_tel_joy/antobot_joystick_teleop) by extension 'ros'
[0.211s] DEBUG:colcon.colcon_core.package_identification:Package 'antobot_teleop_noetic/antobot_tel_joy/antobot_joystick_teleop' with type 'ros.catkin' and name 'antobot_joystick_teleop'
[0.211s] Level 1:colcon.colcon_core.package_identification:_identify(antobot_teleop_noetic/antobot_tel_key) by extensions ['ignore', 'ignore_ament_install']
[0.211s] Level 1:colcon.colcon_core.package_identification:_identify(antobot_teleop_noetic/antobot_tel_key) by extension 'ignore'
[0.211s] Level 1:colcon.colcon_core.package_identification:_identify(antobot_teleop_noetic/antobot_tel_key) by extension 'ignore_ament_install'
[0.211s] Level 1:colcon.colcon_core.package_identification:_identify(antobot_teleop_noetic/antobot_tel_key) by extensions ['colcon_pkg']
[0.211s] Level 1:colcon.colcon_core.package_identification:_identify(antobot_teleop_noetic/antobot_tel_key) by extension 'colcon_pkg'
[0.211s] Level 1:colcon.colcon_core.package_identification:_identify(antobot_teleop_noetic/antobot_tel_key) by extensions ['colcon_meta']
[0.211s] Level 1:colcon.colcon_core.package_identification:_identify(antobot_teleop_noetic/antobot_tel_key) by extension 'colcon_meta'
[0.211s] Level 1:colcon.colcon_core.package_identification:_identify(antobot_teleop_noetic/antobot_tel_key) by extensions ['ros']
[0.211s] Level 1:colcon.colcon_core.package_identification:_identify(antobot_teleop_noetic/antobot_tel_key) by extension 'ros'
[0.212s] DEBUG:colcon.colcon_core.package_identification:Package 'antobot_teleop_noetic/antobot_tel_key' with type 'ros.catkin' and name 'antobot_tel_key'
[0.212s] Level 1:colcon.colcon_core.package_identification:_identify(build) by extensions ['ignore', 'ignore_ament_install']
[0.212s] Level 1:colcon.colcon_core.package_identification:_identify(build) by extension 'ignore'
[0.212s] Level 1:colcon.colcon_core.package_identification:_identify(build) ignored
[0.212s] Level 1:colcon.colcon_core.package_identification:_identify(install) by extensions ['ignore', 'ignore_ament_install']
[0.212s] Level 1:colcon.colcon_core.package_identification:_identify(install) by extension 'ignore'
[0.212s] Level 1:colcon.colcon_core.package_identification:_identify(install) ignored
[0.212s] Level 1:colcon.colcon_core.package_identification:_identify(log) by extensions ['ignore', 'ignore_ament_install']
[0.212s] Level 1:colcon.colcon_core.package_identification:_identify(log) by extension 'ignore'
[0.212s] Level 1:colcon.colcon_core.package_identification:_identify(log) ignored
[0.212s] Level 1:colcon.colcon_core.package_discovery:discover_packages(recursive) using defaults
[0.212s] Level 1:colcon.colcon_core.package_discovery:discover_packages(ignore) discover
[0.212s] Level 1:colcon.colcon_core.package_discovery:discover_packages(ignore) using defaults
[0.212s] Level 1:colcon.colcon_core.package_discovery:discover_packages(path) discover
[0.212s] Level 1:colcon.colcon_core.package_discovery:discover_packages(path) using defaults
[0.231s] INFO:colcon.colcon_core.package_selection:Skipping package 'antobot_tel_key' in 'antobot_teleop_noetic/antobot_tel_key'
[0.231s] INFO:colcon.colcon_core.package_selection:Skipping package 'antobot_tel' in 'antobot_teleop_noetic/antobot_tel'
[0.231s] INFO:colcon.colcon_core.package_selection:Skipping package 'antobot_safety' in 'antobot_safety_noetic'
[0.231s] INFO:colcon.colcon_core.package_selection:Skipping package 'antobot_robot_monitor' in 'antobot_robot_monitor_noetic'
[0.231s] INFO:colcon.colcon_core.package_selection:Skipping package 'antobot_navigation' in 'antobot_navigation_noetic'
[0.231s] INFO:colcon.colcon_core.package_selection:Skipping package 'antobot_joystick_teleop' in 'antobot_teleop_noetic/antobot_tel_joy/antobot_joystick_teleop'
[0.232s] Level 1:colcon.colcon_core.package_discovery:discover_packages(prefix_path) check parameters
[0.232s] Level 1:colcon.colcon_core.package_discovery:discover_packages(prefix_path) discover
[0.233s] DEBUG:colcon.colcon_installed_package_information.package_discovery:Found 295 installed packages in /opt/ros/humble
[0.234s] Level 1:colcon.colcon_core.package_discovery:discover_packages(prefix_path) using defaults
[0.263s] Level 5:colcon.colcon_core.verb:set package 'antobot_control' build argument 'cmake_args' from command line to 'None'
[0.263s] Level 5:colcon.colcon_core.verb:set package 'antobot_control' build argument 'cmake_target' from command line to 'None'
[0.263s] Level 5:colcon.colcon_core.verb:set package 'antobot_control' build argument 'cmake_target_skip_unavailable' from command line to 'False'
[0.263s] Level 5:colcon.colcon_core.verb:set package 'antobot_control' build argument 'cmake_clean_cache' from command line to 'False'
[0.263s] Level 5:colcon.colcon_core.verb:set package 'antobot_control' build argument 'cmake_clean_first' from command line to 'False'
[0.263s] Level 5:colcon.colcon_core.verb:set package 'antobot_control' build argument 'cmake_force_configure' from command line to 'False'
[0.263s] Level 5:colcon.colcon_core.verb:set package 'antobot_control' build argument 'ament_cmake_args' from command line to 'None'
[0.263s] Level 5:colcon.colcon_core.verb:set package 'antobot_control' build argument 'catkin_cmake_args' from command line to 'None'
[0.263s] Level 5:colcon.colcon_core.verb:set package 'antobot_control' build argument 'catkin_skip_building_tests' from command line to 'False'
[0.263s] DEBUG:colcon.colcon_core.verb:Building package 'antobot_control' with the following arguments: {'ament_cmake_args': None, 'build_base': '/home/danielfreer/ros2_ws/src/AntobotRobot/build/antobot_control', 'catkin_cmake_args': None, 'catkin_skip_building_tests': False, 'cmake_args': None, 'cmake_clean_cache': False, 'cmake_clean_first': False, 'cmake_force_configure': False, 'cmake_target': None, 'cmake_target_skip_unavailable': False, 'install_base': '/home/danielfreer/ros2_ws/src/AntobotRobot/install/antobot_control', 'merge_install': False, 'path': '/home/danielfreer/ros2_ws/src/AntobotRobot/antobot_control_noetic', 'symlink_install': False, 'test_result_base': None}
[0.263s] INFO:colcon.colcon_core.executor:Executing jobs using 'parallel' executor
[0.264s] DEBUG:colcon.colcon_parallel_executor.executor.parallel:run_until_complete
[0.264s] INFO:colcon.colcon_ros.task.catkin.build:Building ROS package in '/home/danielfreer/ros2_ws/src/AntobotRobot/antobot_control_noetic' with build type 'catkin'
[0.264s] INFO:colcon.colcon_cmake.task.cmake.build:Building CMake package in '/home/danielfreer/ros2_ws/src/AntobotRobot/antobot_control_noetic'
[0.266s] INFO:colcon.colcon_core.plugin_system:Skipping extension 'colcon_core.shell.bat': Not used on non-Windows systems
[0.266s] INFO:colcon.colcon_core.shell:Skip shell extension 'powershell' for command environment: Not usable outside of PowerShell
[0.266s] DEBUG:colcon.colcon_core.shell:Skip shell extension 'dsv' for command environment
[0.271s] DEBUG:colcon.colcon_core.event_handler.log_command:Invoking command in '/home/danielfreer/ros2_ws/src/AntobotRobot/build/antobot_control': /usr/bin/cmake /home/danielfreer/ros2_ws/src/AntobotRobot/antobot_control_noetic -DCATKIN_INSTALL_INTO_PREFIX_ROOT=0 -DCMAKE_INSTALL_PREFIX=/home/danielfreer/ros2_ws/src/AntobotRobot/install/antobot_control
[0.484s] DEBUG:colcon.colcon_core.event_handler.log_command:Invoked command in '/home/danielfreer/ros2_ws/src/AntobotRobot/build/antobot_control' returned '1': /usr/bin/cmake /home/danielfreer/ros2_ws/src/AntobotRobot/antobot_control_noetic -DCATKIN_INSTALL_INTO_PREFIX_ROOT=0 -DCMAKE_INSTALL_PREFIX=/home/danielfreer/ros2_ws/src/AntobotRobot/install/antobot_control
[0.492s] Level 1:colcon.colcon_core.environment:create_environment_scripts_only(antobot_control)
[0.493s] Level 1:colcon.colcon_core.environment:checking '/home/danielfreer/ros2_ws/src/AntobotRobot/install/antobot_control' for CMake module files
[0.493s] Level 1:colcon.colcon_core.environment:checking '/home/danielfreer/ros2_ws/src/AntobotRobot/install/antobot_control' for CMake config files
[0.494s] Level 1:colcon.colcon_core.environment:checking '/home/danielfreer/ros2_ws/src/AntobotRobot/install/antobot_control/bin'
[0.494s] Level 1:colcon.colcon_core.environment:checking '/home/danielfreer/ros2_ws/src/AntobotRobot/install/antobot_control/lib/pkgconfig/antobot_control.pc'
[0.494s] Level 1:colcon.colcon_core.environment:checking '/home/danielfreer/ros2_ws/src/AntobotRobot/install/antobot_control/lib/python3.10/site-packages'
[0.494s] Level 1:colcon.colcon_core.environment:checking '/home/danielfreer/ros2_ws/src/AntobotRobot/install/antobot_control/bin'
[0.494s] INFO:colcon.colcon_core.shell:Creating package script '/home/danielfreer/ros2_ws/src/AntobotRobot/install/antobot_control/share/antobot_control/package.ps1'
[0.495s] INFO:colcon.colcon_core.shell:Creating package descriptor '/home/danielfreer/ros2_ws/src/AntobotRobot/install/antobot_control/share/antobot_control/package.dsv'
[0.495s] INFO:colcon.colcon_core.shell:Creating package script '/home/danielfreer/ros2_ws/src/AntobotRobot/install/antobot_control/share/antobot_control/package.sh'
[0.496s] INFO:colcon.colcon_core.shell:Creating package script '/home/danielfreer/ros2_ws/src/AntobotRobot/install/antobot_control/share/antobot_control/package.bash'
[0.496s] INFO:colcon.colcon_core.shell:Creating package script '/home/danielfreer/ros2_ws/src/AntobotRobot/install/antobot_control/share/antobot_control/package.zsh'
[0.496s] Level 1:colcon.colcon_core.environment:create_file_with_runtime_dependencies(/home/danielfreer/ros2_ws/src/AntobotRobot/install/antobot_control/share/colcon-core/packages/antobot_control)
[0.507s] DEBUG:colcon.colcon_parallel_executor.executor.parallel:closing loop
[0.507s] DEBUG:colcon.colcon_parallel_executor.executor.parallel:loop closed
[0.507s] DEBUG:colcon.colcon_parallel_executor.executor.parallel:run_until_complete finished with '1'
[0.507s] DEBUG:colcon.colcon_core.event_reactor:joining thread
[0.511s] INFO:colcon.colcon_core.plugin_system:Skipping extension 'colcon_notification.desktop_notification.terminal_notifier': Not used on non-Darwin systems
[0.511s] INFO:colcon.colcon_core.plugin_system:Skipping extension 'colcon_notification.desktop_notification.win32': Not used on non-Windows systems
[0.511s] INFO:colcon.colcon_notification.desktop_notification:Sending desktop notification using 'notify2'
[0.520s] DEBUG:colcon.colcon_core.event_reactor:joined thread
[0.520s] INFO:colcon.colcon_core.shell:Creating prefix script '/home/danielfreer/ros2_ws/src/AntobotRobot/install/local_setup.ps1'
[0.521s] INFO:colcon.colcon_core.shell:Creating prefix util module '/home/danielfreer/ros2_ws/src/AntobotRobot/install/_local_setup_util_ps1.py'
[0.523s] INFO:colcon.colcon_core.shell:Creating prefix chain script '/home/danielfreer/ros2_ws/src/AntobotRobot/install/setup.ps1'
[0.523s] INFO:colcon.colcon_core.shell:Creating prefix script '/home/danielfreer/ros2_ws/src/AntobotRobot/install/local_setup.sh'
[0.524s] INFO:colcon.colcon_core.shell:Creating prefix util module '/home/danielfreer/ros2_ws/src/AntobotRobot/install/_local_setup_util_sh.py'
[0.524s] INFO:colcon.colcon_core.shell:Creating prefix chain script '/home/danielfreer/ros2_ws/src/AntobotRobot/install/setup.sh'
[0.525s] INFO:colcon.colcon_core.shell:Creating prefix script '/home/danielfreer/ros2_ws/src/AntobotRobot/install/local_setup.bash'
[0.526s] INFO:colcon.colcon_core.shell:Creating prefix chain script '/home/danielfreer/ros2_ws/src/AntobotRobot/install/setup.bash'
[0.526s] INFO:colcon.colcon_core.shell:Creating prefix script '/home/danielfreer/ros2_ws/src/AntobotRobot/install/local_setup.zsh'
[0.527s] INFO:colcon.colcon_core.shell:Creating prefix chain script '/home/danielfreer/ros2_ws/src/AntobotRobot/install/setup.zsh'
