[0.078s] DEBUG:colcon:Command line arguments: ['/usr/bin/colcon', 'build', '--packages-select', 'antobot_control']
[0.078s] DEBUG:colcon:Parsed command line arguments: Namespace(log_base=None, log_level=None, verb_name='build', build_base='build', install_base='install', merge_install=False, symlink_install=False, test_result_base=None, continue_on_error=False, executor='parallel', parallel_workers=16, event_handlers=None, ignore_user_meta=False, metas=['./colcon.meta'], base_paths=['.'], packages_ignore=None, packages_ignore_regex=None, paths=None, packages_up_to=None, packages_up_to_regex=None, packages_above=None, packages_above_and_dependencies=None, packages_above_depth=None, packages_select_by_dep=None, packages_skip_by_dep=None, packages_skip_up_to=None, packages_select_build_failed=False, packages_skip_build_finished=False, packages_select_test_failures=False, packages_skip_test_passed=False, packages_select=['antobot_control'], packages_skip=None, packages_select_regex=None, packages_skip_regex=None, packages_start=None, packages_end=None, allow_overriding=[], cmake_args=None, cmake_target=None, cmake_target_skip_unavailable=False, cmake_clean_cache=False, cmake_clean_first=False, cmake_force_configure=False, ament_cmake_args=None, catkin_cmake_args=None, catkin_skip_building_tests=False, mixin_files=None, mixin=None, verb_parser=<colcon_mixin.mixin.mixin_argument.MixinArgumentDecorator object at 0x7eda0abd5150>, verb_extension=<colcon_core.verb.build.BuildVerb object at 0x7eda0abd48e0>, main=<bound method BuildVerb.main of <colcon_core.verb.build.BuildVerb object at 0x7eda0abd48e0>>, mixin_verb=('build',))
[0.204s] Level 1:colcon.colcon_core.package_discovery:discover_packages(colcon_meta) check parameters
[0.204s] Level 1:colcon.colcon_core.package_discovery:discover_packages(recursive) check parameters
[0.204s] Level 1:colcon.colcon_core.package_discovery:discover_packages(ignore) check parameters
[0.204s] Level 1:colcon.colcon_core.package_discovery:discover_packages(path) check parameters
[0.204s] Level 1:colcon.colcon_core.package_discovery:discover_packages(colcon_meta) discover
[0.204s] Level 1:colcon.colcon_core.package_discovery:discover_packages(recursive) discover
[0.204s] INFO:colcon.colcon_core.package_discovery:Crawling recursively for packages in '/home/danielfreer/ros2_ws/src/AntobotRobot'
[0.204s] Level 1:colcon.colcon_core.package_identification:_identify(.) by extensions ['ignore', 'ignore_ament_install']
[0.204s] Level 1:colcon.colcon_core.package_identification:_identify(.) by extension 'ignore'
[0.204s] Level 1:colcon.colcon_core.package_identification:_identify(.) by extension 'ignore_ament_install'
[0.204s] Level 1:colcon.colcon_core.package_identification:_identify(.) by extensions ['colcon_pkg']
[0.204s] Level 1:colcon.colcon_core.package_identification:_identify(.) by extension 'colcon_pkg'
[0.204s] Level 1:colcon.colcon_core.package_identification:_identify(.) by extensions ['colcon_meta']
[0.204s] Level 1:colcon.colcon_core.package_identification:_identify(.) by extension 'colcon_meta'
[0.204s] Level 1:colcon.colcon_core.package_identification:_identify(.) by extensions ['ros']
[0.204s] Level 1:colcon.colcon_core.package_identification:_identify(.) by extension 'ros'
[0.212s] Level 1:colcon.colcon_core.package_identification:_identify(.) by extensions ['cmake', 'python']
[0.212s] Level 1:colcon.colcon_core.package_identification:_identify(.) by extension 'cmake'
[0.212s] Level 1:colcon.colcon_core.package_identification:_identify(.) by extension 'python'
[0.212s] Level 1:colcon.colcon_core.package_identification:_identify(.) by extensions ['python_setup_py']
[0.212s] Level 1:colcon.colcon_core.package_identification:_identify(.) by extension 'python_setup_py'
[0.212s] Level 1:colcon.colcon_core.package_identification:_identify(antobot_control) by extensions ['ignore', 'ignore_ament_install']
[0.212s] Level 1:colcon.colcon_core.package_identification:_identify(antobot_control) by extension 'ignore'
[0.212s] Level 1:colcon.colcon_core.package_identification:_identify(antobot_control) by extension 'ignore_ament_install'
[0.212s] Level 1:colcon.colcon_core.package_identification:_identify(antobot_control) by extensions ['colcon_pkg']
[0.212s] Level 1:colcon.colcon_core.package_identification:_identify(antobot_control) by extension 'colcon_pkg'
[0.212s] Level 1:colcon.colcon_core.package_identification:_identify(antobot_control) by extensions ['colcon_meta']
[0.212s] Level 1:colcon.colcon_core.package_identification:_identify(antobot_control) by extension 'colcon_meta'
[0.212s] Level 1:colcon.colcon_core.package_identification:_identify(antobot_control) by extensions ['ros']
[0.212s] Level 1:colcon.colcon_core.package_identification:_identify(antobot_control) by extension 'ros'
[0.214s] DEBUG:colcon.colcon_core.package_identification:Package 'antobot_control' with type 'ros.ament_cmake' and name 'antobot_control'
[0.214s] Level 1:colcon.colcon_core.package_identification:_identify(antobot_control_noetic) by extensions ['ignore', 'ignore_ament_install']
[0.214s] Level 1:colcon.colcon_core.package_identification:_identify(antobot_control_noetic) by extension 'ignore'
[0.214s] Level 1:colcon.colcon_core.package_identification:_identify(antobot_control_noetic) by extension 'ignore_ament_install'
[0.214s] Level 1:colcon.colcon_core.package_identification:_identify(antobot_control_noetic) by extensions ['colcon_pkg']
[0.214s] Level 1:colcon.colcon_core.package_identification:_identify(antobot_control_noetic) by extension 'colcon_pkg'
[0.214s] Level 1:colcon.colcon_core.package_identification:_identify(antobot_control_noetic) by extensions ['colcon_meta']
[0.214s] Level 1:colcon.colcon_core.package_identification:_identify(antobot_control_noetic) by extension 'colcon_meta'
[0.214s] Level 1:colcon.colcon_core.package_identification:_identify(antobot_control_noetic) by extensions ['ros']
[0.215s] Level 1:colcon.colcon_core.package_identification:_identify(antobot_control_noetic) by extension 'ros'
[0.215s] DEBUG:colcon.colcon_core.package_identification:Package 'antobot_control_noetic' with type 'ros.catkin' and name 'antobot_control_noetic'
[0.216s] Level 1:colcon.colcon_core.package_identification:_identify(antobot_navigation_noetic) by extensions ['ignore', 'ignore_ament_install']
[0.216s] Level 1:colcon.colcon_core.package_identification:_identify(antobot_navigation_noetic) by extension 'ignore'
[0.216s] Level 1:colcon.colcon_core.package_identification:_identify(antobot_navigation_noetic) by extension 'ignore_ament_install'
[0.216s] Level 1:colcon.colcon_core.package_identification:_identify(antobot_navigation_noetic) by extensions ['colcon_pkg']
[0.216s] Level 1:colcon.colcon_core.package_identification:_identify(antobot_navigation_noetic) by extension 'colcon_pkg'
[0.216s] Level 1:colcon.colcon_core.package_identification:_identify(antobot_navigation_noetic) by extensions ['colcon_meta']
[0.216s] Level 1:colcon.colcon_core.package_identification:_identify(antobot_navigation_noetic) by extension 'colcon_meta'
[0.216s] Level 1:colcon.colcon_core.package_identification:_identify(antobot_navigation_noetic) by extensions ['ros']
[0.216s] Level 1:colcon.colcon_core.package_identification:_identify(antobot_navigation_noetic) by extension 'ros'
[0.216s] DEBUG:colcon.colcon_core.package_identification:Package 'antobot_navigation_noetic' with type 'ros.catkin' and name 'antobot_navigation'
[0.216s] Level 1:colcon.colcon_core.package_identification:_identify(antobot_robot_monitor_noetic) by extensions ['ignore', 'ignore_ament_install']
[0.216s] Level 1:colcon.colcon_core.package_identification:_identify(antobot_robot_monitor_noetic) by extension 'ignore'
[0.216s] Level 1:colcon.colcon_core.package_identification:_identify(antobot_robot_monitor_noetic) by extension 'ignore_ament_install'
[0.216s] Level 1:colcon.colcon_core.package_identification:_identify(antobot_robot_monitor_noetic) by extensions ['colcon_pkg']
[0.216s] Level 1:colcon.colcon_core.package_identification:_identify(antobot_robot_monitor_noetic) by extension 'colcon_pkg'
[0.216s] Level 1:colcon.colcon_core.package_identification:_identify(antobot_robot_monitor_noetic) by extensions ['colcon_meta']
[0.216s] Level 1:colcon.colcon_core.package_identification:_identify(antobot_robot_monitor_noetic) by extension 'colcon_meta'
[0.216s] Level 1:colcon.colcon_core.package_identification:_identify(antobot_robot_monitor_noetic) by extensions ['ros']
[0.217s] Level 1:colcon.colcon_core.package_identification:_identify(antobot_robot_monitor_noetic) by extension 'ros'
[0.217s] DEBUG:colcon.colcon_core.package_identification:Package 'antobot_robot_monitor_noetic' with type 'ros.catkin' and name 'antobot_robot_monitor'
[0.217s] Level 1:colcon.colcon_core.package_identification:_identify(antobot_safety_noetic) by extensions ['ignore', 'ignore_ament_install']
[0.217s] Level 1:colcon.colcon_core.package_identification:_identify(antobot_safety_noetic) by extension 'ignore'
[0.217s] Level 1:colcon.colcon_core.package_identification:_identify(antobot_safety_noetic) by extension 'ignore_ament_install'
[0.217s] Level 1:colcon.colcon_core.package_identification:_identify(antobot_safety_noetic) by extensions ['colcon_pkg']
[0.217s] Level 1:colcon.colcon_core.package_identification:_identify(antobot_safety_noetic) by extension 'colcon_pkg'
[0.217s] Level 1:colcon.colcon_core.package_identification:_identify(antobot_safety_noetic) by extensions ['colcon_meta']
[0.217s] Level 1:colcon.colcon_core.package_identification:_identify(antobot_safety_noetic) by extension 'colcon_meta'
[0.217s] Level 1:colcon.colcon_core.package_identification:_identify(antobot_safety_noetic) by extensions ['ros']
[0.217s] Level 1:colcon.colcon_core.package_identification:_identify(antobot_safety_noetic) by extension 'ros'
[0.218s] DEBUG:colcon.colcon_core.package_identification:Package 'antobot_safety_noetic' with type 'ros.catkin' and name 'antobot_safety'
[0.218s] Level 1:colcon.colcon_core.package_identification:_identify(antobot_teleop_noetic) by extensions ['ignore', 'ignore_ament_install']
[0.218s] Level 1:colcon.colcon_core.package_identification:_identify(antobot_teleop_noetic) by extension 'ignore'
[0.218s] Level 1:colcon.colcon_core.package_identification:_identify(antobot_teleop_noetic) by extension 'ignore_ament_install'
[0.218s] Level 1:colcon.colcon_core.package_identification:_identify(antobot_teleop_noetic) by extensions ['colcon_pkg']
[0.218s] Level 1:colcon.colcon_core.package_identification:_identify(antobot_teleop_noetic) by extension 'colcon_pkg'
[0.218s] Level 1:colcon.colcon_core.package_identification:_identify(antobot_teleop_noetic) by extensions ['colcon_meta']
[0.218s] Level 1:colcon.colcon_core.package_identification:_identify(antobot_teleop_noetic) by extension 'colcon_meta'
[0.218s] Level 1:colcon.colcon_core.package_identification:_identify(antobot_teleop_noetic) by extensions ['ros']
[0.218s] Level 1:colcon.colcon_core.package_identification:_identify(antobot_teleop_noetic) by extension 'ros'
[0.218s] Level 1:colcon.colcon_core.package_identification:_identify(antobot_teleop_noetic) by extensions ['cmake', 'python']
[0.218s] Level 1:colcon.colcon_core.package_identification:_identify(antobot_teleop_noetic) by extension 'cmake'
[0.218s] Level 1:colcon.colcon_core.package_identification:_identify(antobot_teleop_noetic) by extension 'python'
[0.219s] Level 1:colcon.colcon_core.package_identification:_identify(antobot_teleop_noetic) by extensions ['python_setup_py']
[0.219s] Level 1:colcon.colcon_core.package_identification:_identify(antobot_teleop_noetic) by extension 'python_setup_py'
[0.219s] Level 1:colcon.colcon_core.package_identification:_identify(antobot_teleop_noetic/antobot_tel) by extensions ['ignore', 'ignore_ament_install']
[0.219s] Level 1:colcon.colcon_core.package_identification:_identify(antobot_teleop_noetic/antobot_tel) by extension 'ignore'
[0.219s] Level 1:colcon.colcon_core.package_identification:_identify(antobot_teleop_noetic/antobot_tel) by extension 'ignore_ament_install'
[0.219s] Level 1:colcon.colcon_core.package_identification:_identify(antobot_teleop_noetic/antobot_tel) by extensions ['colcon_pkg']
[0.219s] Level 1:colcon.colcon_core.package_identification:_identify(antobot_teleop_noetic/antobot_tel) by extension 'colcon_pkg'
[0.219s] Level 1:colcon.colcon_core.package_identification:_identify(antobot_teleop_noetic/antobot_tel) by extensions ['colcon_meta']
[0.219s] Level 1:colcon.colcon_core.package_identification:_identify(antobot_teleop_noetic/antobot_tel) by extension 'colcon_meta'
[0.219s] Level 1:colcon.colcon_core.package_identification:_identify(antobot_teleop_noetic/antobot_tel) by extensions ['ros']
[0.219s] Level 1:colcon.colcon_core.package_identification:_identify(antobot_teleop_noetic/antobot_tel) by extension 'ros'
[0.219s] DEBUG:colcon.colcon_core.package_identification:Package 'antobot_teleop_noetic/antobot_tel' with type 'ros.catkin' and name 'antobot_tel'
[0.219s] Level 1:colcon.colcon_core.package_identification:_identify(antobot_teleop_noetic/antobot_tel_joy) by extensions ['ignore', 'ignore_ament_install']
[0.219s] Level 1:colcon.colcon_core.package_identification:_identify(antobot_teleop_noetic/antobot_tel_joy) by extension 'ignore'
[0.220s] Level 1:colcon.colcon_core.package_identification:_identify(antobot_teleop_noetic/antobot_tel_joy) by extension 'ignore_ament_install'
[0.220s] Level 1:colcon.colcon_core.package_identification:_identify(antobot_teleop_noetic/antobot_tel_joy) by extensions ['colcon_pkg']
[0.220s] Level 1:colcon.colcon_core.package_identification:_identify(antobot_teleop_noetic/antobot_tel_joy) by extension 'colcon_pkg'
[0.220s] Level 1:colcon.colcon_core.package_identification:_identify(antobot_teleop_noetic/antobot_tel_joy) by extensions ['colcon_meta']
[0.220s] Level 1:colcon.colcon_core.package_identification:_identify(antobot_teleop_noetic/antobot_tel_joy) by extension 'colcon_meta'
[0.220s] Level 1:colcon.colcon_core.package_identification:_identify(antobot_teleop_noetic/antobot_tel_joy) by extensions ['ros']
[0.220s] Level 1:colcon.colcon_core.package_identification:_identify(antobot_teleop_noetic/antobot_tel_joy) by extension 'ros'
[0.220s] Level 1:colcon.colcon_core.package_identification:_identify(antobot_teleop_noetic/antobot_tel_joy) by extensions ['cmake', 'python']
[0.220s] Level 1:colcon.colcon_core.package_identification:_identify(antobot_teleop_noetic/antobot_tel_joy) by extension 'cmake'
[0.220s] Level 1:colcon.colcon_core.package_identification:_identify(antobot_teleop_noetic/antobot_tel_joy) by extension 'python'
[0.220s] Level 1:colcon.colcon_core.package_identification:_identify(antobot_teleop_noetic/antobot_tel_joy) by extensions ['python_setup_py']
[0.220s] Level 1:colcon.colcon_core.package_identification:_identify(antobot_teleop_noetic/antobot_tel_joy) by extension 'python_setup_py'
[0.220s] Level 1:colcon.colcon_core.package_identification:_identify(antobot_teleop_noetic/antobot_tel_joy/antobot_joystick_teleop) by extensions ['ignore', 'ignore_ament_install']
[0.220s] Level 1:colcon.colcon_core.package_identification:_identify(antobot_teleop_noetic/antobot_tel_joy/antobot_joystick_teleop) by extension 'ignore'
[0.220s] Level 1:colcon.colcon_core.package_identification:_identify(antobot_teleop_noetic/antobot_tel_joy/antobot_joystick_teleop) by extension 'ignore_ament_install'
[0.220s] Level 1:colcon.colcon_core.package_identification:_identify(antobot_teleop_noetic/antobot_tel_joy/antobot_joystick_teleop) by extensions ['colcon_pkg']
[0.220s] Level 1:colcon.colcon_core.package_identification:_identify(antobot_teleop_noetic/antobot_tel_joy/antobot_joystick_teleop) by extension 'colcon_pkg'
[0.220s] Level 1:colcon.colcon_core.package_identification:_identify(antobot_teleop_noetic/antobot_tel_joy/antobot_joystick_teleop) by extensions ['colcon_meta']
[0.220s] Level 1:colcon.colcon_core.package_identification:_identify(antobot_teleop_noetic/antobot_tel_joy/antobot_joystick_teleop) by extension 'colcon_meta'
[0.220s] Level 1:colcon.colcon_core.package_identification:_identify(antobot_teleop_noetic/antobot_tel_joy/antobot_joystick_teleop) by extensions ['ros']
[0.220s] Level 1:colcon.colcon_core.package_identification:_identify(antobot_teleop_noetic/antobot_tel_joy/antobot_joystick_teleop) by extension 'ros'
[0.221s] DEBUG:colcon.colcon_core.package_identification:Package 'antobot_teleop_noetic/antobot_tel_joy/antobot_joystick_teleop' with type 'ros.catkin' and name 'antobot_joystick_teleop'
[0.221s] Level 1:colcon.colcon_core.package_identification:_identify(antobot_teleop_noetic/antobot_tel_key) by extensions ['ignore', 'ignore_ament_install']
[0.221s] Level 1:colcon.colcon_core.package_identification:_identify(antobot_teleop_noetic/antobot_tel_key) by extension 'ignore'
[0.221s] Level 1:colcon.colcon_core.package_identification:_identify(antobot_teleop_noetic/antobot_tel_key) by extension 'ignore_ament_install'
[0.221s] Level 1:colcon.colcon_core.package_identification:_identify(antobot_teleop_noetic/antobot_tel_key) by extensions ['colcon_pkg']
[0.221s] Level 1:colcon.colcon_core.package_identification:_identify(antobot_teleop_noetic/antobot_tel_key) by extension 'colcon_pkg'
[0.221s] Level 1:colcon.colcon_core.package_identification:_identify(antobot_teleop_noetic/antobot_tel_key) by extensions ['colcon_meta']
[0.221s] Level 1:colcon.colcon_core.package_identification:_identify(antobot_teleop_noetic/antobot_tel_key) by extension 'colcon_meta'
[0.221s] Level 1:colcon.colcon_core.package_identification:_identify(antobot_teleop_noetic/antobot_tel_key) by extensions ['ros']
[0.221s] Level 1:colcon.colcon_core.package_identification:_identify(antobot_teleop_noetic/antobot_tel_key) by extension 'ros'
[0.222s] DEBUG:colcon.colcon_core.package_identification:Package 'antobot_teleop_noetic/antobot_tel_key' with type 'ros.catkin' and name 'antobot_tel_key'
[0.222s] Level 1:colcon.colcon_core.package_identification:_identify(build) by extensions ['ignore', 'ignore_ament_install']
[0.222s] Level 1:colcon.colcon_core.package_identification:_identify(build) by extension 'ignore'
[0.222s] Level 1:colcon.colcon_core.package_identification:_identify(build) ignored
[0.222s] Level 1:colcon.colcon_core.package_identification:_identify(install) by extensions ['ignore', 'ignore_ament_install']
[0.222s] Level 1:colcon.colcon_core.package_identification:_identify(install) by extension 'ignore'
[0.222s] Level 1:colcon.colcon_core.package_identification:_identify(install) ignored
[0.222s] Level 1:colcon.colcon_core.package_identification:_identify(log) by extensions ['ignore', 'ignore_ament_install']
[0.222s] Level 1:colcon.colcon_core.package_identification:_identify(log) by extension 'ignore'
[0.222s] Level 1:colcon.colcon_core.package_identification:_identify(log) ignored
[0.222s] Level 1:colcon.colcon_core.package_discovery:discover_packages(recursive) using defaults
[0.222s] Level 1:colcon.colcon_core.package_discovery:discover_packages(ignore) discover
[0.222s] Level 1:colcon.colcon_core.package_discovery:discover_packages(ignore) using defaults
[0.222s] Level 1:colcon.colcon_core.package_discovery:discover_packages(path) discover
[0.222s] Level 1:colcon.colcon_core.package_discovery:discover_packages(path) using defaults
[0.242s] INFO:colcon.colcon_core.package_selection:Skipping not selected package 'antobot_control_noetic' in 'antobot_control_noetic'
[0.242s] INFO:colcon.colcon_core.package_selection:Skipping not selected package 'antobot_joystick_teleop' in 'antobot_teleop_noetic/antobot_tel_joy/antobot_joystick_teleop'
[0.242s] INFO:colcon.colcon_core.package_selection:Skipping not selected package 'antobot_navigation' in 'antobot_navigation_noetic'
[0.242s] INFO:colcon.colcon_core.package_selection:Skipping not selected package 'antobot_robot_monitor' in 'antobot_robot_monitor_noetic'
[0.242s] INFO:colcon.colcon_core.package_selection:Skipping not selected package 'antobot_safety' in 'antobot_safety_noetic'
[0.242s] INFO:colcon.colcon_core.package_selection:Skipping not selected package 'antobot_tel' in 'antobot_teleop_noetic/antobot_tel'
[0.242s] INFO:colcon.colcon_core.package_selection:Skipping not selected package 'antobot_tel_key' in 'antobot_teleop_noetic/antobot_tel_key'
[0.242s] Level 1:colcon.colcon_core.package_discovery:discover_packages(prefix_path) check parameters
[0.242s] Level 1:colcon.colcon_core.package_discovery:discover_packages(prefix_path) discover
[0.244s] DEBUG:colcon.colcon_installed_package_information.package_discovery:Found 329 installed packages in /opt/ros/humble
[0.245s] Level 1:colcon.colcon_core.package_discovery:discover_packages(prefix_path) using defaults
[0.277s] Level 5:colcon.colcon_core.verb:set package 'antobot_control' build argument 'cmake_args' from command line to 'None'
[0.277s] Level 5:colcon.colcon_core.verb:set package 'antobot_control' build argument 'cmake_target' from command line to 'None'
[0.277s] Level 5:colcon.colcon_core.verb:set package 'antobot_control' build argument 'cmake_target_skip_unavailable' from command line to 'False'
[0.277s] Level 5:colcon.colcon_core.verb:set package 'antobot_control' build argument 'cmake_clean_cache' from command line to 'False'
[0.277s] Level 5:colcon.colcon_core.verb:set package 'antobot_control' build argument 'cmake_clean_first' from command line to 'False'
[0.277s] Level 5:colcon.colcon_core.verb:set package 'antobot_control' build argument 'cmake_force_configure' from command line to 'False'
[0.277s] Level 5:colcon.colcon_core.verb:set package 'antobot_control' build argument 'ament_cmake_args' from command line to 'None'
[0.277s] Level 5:colcon.colcon_core.verb:set package 'antobot_control' build argument 'catkin_cmake_args' from command line to 'None'
[0.277s] Level 5:colcon.colcon_core.verb:set package 'antobot_control' build argument 'catkin_skip_building_tests' from command line to 'False'
[0.277s] DEBUG:colcon.colcon_core.verb:Building package 'antobot_control' with the following arguments: {'ament_cmake_args': None, 'build_base': '/home/danielfreer/ros2_ws/src/AntobotRobot/build/antobot_control', 'catkin_cmake_args': None, 'catkin_skip_building_tests': False, 'cmake_args': None, 'cmake_clean_cache': False, 'cmake_clean_first': False, 'cmake_force_configure': False, 'cmake_target': None, 'cmake_target_skip_unavailable': False, 'install_base': '/home/danielfreer/ros2_ws/src/AntobotRobot/install/antobot_control', 'merge_install': False, 'path': '/home/danielfreer/ros2_ws/src/AntobotRobot/antobot_control', 'symlink_install': False, 'test_result_base': None}
[0.277s] INFO:colcon.colcon_core.executor:Executing jobs using 'parallel' executor
[0.278s] DEBUG:colcon.colcon_parallel_executor.executor.parallel:run_until_complete
[0.278s] INFO:colcon.colcon_ros.task.ament_cmake.build:Building ROS package in '/home/danielfreer/ros2_ws/src/AntobotRobot/antobot_control' with build type 'ament_cmake'
[0.278s] INFO:colcon.colcon_cmake.task.cmake.build:Building CMake package in '/home/danielfreer/ros2_ws/src/AntobotRobot/antobot_control'
[0.280s] INFO:colcon.colcon_core.plugin_system:Skipping extension 'colcon_core.shell.bat': Not used on non-Windows systems
[0.280s] INFO:colcon.colcon_core.shell:Skip shell extension 'powershell' for command environment: Not usable outside of PowerShell
[0.280s] DEBUG:colcon.colcon_core.shell:Skip shell extension 'dsv' for command environment
[0.286s] DEBUG:colcon.colcon_core.event_handler.log_command:Invoking command in '/home/danielfreer/ros2_ws/src/AntobotRobot/build/antobot_control': CMAKE_PREFIX_PATH=/opt/ros/humble /usr/bin/cmake --build /home/danielfreer/ros2_ws/src/AntobotRobot/build/antobot_control -- -j16 -l16
[2.449s] DEBUG:colcon.colcon_core.event_handler.log_command:Invoked command in '/home/danielfreer/ros2_ws/src/AntobotRobot/build/antobot_control' returned '2': CMAKE_PREFIX_PATH=/opt/ros/humble /usr/bin/cmake --build /home/danielfreer/ros2_ws/src/AntobotRobot/build/antobot_control -- -j16 -l16
[2.450s] Level 1:colcon.colcon_core.environment:create_environment_scripts_only(antobot_control)
[2.451s] Level 1:colcon.colcon_core.environment:checking '/home/danielfreer/ros2_ws/src/AntobotRobot/install/antobot_control' for CMake module files
[2.451s] Level 1:colcon.colcon_core.environment:checking '/home/danielfreer/ros2_ws/src/AntobotRobot/install/antobot_control' for CMake config files
[2.452s] Level 1:colcon.colcon_core.environment:checking '/home/danielfreer/ros2_ws/src/AntobotRobot/install/antobot_control/bin'
[2.452s] Level 1:colcon.colcon_core.environment:checking '/home/danielfreer/ros2_ws/src/AntobotRobot/install/antobot_control/lib/pkgconfig/antobot_control.pc'
[2.452s] Level 1:colcon.colcon_core.environment:checking '/home/danielfreer/ros2_ws/src/AntobotRobot/install/antobot_control/lib/python3.10/site-packages'
[2.452s] Level 1:colcon.colcon_core.environment:checking '/home/danielfreer/ros2_ws/src/AntobotRobot/install/antobot_control/bin'
[2.452s] INFO:colcon.colcon_core.shell:Creating package script '/home/danielfreer/ros2_ws/src/AntobotRobot/install/antobot_control/share/antobot_control/package.ps1'
[2.453s] INFO:colcon.colcon_core.shell:Creating package descriptor '/home/danielfreer/ros2_ws/src/AntobotRobot/install/antobot_control/share/antobot_control/package.dsv'
[2.453s] INFO:colcon.colcon_core.shell:Creating package script '/home/danielfreer/ros2_ws/src/AntobotRobot/install/antobot_control/share/antobot_control/package.sh'
[2.454s] INFO:colcon.colcon_core.shell:Creating package script '/home/danielfreer/ros2_ws/src/AntobotRobot/install/antobot_control/share/antobot_control/package.bash'
[2.454s] INFO:colcon.colcon_core.shell:Creating package script '/home/danielfreer/ros2_ws/src/AntobotRobot/install/antobot_control/share/antobot_control/package.zsh'
[2.455s] Level 1:colcon.colcon_core.environment:create_file_with_runtime_dependencies(/home/danielfreer/ros2_ws/src/AntobotRobot/install/antobot_control/share/colcon-core/packages/antobot_control)
[2.455s] DEBUG:colcon.colcon_parallel_executor.executor.parallel:closing loop
[2.456s] DEBUG:colcon.colcon_parallel_executor.executor.parallel:loop closed
[2.456s] DEBUG:colcon.colcon_parallel_executor.executor.parallel:run_until_complete finished with '2'
[2.456s] DEBUG:colcon.colcon_core.event_reactor:joining thread
[2.460s] INFO:colcon.colcon_core.plugin_system:Skipping extension 'colcon_notification.desktop_notification.terminal_notifier': Not used on non-Darwin systems
[2.460s] INFO:colcon.colcon_core.plugin_system:Skipping extension 'colcon_notification.desktop_notification.win32': Not used on non-Windows systems
[2.460s] INFO:colcon.colcon_notification.desktop_notification:Sending desktop notification using 'notify2'
[2.471s] DEBUG:colcon.colcon_core.event_reactor:joined thread
[2.471s] INFO:colcon.colcon_core.shell:Creating prefix script '/home/danielfreer/ros2_ws/src/AntobotRobot/install/local_setup.ps1'
[2.472s] INFO:colcon.colcon_core.shell:Creating prefix util module '/home/danielfreer/ros2_ws/src/AntobotRobot/install/_local_setup_util_ps1.py'
[2.474s] INFO:colcon.colcon_core.shell:Creating prefix chain script '/home/danielfreer/ros2_ws/src/AntobotRobot/install/setup.ps1'
[2.475s] INFO:colcon.colcon_core.shell:Creating prefix script '/home/danielfreer/ros2_ws/src/AntobotRobot/install/local_setup.sh'
[2.475s] INFO:colcon.colcon_core.shell:Creating prefix util module '/home/danielfreer/ros2_ws/src/AntobotRobot/install/_local_setup_util_sh.py'
[2.476s] INFO:colcon.colcon_core.shell:Creating prefix chain script '/home/danielfreer/ros2_ws/src/AntobotRobot/install/setup.sh'
[2.476s] INFO:colcon.colcon_core.shell:Creating prefix script '/home/danielfreer/ros2_ws/src/AntobotRobot/install/local_setup.bash'
[2.477s] INFO:colcon.colcon_core.shell:Creating prefix chain script '/home/danielfreer/ros2_ws/src/AntobotRobot/install/setup.bash'
[2.477s] INFO:colcon.colcon_core.shell:Creating prefix script '/home/danielfreer/ros2_ws/src/AntobotRobot/install/local_setup.zsh'
[2.478s] INFO:colcon.colcon_core.shell:Creating prefix chain script '/home/danielfreer/ros2_ws/src/AntobotRobot/install/setup.zsh'
